[7/19/2019, 9:40:53 AM] Request received on: /program/7
[7/19/2019, 9:40:54 AM] Request received on: /program/7
[7/19/2019, 9:41:03 AM] Request received on: /program/7
[7/19/2019, 9:41:05 AM] Request received on: /program/7
[7/19/2019, 9:41:08 AM] Request received on: /program/8
[7/19/2019, 9:41:10 AM] Request received on: /program/8
[7/19/2019, 9:41:14 AM] Request received on: /program/8
[7/19/2019, 9:41:17 AM] Request received on: /program/8
[7/19/2019, 9:41:23 AM] Request received on: /program/8
[7/19/2019, 9:41:32 AM] Request received on: /program/8
[7/19/2019, 9:42:47 AM] Request received on: /program/8
[7/19/2019, 9:43:47 AM] Request received on: /program/8
[7/19/2019, 9:43:49 AM] Request received on: /program/8
[7/19/2019, 9:47:36 AM] Request received on: /career/19-4021.00
[7/19/2019, 9:47:47 AM] Request received on: /career/19-4021.00
[7/19/2019, 9:49:45 AM] Request received on: /career/19-4021.00
[7/19/2019, 9:49:46 AM] Request received on: /career/19-4021.00
[7/19/2019, 9:49:55 AM] Request received on: /career/19-4021.00
[7/19/2019, 9:50:05 AM] Request received on: /career/19-4021.00
[7/19/2019, 9:52:42 AM] Request received on: /career/19-4021.00
[7/19/2019, 9:53:01 AM] Request received on: /career/19-4021.00
[7/19/2019, 9:53:35 AM] Request received on: /career/19-4021.00
[7/19/2019, 9:53:35 AM] Request received on: /career/19-4021.00
[7/19/2019, 9:55:35 AM] Request received on: /career/19-4021.00
[7/19/2019, 9:57:24 AM] Request received on: /career/19-4021.00
[7/19/2019, 9:57:24 AM] Request received on: /career/19-4021.00
[7/19/2019, 9:57:25 AM] Request received on: /career/19-4021.00
[7/19/2019, 9:57:51 AM] Request received on: /career/19-4021.00
[7/19/2019, 9:58:04 AM] Request received on: /career/19-4021.00
[7/19/2019, 9:58:12 AM] Request received on: /career/19-4021.00
[7/19/2019, 9:59:49 AM] Request received on: /career/19-4021.00
[7/19/2019, 9:59:49 AM] Request received on: /career/19-4021.00
[7/19/2019, 9:59:57 AM] Request received on: /career/19-4021.00
[7/19/2019, 10:00:07 AM] Request received on: /career/19-4021.00
[7/19/2019, 10:00:08 AM] Request received on: /career/19-4021.00
[7/19/2019, 10:03:13 AM] Request received on: /career/19-4021.00
[7/19/2019, 10:04:32 AM] Request received on: /career/19-4021.00
[7/19/2019, 10:04:39 AM] Request received on: /career/19-4021.00
[7/19/2019, 10:05:14 AM] Request received on: /career/19-4021.00
[7/19/2019, 10:05:57 AM] Request received on: /career/19-4021.00
[7/19/2019, 10:06:06 AM] Request received on: /career/25-1042.00
[7/19/2019, 10:06:18 AM] Request received on: /career/19-1020.01
[7/19/2019, 10:08:43 AM] Request received on: /career/19-1020.01
[7/19/2019, 10:08:48 AM] Request received on: /career/25-1042.00
[7/19/2019, 10:08:57 AM] Request received on: /program/8
[7/19/2019, 10:09:08 AM] Request received on: /program/8
[7/19/2019, 10:09:23 AM] Request received on: /program/8
[7/19/2019, 10:10:13 AM] Request received on: /program/8
[7/19/2019, 10:10:23 AM] Request received on: /program/8
[7/19/2019, 10:10:36 AM] Request received on: /program/8
[7/19/2019, 10:10:45 AM] Request received on: /career/19-1029.01
[7/19/2019, 10:11:37 AM] Request received on: /program/8
[7/19/2019, 10:11:42 AM] Request received on: /career/19-1029.01
[7/19/2019, 10:13:34 AM] Request received on: /program/8
[7/19/2019, 10:13:50 AM] Request received on: /program/8
[7/19/2019, 10:13:57 AM] Request received on: /program/8
[7/19/2019, 10:14:10 AM] Request received on: /program/8
[7/19/2019, 10:14:15 AM] Request received on: /program/8
[7/19/2019, 10:14:18 AM] Request received on: /program/8
[7/19/2019, 10:14:28 AM] Request received on: /program/8
[7/19/2019, 10:14:32 AM] Request received on: /program/8
[7/19/2019, 10:14:50 AM] Request received on: /program/8
[7/19/2019, 10:15:22 AM] Request received on: /program/8
[7/19/2019, 10:15:27 AM] Request received on: /program/8
[7/19/2019, 10:15:50 AM] Request received on: /program/8
[7/19/2019, 10:16:02 AM] Request received on: /program/8
[7/19/2019, 10:16:03 AM] Request received on: /career/19-1029.03
[7/19/2019, 10:16:06 AM] Request received on: /career/19-1042.00
[7/19/2019, 10:16:25 AM] Request received on: /career/19-1042.00
[7/19/2019, 10:16:54 AM] Request received on: /career/19-1042.00
[7/19/2019, 10:18:09 AM] Request received on: /program/9
[7/19/2019, 10:18:47 AM] Request received on: /program/9
[7/19/2019, 10:18:49 AM] Request received on: /program/10
[7/19/2019, 10:19:10 AM] Request received on: /program/10
[7/19/2019, 10:19:13 AM] Request received on: /program/11
[7/19/2019, 10:19:14 AM] Request received on: /program/10
[7/19/2019, 10:19:15 AM] Request received on: /program/9
[7/19/2019, 10:19:15 AM] Request received on: /program/8
[7/19/2019, 10:19:15 AM] Request received on: /program/7
[7/19/2019, 10:19:16 AM] Request received on: /program/6
[7/19/2019, 10:19:16 AM] Request received on: /program/5
[7/19/2019, 10:19:17 AM] Request received on: /program/4
[7/19/2019, 10:19:18 AM] Request received on: /program/3
[7/19/2019, 10:19:18 AM] Request received on: /program/2
[7/19/2019, 10:19:19 AM] Request received on: /program/1
[7/19/2019, 10:19:22 AM] Request received on: /program/58
[7/19/2019, 10:19:23 AM] Request received on: /program/1
[7/19/2019, 10:19:32 AM] Request received on: /career/43-3021.02
[7/19/2019, 10:22:31 AM] Request received on: /program/1
[7/19/2019, 10:22:43 AM] Request received on: /program/1
[7/19/2019, 10:23:06 AM] Request received on: /program/1
[7/19/2019, 10:24:16 AM] Request received on: /career/43-3021.02
[7/19/2019, 10:31:22 AM] Request received on: /career/43-3021.02
[7/19/2019, 10:33:12 AM] Request received on: /career/43-3021.02
[7/19/2019, 10:33:23 AM] Request received on: /career/43-3021.02
[7/19/2019, 10:34:24 AM] Request received on: /career/43-3021.02
[7/19/2019, 10:36:25 AM] Request received on: /career/43-3021.02
[7/19/2019, 10:36:45 AM] Request received on: /career/43-3021.02
[7/19/2019, 10:37:08 AM] Request received on: /career/43-3021.02
[7/19/2019, 10:37:12 AM] Request received on: /career/43-3021.02
[7/19/2019, 10:37:23 AM] Request received on: /career/43-3021.02
[7/19/2019, 10:38:49 AM] Request received on: /career/43-3021.02
[7/19/2019, 10:39:04 AM] Request received on: /career/43-3021.02
[7/19/2019, 10:39:17 AM] Request received on: /career/43-3021.02
[7/19/2019, 10:39:34 AM] Request received on: /career/43-3021.02
[7/19/2019, 10:39:45 AM] Request received on: /career/43-3021.02
[7/19/2019, 10:39:57 AM] Request received on: /career/43-3021.02
[7/19/2019, 10:40:07 AM] Request received on: /career/43-3021.02
[7/19/2019, 10:40:28 AM] Request received on: /career/43-3021.02
[7/19/2019, 10:41:08 AM] Request received on: /career/43-3021.02
[7/19/2019, 10:41:15 AM] Request received on: /career/43-3021.02
[7/19/2019, 10:42:07 AM] Request received on: /career/43-3021.02
[7/19/2019, 10:42:15 AM] Request received on: /career/43-3021.02
[7/19/2019, 10:42:21 AM] Request received on: /career/43-3021.02
[7/19/2019, 10:43:16 AM] Request received on: /career/43-3021.02
[7/19/2019, 10:46:17 AM] Request received on: /career/43-3021.02
[7/19/2019, 10:46:19 AM] Request received on: /career/43-3021.02
[7/19/2019, 10:46:46 AM] Request received on: /career/43-3021.02
[7/19/2019, 10:47:58 AM] Request received on: /career/43-3021.02
[7/19/2019, 10:49:54 AM] Request received on: /career/43-3021.02
[7/19/2019, 10:50:20 AM] Request received on: /career/43-3021.02
[7/19/2019, 10:50:29 AM] Request received on: /career/43-3021.02
[7/19/2019, 10:51:43 AM] Request received on: /career/43-3021.02
[7/19/2019, 10:52:21 AM] Request received on: /career/43-3021.02
[7/19/2019, 10:52:59 AM] Request received on: /career/43-3021.02
[7/19/2019, 10:54:22 AM] Request received on: /career/43-3021.02
[7/19/2019, 10:54:32 AM] Request received on: /career/43-3021.02
[7/19/2019, 10:54:44 AM] Request received on: /career/43-3021.02
[7/19/2019, 10:55:46 AM] Request received on: /career/43-3021.02
[7/19/2019, 10:55:54 AM] Request received on: /career/43-3021.02
[7/19/2019, 10:56:17 AM] Request received on: /career/43-3021.02
[7/19/2019, 10:57:00 AM] Request received on: /career/43-3021.02
[7/19/2019, 10:57:17 AM] Request received on: /career/43-3021.02
[7/19/2019, 10:57:41 AM] Request received on: /career/43-3021.02
[7/19/2019, 10:57:52 AM] Request received on: /career/43-3021.02
[7/19/2019, 10:57:56 AM] Request received on: /career/43-3021.01
[7/19/2019, 11:04:24 AM] Request received on: /career/43-3021.01
[7/19/2019, 11:04:30 AM] Request received on: /career/43-3021.01
[7/19/2019, 11:04:34 AM] Request received on: /career/43-3021.01
[7/19/2019, 11:04:35 AM] Request received on: /career/43-3021.01
[7/19/2019, 11:04:42 AM] Request received on: /career/43-3021.01
[7/19/2019, 11:05:12 AM] Request received on: /career/43-3021.01
[7/19/2019, 11:05:19 AM] Request received on: /career/43-3021.01
[7/19/2019, 11:05:52 AM] Request received on: /career/43-3021.01
[7/19/2019, 11:05:59 AM] Request received on: /career/43-3021.01
[7/19/2019, 11:06:01 AM] Request received on: /career/43-3021.01
[7/19/2019, 11:06:23 AM] Request received on: /career/43-3021.01
[7/19/2019, 11:06:41 AM] Request received on: /career/43-3021.01
[7/19/2019, 11:06:59 AM] Request received on: /career/43-3021.01
[7/19/2019, 11:07:12 AM] Request received on: /career/43-3021.01
[7/19/2019, 11:07:18 AM] Request received on: /career/43-3021.01
[7/19/2019, 11:07:54 AM] Request received on: /career/43-3021.01
[7/19/2019, 11:08:55 AM] Request received on: /career/43-3021.01
[7/19/2019, 11:10:18 AM] Request received on: /career/43-3021.01
[7/19/2019, 11:11:01 AM] Request received on: /career/43-3021.01
[7/19/2019, 11:11:05 AM] Request received on: /career/43-3021.01
[7/19/2019, 11:11:07 AM] Request received on: /career/43-3021.01
[7/19/2019, 11:11:24 AM] Request received on: /career/43-3021.01
[7/19/2019, 11:11:29 AM] Request received on: /career/43-3021.01
[7/19/2019, 11:11:44 AM] Request received on: /career/43-3021.01
[7/19/2019, 11:12:37 AM] Request received on: /career/43-3021.01
[7/19/2019, 11:12:54 AM] Request received on: /career/43-3021.01
[7/19/2019, 11:12:58 AM] Request received on: /career/43-3021.01
[7/19/2019, 11:13:04 AM] Request received on: /career/43-3021.01
[7/19/2019, 11:13:09 AM] Request received on: /career/43-3021.01
[7/19/2019, 11:13:21 AM] Request received on: /career/43-3021.01
[7/19/2019, 11:13:25 AM] Request received on: /career/43-3021.01
[7/19/2019, 11:13:27 AM] Request received on: /career/43-3021.01
[7/19/2019, 11:13:32 AM] Request received on: /career/43-3021.01
[7/19/2019, 11:14:02 AM] Request received on: /career/43-3021.01
[7/19/2019, 11:14:08 AM] Request received on: /career/43-3021.01
[7/19/2019, 11:14:16 AM] Request received on: /career/43-3021.01
[7/19/2019, 11:14:29 AM] Request received on: /career/43-3021.01
[7/19/2019, 11:14:35 AM] Request received on: /career/43-3021.01
[7/19/2019, 11:14:49 AM] Request received on: /career/43-3021.01
[7/19/2019, 11:14:51 AM] Request received on: /career/43-3021.01
[7/19/2019, 11:15:07 AM] Request received on: /career/43-3021.01
[7/19/2019, 11:16:23 AM] Request received on: /career/43-3021.01
[7/19/2019, 11:16:36 AM] Request received on: /career/43-3021.01
[7/19/2019, 11:17:05 AM] Request received on: /career/43-3021.01
[7/19/2019, 11:17:29 AM] Request received on: /career/43-3021.01
[7/19/2019, 11:21:58 AM] Request received on: /career/43-3021.01
[7/19/2019, 11:22:23 AM] Request received on: /career/43-3021.01
[7/19/2019, 11:22:42 AM] Request received on: /career/43-3021.01
[7/19/2019, 11:22:53 AM] Request received on: /career/43-3021.01
[7/19/2019, 11:23:07 AM] Request received on: /career/43-3021.01
[7/19/2019, 11:23:27 AM] Request received on: /career/43-3021.01
[7/19/2019, 11:23:45 AM] Request received on: /career/43-3021.01
[7/19/2019, 11:23:55 AM] Request received on: /career/43-3021.01
[7/19/2019, 11:24:18 AM] Request received on: /career/43-3021.01
[7/19/2019, 11:27:17 AM] Request received on: /career/43-3021.01
[7/19/2019, 11:27:21 AM] Request received on: /career/43-3021.01
[7/19/2019, 11:27:34 AM] Request received on: /career/43-3021.01
[7/19/2019, 11:27:40 AM] Request received on: /career/43-3021.01
[7/19/2019, 11:27:44 AM] Request received on: /career/43-3021.01
[7/19/2019, 11:27:47 AM] Request received on: /career/43-3021.01
[7/19/2019, 11:27:49 AM] Request received on: /career/43-3021.01
[7/19/2019, 11:27:52 AM] Request received on: /career/43-3021.01
[7/19/2019, 11:28:57 AM] Request received on: /career/43-3021.01
[7/19/2019, 11:29:05 AM] Request received on: /career/43-3021.01
[7/19/2019, 11:29:23 AM] Request received on: /program/2
[7/19/2019, 11:29:24 AM] Request received on: /program/3
[7/19/2019, 11:29:25 AM] Request received on: /program/4
[7/19/2019, 11:29:25 AM] Request received on: /program/5
[7/19/2019, 11:29:26 AM] Request received on: /program/6
[7/19/2019, 11:29:27 AM] Request received on: /program/7
[7/19/2019, 11:29:27 AM] Request received on: /program/8
[7/19/2019, 11:29:28 AM] Request received on: /program/9
[7/19/2019, 11:29:29 AM] Request received on: /program/10
[7/19/2019, 11:29:29 AM] Request received on: /program/11
[7/19/2019, 11:29:30 AM] Request received on: /program/12
[7/19/2019, 11:29:31 AM] Request received on: /program/13
[7/19/2019, 11:29:34 AM] Request received on: /program/14
[7/19/2019, 11:29:35 AM] Request received on: /program/15
[7/19/2019, 11:29:35 AM] Request received on: /program/16
[7/19/2019, 11:29:36 AM] Request received on: /program/17
[7/19/2019, 11:29:37 AM] Request received on: /program/18
[7/19/2019, 11:29:41 AM] Request received on: /career/15-1111.00
[7/19/2019, 11:29:54 AM] Request received on: /career/15-1199.09
[7/19/2019, 11:30:00 AM] Request received on: /career/15-1131.00
[7/19/2019, 11:30:05 AM] Request received on: /career/15-1143.00
[7/19/2019, 11:31:09 AM] Request received on: /career/15-1143.00
[7/19/2019, 11:31:22 AM] Request received on: /career/15-1143.00
[7/19/2019, 11:31:56 AM] Request received on: /career/15-1143.00
[7/19/2019, 11:32:00 AM] Request received on: /career/15-1143.00
[7/19/2019, 11:32:18 AM] Request received on: /career/15-1143.00
[7/19/2019, 11:32:39 AM] Request received on: /career/15-1143.00
[7/19/2019, 11:32:57 AM] Request received on: /career/15-1143.00
[7/19/2019, 11:33:27 AM] Request received on: /career/15-1142.00
[7/19/2019, 11:33:31 AM] Request received on: /career/15-1152.00
[7/19/2019, 11:33:36 AM] Request received on: /career/15-1133.00
[7/19/2019, 11:33:41 AM] Request received on: /career/15-1141.00
[7/19/2019, 11:34:12 AM] Request received on: /program/18
[7/19/2019, 11:34:17 AM] Request received on: /career/15-1132.00
[7/19/2019, 11:34:27 AM] Request received on: /program/17
[7/19/2019, 11:34:28 AM] Request received on: /program/18
[7/19/2019, 11:34:29 AM] Request received on: /program/19
[7/19/2019, 11:34:33 AM] Request received on: /career/15-1134.00
[7/19/2019, 11:34:46 AM] Request received on: /career/15-1199.09
[7/19/2019, 11:34:50 AM] Request received on: /career/17-3023.01
[7/19/2019, 11:34:54 AM] Request received on: /career/15-1132.00
[7/19/2019, 11:35:13 AM] Request received on: /career/15-1152.00
[7/19/2019, 11:35:16 AM] Request received on: /program/18
[7/19/2019, 11:35:24 AM] Request received on: /career/15-1142.00
[7/19/2019, 11:35:30 AM] Request received on: /career/15-1141.00
[7/19/2019, 11:35:34 AM] Request received on: /career/17-2061.00
[7/19/2019, 11:36:07 AM] Request received on: /career/17-2061.00
[7/19/2019, 11:41:27 AM] Request received on: /career/17-2061.00
[7/19/2019, 11:41:30 AM] Request received on: /career/17-2061.00
[7/19/2019, 11:42:07 AM] Request received on: /career/17-2061.00
[7/19/2019, 11:42:39 AM] Request received on: /career/17-2061.00
[7/19/2019, 11:45:43 AM] Request received on: /career/17-2061.00
[7/19/2019, 11:45:55 AM] Request received on: /career/null
[7/19/2019, 11:46:06 AM] Request received on: /program/1
[7/19/2019, 11:46:09 AM] Request received on: /career/43-3031.00
[7/19/2019, 11:46:39 AM] Request received on: /career/43-3031.00
[7/19/2019, 11:49:39 AM] Request received on: /career/43-3031.00
[7/19/2019, 11:49:50 AM] Request received on: /career/43-3031.00
[7/19/2019, 11:50:10 AM] Request received on: /career/43-3031.00
[7/19/2019, 11:50:25 AM] Request received on: /career/43-3031.00
[7/19/2019, 11:50:54 AM] Request received on: /career/43-3031.00
[7/19/2019, 11:50:58 AM] Request received on: /career/43-3031.00
[7/19/2019, 11:51:54 AM] Request received on: /career/43-3031.00
[7/19/2019, 11:52:22 AM] Request received on: /career/43-3031.00
[7/19/2019, 11:54:18 AM] Request received on: /career/43-3031.00
[7/19/2019, 11:54:58 AM] Request received on: /career/43-3031.00
[7/19/2019, 11:56:03 AM] Request received on: /career/43-3031.00
[7/19/2019, 11:56:19 AM] Request received on: /career/43-3031.00
[7/19/2019, 11:56:25 AM] Request received on: /career/43-3031.00
[7/19/2019, 11:56:30 AM] Request received on: /career/43-3031.00
[7/19/2019, 11:56:35 AM] Request received on: /career/43-3031.00
[7/19/2019, 11:56:38 AM] Request received on: /career/43-3031.00
[7/19/2019, 11:57:00 AM] Request received on: /career/43-3031.00
[7/19/2019, 12:22:22 PM] Request received on: /career/43-3031.00
[7/19/2019, 12:29:48 PM] Request received on: /career/43-3031.00
[7/19/2019, 12:52:22 PM] Request received on: /career/43-3031.00
[7/19/2019, 1:12:14 PM] Request received on: /program/58
[7/19/2019, 1:12:17 PM] Request received on: /program/57
[7/19/2019, 1:12:19 PM] Request received on: /career/25-1067.00
[7/19/2019, 1:22:22 PM] Request received on: /career/25-1067.00
[7/19/2019, 1:36:04 PM] Request received on: /career/25-1067.00
[7/19/2019, 1:36:20 PM] Request received on: /career/25-1067.00
[7/19/2019, 1:38:18 PM] Request received on: /career/25-1067.00
[7/19/2019, 1:39:08 PM] Request received on: /career/25-1067.00
[7/19/2019, 1:39:25 PM] Request received on: /career/25-1067.00
[7/19/2019, 1:41:52 PM] Request received on: /career/43-3021.01
[7/19/2019, 1:42:49 PM] Request received on: /career/43-3021.01
[7/19/2019, 1:43:01 PM] Request received on: /career/43-3021.01
[7/19/2019, 1:44:51 PM] Request received on: /career/43-3021.01
[7/19/2019, 1:46:05 PM] Request received on: /career/43-3021.01
[7/19/2019, 1:50:43 PM] Request received on: /career/43-3021.01
[7/19/2019, 1:52:22 PM] Request received on: /career/43-3021.01
[7/19/2019, 1:53:06 PM] Request received on: /career/43-3021.01
[7/19/2019, 1:54:50 PM] Request received on: /career/43-3021.01
[7/19/2019, 1:55:56 PM] Request received on: /career/43-3021.01
[7/19/2019, 2:05:33 PM] Request received on: /career/43-3021.01
[7/19/2019, 2:07:20 PM] Request received on: /career/43-3021.01
[7/19/2019, 2:07:45 PM] Request received on: /career/43-3021.01
[7/19/2019, 2:08:11 PM] Request received on: /career/43-3021.01
[7/19/2019, 2:08:47 PM] Request received on: /career/43-3021.01
[7/19/2019, 2:09:54 PM] Request received on: /career/43-3021.01
[7/19/2019, 2:10:32 PM] Request received on: /career/43-3021.01
[7/19/2019, 2:12:01 PM] Request received on: /career/43-3021.01
[7/19/2019, 2:12:10 PM] Request received on: /career/43-3021.01
[7/19/2019, 2:13:32 PM] Request received on: /career/43-3021.01
[7/19/2019, 2:13:45 PM] Request received on: /career/43-3021.01
[7/19/2019, 2:13:52 PM] Request received on: /career/43-3021.01
[7/19/2019, 2:14:32 PM] Request received on: /career/43-3021.01
[7/19/2019, 2:15:27 PM] Request received on: /career/43-3021.01
[7/19/2019, 2:16:52 PM] Request received on: /career/43-3021.01
[7/19/2019, 2:18:48 PM] Request received on: /career/43-3021.01
[7/19/2019, 2:18:55 PM] Request received on: /career/43-3021.01
[7/19/2019, 2:21:00 PM] Request received on: /career/43-3021.01
[7/19/2019, 2:21:07 PM] Request received on: /career/43-3021.01
[7/19/2019, 2:21:17 PM] Request received on: /career/43-3021.01
[7/19/2019, 2:21:38 PM] Request received on: /career/43-3021.01
[7/19/2019, 2:21:50 PM] Request received on: /career/43-3021.01
[7/19/2019, 2:21:59 PM] Request received on: /career/43-3021.01
[7/19/2019, 2:22:00 PM] Request received on: /career/43-3021.01
[7/19/2019, 2:22:16 PM] Request received on: /career/43-3021.01
[7/19/2019, 2:22:21 PM] Request received on: /career/43-3021.01
[7/19/2019, 2:22:22 PM] Request received on: /career/43-3021.01
[7/19/2019, 2:22:47 PM] Request received on: /career/43-3021.01
[7/19/2019, 2:22:54 PM] Request received on: /career/43-3021.01
[7/19/2019, 2:23:19 PM] Request received on: /career/43-3021.01
[7/19/2019, 2:23:45 PM] Request received on: /career/43-3021.01
[7/19/2019, 2:23:56 PM] Request received on: /career/43-3021.01
[7/19/2019, 2:24:00 PM] Request received on: /career/43-3021.01
[7/19/2019, 2:24:17 PM] Request received on: /career/43-3021.01
[7/19/2019, 2:25:09 PM] Request received on: /career/43-3021.01
[7/19/2019, 2:25:20 PM] Request received on: /career/43-3021.01
[7/19/2019, 2:25:40 PM] Request received on: /career/43-3021.01
[7/19/2019, 2:26:34 PM] Request received on: /career/43-3021.01
[7/19/2019, 2:27:00 PM] Request received on: /career/43-3021.01
[7/19/2019, 2:27:25 PM] Request received on: /career/43-3021.01
[7/19/2019, 2:27:29 PM] Request received on: /career/43-3021.01
[7/19/2019, 2:28:58 PM] Request received on: /career/43-3021.01
[7/19/2019, 2:29:03 PM] Request received on: /career/43-3021.01
[7/19/2019, 2:29:17 PM] Request received on: /career/43-3021.01
[7/19/2019, 2:29:26 PM] Request received on: /career/43-3021.01
[7/19/2019, 2:29:47 PM] Request received on: /career/43-3021.01
[7/19/2019, 2:31:28 PM] Request received on: /career/43-3021.01
[7/19/2019, 2:31:41 PM] Request received on: /career/43-3021.01
[7/19/2019, 2:31:51 PM] Request received on: /career/43-3021.01
[7/19/2019, 2:32:01 PM] Request received on: /career/43-3021.01
[7/19/2019, 2:32:06 PM] Request received on: /career/43-3021.01
[7/19/2019, 2:32:14 PM] Request received on: /career/43-3021.01
[7/19/2019, 2:32:30 PM] Request received on: /career/43-3021.01
[7/19/2019, 2:32:34 PM] Request received on: /career/43-3021.01
[7/19/2019, 2:32:40 PM] Request received on: /career/43-3021.01
[7/19/2019, 2:32:53 PM] Request received on: /career/43-3021.01
[7/19/2019, 2:32:58 PM] Request received on: /career/43-3021.01
[7/19/2019, 2:33:01 PM] Request received on: /career/43-3021.01
[7/19/2019, 2:33:06 PM] Request received on: /career/43-3021.01
[7/19/2019, 2:33:08 PM] Request received on: /career/43-3021.01
[7/19/2019, 2:33:10 PM] Request received on: /career/43-3021.01
[7/19/2019, 2:34:08 PM] Request received on: /program/58
[7/19/2019, 2:34:09 PM] Request received on: /program/1
[7/19/2019, 2:34:10 PM] Request received on: /program/2
[7/19/2019, 2:34:11 PM] Request received on: /career/25-1031.00
[7/19/2019, 2:34:54 PM] Request received on: /career/25-1031.00
[7/19/2019, 2:35:04 PM] Request received on: /career/25-1031.00
[7/19/2019, 2:36:19 PM] Request received on: /career/25-1031.00
[7/19/2019, 2:40:41 PM] Request received on: /career/25-1031.00
[7/19/2019, 2:40:55 PM] Request received on: /career/25-1031.00
[7/19/2019, 2:41:03 PM] Request received on: /career/25-1031.00
[7/19/2019, 2:41:24 PM] Request received on: /career/25-1031.00
[7/19/2019, 2:42:51 PM] Request received on: /career/25-1031.00
[7/19/2019, 2:42:53 PM] Request received on: /career/25-1031.00
[7/19/2019, 2:43:03 PM] Request received on: /career/25-1031.00
[7/19/2019, 2:43:15 PM] Request received on: /career/25-1031.00
[7/19/2019, 2:43:18 PM] Request received on: /career/25-1031.00
[7/19/2019, 2:43:27 PM] Request received on: /career/25-1031.00
[7/19/2019, 2:43:37 PM] Request received on: /career/25-1031.00
[7/19/2019, 2:43:43 PM] Request received on: /career/25-1031.00
[7/19/2019, 2:44:02 PM] Request received on: /career/25-1031.00
[7/19/2019, 2:44:32 PM] Request received on: /career/25-1031.00
[7/19/2019, 2:44:38 PM] Request received on: /career/25-1031.00
[7/19/2019, 2:44:53 PM] Request received on: /career/25-1031.00
[7/19/2019, 2:45:04 PM] Request received on: /career/25-1031.00
[7/19/2019, 2:45:15 PM] Request received on: /career/25-1031.00
[7/19/2019, 2:45:21 PM] Request received on: /career/25-1031.00
[7/19/2019, 2:45:40 PM] Request received on: /career/25-1031.00
[7/19/2019, 2:45:46 PM] Request received on: /career/25-1031.00
[7/19/2019, 2:46:10 PM] Request received on: /career/25-1031.00
[7/19/2019, 2:46:21 PM] Request received on: /career/25-1031.00
[7/19/2019, 2:46:43 PM] Request received on: /career/25-1031.00
[7/19/2019, 2:46:48 PM] Request received on: /career/25-1031.00
[7/19/2019, 2:47:11 PM] Request received on: /career/25-1031.00
[7/19/2019, 2:48:57 PM] Request received on: /career/25-1031.00
[7/19/2019, 2:49:04 PM] Request received on: /career/25-1031.00
[7/19/2019, 2:49:08 PM] Request received on: /career/25-1031.00
[7/19/2019, 2:49:33 PM] Request received on: /career/25-1031.00
[7/19/2019, 2:49:49 PM] Request received on: /career/25-1031.00
[7/19/2019, 2:50:06 PM] Request received on: /career/25-1031.00
[7/19/2019, 2:50:18 PM] Request received on: /career/25-1031.00
[7/19/2019, 2:50:38 PM] Request received on: /career/25-1031.00
[7/19/2019, 2:50:46 PM] Request received on: /career/25-1031.00
[7/19/2019, 2:51:28 PM] Request received on: /career/25-1031.00
[7/19/2019, 2:51:59 PM] Request received on: /career/25-1031.00
[7/19/2019, 2:52:21 PM] Request received on: /career/25-1031.00
[7/19/2019, 2:52:44 PM] Request received on: /career/25-1031.00
[7/19/2019, 2:52:54 PM] Request received on: /career/25-1031.00
[7/19/2019, 2:53:09 PM] Request received on: /career/25-1031.00
[7/19/2019, 2:53:39 PM] Request received on: /career/25-1031.00
[7/19/2019, 2:53:52 PM] Request received on: /career/25-1031.00
[7/19/2019, 2:54:05 PM] Request received on: /career/25-1031.00
[7/19/2019, 2:55:32 PM] Request received on: /career/25-1031.00
[7/19/2019, 2:55:56 PM] Request received on: /career/25-1031.00
[7/19/2019, 2:56:00 PM] Request received on: /career/25-1031.00
[7/19/2019, 2:56:06 PM] Request received on: /career/25-1031.00
[7/19/2019, 2:56:42 PM] Request received on: /career/17-2121.02
[7/19/2019, 2:57:06 PM] Request received on: /career/17-2121.02
[7/19/2019, 2:57:19 PM] Request received on: /career/17-2121.02
[7/19/2019, 2:58:14 PM] Request received on: /career/17-2121.02
[7/19/2019, 2:58:20 PM] Request received on: /career/15-1199.07
[7/19/2019, 2:58:38 PM] Request received on: /program/1
[7/19/2019, 2:58:38 PM] Request received on: /program/58
[7/19/2019, 2:58:39 PM] Request received on: /program/1
[7/19/2019, 2:58:39 PM] Request received on: /program/2
[7/19/2019, 2:58:40 PM] Request received on: /program/3
[7/19/2019, 2:58:40 PM] Request received on: /program/4
[7/19/2019, 2:58:41 PM] Request received on: /program/5
[7/19/2019, 2:58:41 PM] Request received on: /program/6
[7/19/2019, 2:58:42 PM] Request received on: /program/7
[7/19/2019, 2:58:43 PM] Request received on: /program/6
[7/19/2019, 2:58:45 PM] Request received on: /career/25-1062.00
[7/19/2019, 2:58:56 PM] Request received on: /career/39-3011.00
[7/19/2019, 3:00:00 PM] Request received on: /career/43-3041.00
[7/19/2019, 3:00:04 PM] Request received on: /career/47-2061.00
[7/19/2019, 3:01:18 PM] Request received on: /program/7
[7/19/2019, 3:01:19 PM] Request received on: /program/6
[7/19/2019, 3:01:19 PM] Request received on: /program/5
[7/19/2019, 3:01:20 PM] Request received on: /program/4
[7/19/2019, 3:01:20 PM] Request received on: /program/3
[7/19/2019, 3:01:20 PM] Request received on: /program/2
[7/19/2019, 3:01:21 PM] Request received on: /program/1
[7/19/2019, 3:01:21 PM] Request received on: /program/58
[7/19/2019, 3:01:21 PM] Request received on: /program/57
[7/19/2019, 3:01:22 PM] Request received on: /program/56
[7/19/2019, 3:01:24 PM] Request received on: /career/15-1134.00
[7/19/2019, 3:07:22 PM] Request received on: /career/15-1134.00
[7/19/2019, 3:09:14 PM] Request received on: /career/15-1134.00
[7/19/2019, 3:09:30 PM] Request received on: /career/15-1134.00
[7/19/2019, 3:11:39 PM] Request received on: /career/15-1134.00
[7/19/2019, 3:12:11 PM] Request received on: /career/15-1134.00
[7/19/2019, 3:12:21 PM] Request received on: /career/15-1134.00
[7/19/2019, 3:12:51 PM] Request received on: /career/15-1134.00
[7/19/2019, 3:13:03 PM] Request received on: /career/15-1134.00
[7/19/2019, 3:13:04 PM] Request received on: /career/15-1134.00
[7/19/2019, 3:13:24 PM] Request received on: /career/15-1134.00
[7/19/2019, 3:13:52 PM] Request received on: /career/15-1134.00
[7/19/2019, 3:13:53 PM] Request received on: /career/15-1134.00
[7/19/2019, 3:18:10 PM] Request received on: /career/15-1134.00
[7/19/2019, 3:18:11 PM] Request received on: /career/15-1134.00
[7/19/2019, 3:18:32 PM] Request received on: /career/15-1134.00
[7/19/2019, 3:19:32 PM] Request received on: /career/15-1134.00
[7/19/2019, 3:19:39 PM] Request received on: /career/15-1134.00
[7/19/2019, 3:20:13 PM] Request received on: /career/15-1134.00
[7/19/2019, 3:20:17 PM] Request received on: /career/15-1134.00
[7/19/2019, 3:20:37 PM] Request received on: /career/15-1134.00
[7/19/2019, 3:21:02 PM] Request received on: /career/15-1134.00
[7/19/2019, 3:21:13 PM] Request received on: /career/15-1134.00
[7/19/2019, 3:21:24 PM] Request received on: /career/15-1134.00
[7/19/2019, 3:21:53 PM] Request received on: /career/15-1134.00
[7/19/2019, 3:22:38 PM] Request received on: /career/15-1134.00
[7/19/2019, 3:22:42 PM] Request received on: /career/15-1134.00
[7/19/2019, 3:22:50 PM] Request received on: /career/15-1134.00
[7/19/2019, 3:22:52 PM] Request received on: /career/15-1134.00
[7/19/2019, 3:24:18 PM] Request received on: /career/15-1134.00
[7/19/2019, 3:24:27 PM] Request received on: /career/15-1134.00
[7/19/2019, 3:24:48 PM] Request received on: /career/15-1134.00
[7/19/2019, 3:25:28 PM] Request received on: /career/15-1134.00
[7/19/2019, 3:27:22 PM] Request received on: /career/15-1134.00
[7/19/2019, 3:27:45 PM] Request received on: /career/15-1134.00
[7/19/2019, 3:27:46 PM] Request received on: /career/15-1134.00
[7/19/2019, 3:28:04 PM] Request received on: /career/15-1134.00
[7/19/2019, 3:28:05 PM] Request received on: /career/15-1134.00
[7/19/2019, 3:28:06 PM] Request received on: /career/15-1134.00
[7/19/2019, 3:28:07 PM] Request received on: /career/15-1134.00
[7/19/2019, 3:29:09 PM] Request received on: /career/15-1134.00
[7/19/2019, 3:29:11 PM] Request received on: /career/15-1134.00
[7/19/2019, 3:29:18 PM] Request received on: /career/15-1134.00
[7/19/2019, 3:29:22 PM] Request received on: /career/15-1134.00
[7/19/2019, 3:29:42 PM] Request received on: /career/15-1134.00
[7/19/2019, 3:29:43 PM] Request received on: /career/15-1134.00
[7/19/2019, 3:30:01 PM] Request received on: /career/15-1134.00
[7/19/2019, 3:30:09 PM] Request received on: /career/15-1134.00
[7/19/2019, 3:30:09 PM] Request received on: /career/15-1134.00
[7/19/2019, 3:30:45 PM] Request received on: /career/15-1134.00
[7/19/2019, 3:30:58 PM] Request received on: /career/15-1134.00
[7/19/2019, 3:31:20 PM] Request received on: /career/15-1134.00
[7/19/2019, 3:31:27 PM] Request received on: /career/15-1134.00
[7/19/2019, 3:31:28 PM] Request received on: /career/15-1134.00
[7/19/2019, 3:31:46 PM] Request received on: /career/15-1134.00
[7/19/2019, 3:31:47 PM] Request received on: /career/15-1134.00
[7/19/2019, 3:32:28 PM] Request received on: /career/15-1134.00
[7/19/2019, 3:32:29 PM] Request received on: /career/15-1134.00
[7/19/2019, 3:34:53 PM] Request received on: /career/15-1134.00
[7/19/2019, 3:36:49 PM] Request received on: /career/15-1134.00
[7/19/2019, 3:37:39 PM] Request received on: /career/15-1134.00
[7/19/2019, 3:37:40 PM] Request received on: /career/15-1134.00
[7/19/2019, 3:37:40 PM] Request received on: /career/15-1134.00
[7/19/2019, 3:38:16 PM] Request received on: /career/15-1134.00
[7/19/2019, 3:38:24 PM] Request received on: /career/15-1134.00
[7/19/2019, 3:38:24 PM] Request received on: /career/15-1134.00
[7/19/2019, 3:39:30 PM] Request received on: /career/15-1134.00
[7/19/2019, 3:39:36 PM] Request received on: /career/15-1134.00
[7/19/2019, 3:39:36 PM] Request received on: /career/15-1134.00
[7/19/2019, 3:39:37 PM] Request received on: /career/15-1134.00
[7/19/2019, 3:39:40 PM] Request received on: /career/15-1134.00
[7/19/2019, 3:39:44 PM] Request received on: /career/15-1134.00
[7/19/2019, 3:39:44 PM] Request received on: /career/15-1134.00
[7/19/2019, 3:39:57 PM] Request received on: /career/15-1134.00
[7/19/2019, 3:40:15 PM] Request received on: /career/15-1134.00
[7/19/2019, 3:41:35 PM] Request received on: /career/15-1134.00
[7/19/2019, 3:45:45 PM] Request received on: /career/15-1134.00
[7/19/2019, 3:46:01 PM] Request received on: /career/15-1134.00
[7/19/2019, 3:46:28 PM] Request received on: /career/15-1134.00
[7/19/2019, 3:50:23 PM] Request received on: /career/15-1134.00
[7/19/2019, 3:50:48 PM] Request received on: /career/15-1134.00
[7/19/2019, 3:53:40 PM] Request received on: /career/15-1134.00
[7/19/2019, 3:56:06 PM] Request received on: /career/15-1134.00
[7/19/2019, 3:56:22 PM] Request received on: /career/15-1134.00
[7/19/2019, 3:57:54 PM] Request received on: /career/15-1134.00
[7/19/2019, 3:59:10 PM] Request received on: /career/15-1134.00
[7/19/2019, 4:03:47 PM] Request received on: /career/15-1134.00
[7/19/2019, 4:05:40 PM] Request received on: /career/15-1134.00
[7/19/2019, 4:05:53 PM] Request received on: /career/15-1134.00
[7/19/2019, 4:07:22 PM] Request received on: /career/15-1134.00
[7/19/2019, 4:08:11 PM] Request received on: /career/15-1134.00
[7/19/2019, 4:08:26 PM] Request received on: /career/15-1134.00
[7/19/2019, 4:09:27 PM] Request received on: /career/15-1132.00
[7/19/2019, 4:10:21 PM] Request received on: /career/15-1132.00
[7/19/2019, 4:11:02 PM] Request received on: /career/15-1199.02
[7/19/2019, 4:11:46 PM] Request received on: /career/15-1199.02
[7/19/2019, 4:13:37 PM] Request received on: /career/15-1199.02
[7/19/2019, 4:14:04 PM] Request received on: /career/15-1199.02
[7/19/2019, 4:14:05 PM] Request received on: /career/15-1199.02
[7/19/2019, 4:14:58 PM] Request received on: /career/15-1199.02
[7/19/2019, 4:16:43 PM] Request received on: /career/15-1199.02
[7/19/2019, 4:16:53 PM] Request received on: /career/15-1199.02
[7/19/2019, 4:18:59 PM] Request received on: /career/15-1199.02
[7/19/2019, 4:19:42 PM] Request received on: /career/15-1199.02
[7/19/2019, 4:19:55 PM] Request received on: /program/57
[7/19/2019, 4:19:57 PM] Request received on: /program/56
[7/19/2019, 4:19:57 PM] Request received on: /program/55
[7/19/2019, 4:19:58 PM] Request received on: /program/54
[7/19/2019, 4:19:58 PM] Request received on: /program/55
[7/19/2019, 4:19:59 PM] Request received on: /career/11-1011.03
[7/19/2019, 4:20:19 PM] Request received on: /program/54
[7/19/2019, 4:20:22 PM] Request received on: /career/19-2012.00
[7/19/2019, 4:23:59 PM] Request received on: /career/19-2012.00
[7/19/2019, 4:24:09 PM] Request received on: /career/19-2012.00
[7/19/2019, 4:24:32 PM] Request received on: /career/19-2012.00
[7/19/2019, 4:25:43 PM] Request received on: /career/19-2012.00
[7/19/2019, 4:27:15 PM] Request received on: /career/19-2012.00
[7/19/2019, 4:27:30 PM] Request received on: /career/19-2012.00
[7/19/2019, 4:27:52 PM] Request received on: /career/19-2012.00
[7/19/2019, 4:28:03 PM] Request received on: /career/19-2012.00
[7/19/2019, 4:28:28 PM] Request received on: /career/19-2012.00
[7/19/2019, 4:28:51 PM] Request received on: /career/19-2012.00
[7/19/2019, 4:29:09 PM] Request received on: /career/19-2012.00
[7/19/2019, 4:29:21 PM] Request received on: /career/17-2199.09
[7/19/2019, 4:31:54 PM] Request received on: /career/17-2199.09
[7/19/2019, 4:32:47 PM] Request received on: /career/17-2199.09
[7/19/2019, 4:36:32 PM] Request received on: /career/19-1021.00
[7/19/2019, 4:37:21 PM] Request received on: /career/19-1021.00
[7/19/2019, 4:39:02 PM] Request received on: /career/19-1021.00
[7/19/2019, 4:39:27 PM] Request received on: /career/19-1021.00
[7/19/2019, 4:39:40 PM] Request received on: /career/19-1021.00
[7/19/2019, 4:41:15 PM] Request received on: /career/19-1021.00
[7/19/2019, 4:41:40 PM] Request received on: /career/19-1021.00
[7/19/2019, 4:41:44 PM] Request received on: /career/19-1021.00
[7/19/2019, 4:41:53 PM] Request received on: /career/19-1021.00
[7/19/2019, 4:42:14 PM] Request received on: /career/19-1021.00
[7/19/2019, 4:43:13 PM] Request received on: /career/19-1021.00
[7/19/2019, 4:43:56 PM] Request received on: /career/19-1021.00
[7/19/2019, 4:44:47 PM] Request received on: /career/19-1021.00
[7/19/2019, 4:45:11 PM] Request received on: /career/19-1021.00
[7/19/2019, 4:46:28 PM] Request received on: /career/19-1021.00
[7/19/2019, 4:47:47 PM] Request received on: /career/19-1021.00
[7/19/2019, 4:48:44 PM] Request received on: /career/19-1021.00
[7/19/2019, 4:48:58 PM] Request received on: /career/19-1021.00
[7/19/2019, 4:49:07 PM] Request received on: /career/19-1021.00
[7/19/2019, 4:49:19 PM] Request received on: /career/19-1021.00
[7/19/2019, 4:50:25 PM] Request received on: /program/53
[7/19/2019, 4:50:26 PM] Request received on: /program/52
[7/19/2019, 4:50:26 PM] Request received on: /program/51
[7/19/2019, 4:50:28 PM] Request received on: /career/19-3094.00
[7/19/2019, 4:50:42 PM] Request received on: /career/19-3092.00
[7/19/2019, 4:50:55 PM] Request received on: /career/19-3092.00
[7/19/2019, 4:55:56 PM] Request received on: /career/19-3092.00
