[7/23/2019, 8:08:14 AM] Request received on: /program/1
[7/23/2019, 8:08:18 AM] Request received on: /career/43-3031.00
[7/23/2019, 8:10:08 AM] Request received on: /career/43-3031.00
[7/23/2019, 8:12:46 AM] Request received on: /program/58
[7/23/2019, 8:12:47 AM] Request received on: /program/57
[7/23/2019, 8:12:47 AM] Request received on: /program/58
[7/23/2019, 8:12:48 AM] Request received on: /program/1
[7/23/2019, 8:12:48 AM] Request received on: /program/2
[7/23/2019, 8:12:48 AM] Request received on: /program/3
[7/23/2019, 8:12:49 AM] Request received on: /program/4
[7/23/2019, 8:12:49 AM] Request received on: /program/5
[7/23/2019, 8:12:50 AM] Request received on: /program/6
[7/23/2019, 8:12:50 AM] Request received on: /program/7
[7/23/2019, 8:12:50 AM] Request received on: /program/8
[7/23/2019, 8:12:51 AM] Request received on: /program/9
[7/23/2019, 8:12:51 AM] Request received on: /program/10
[7/23/2019, 8:12:52 AM] Request received on: /program/11
[7/23/2019, 8:12:52 AM] Request received on: /program/12
[7/23/2019, 8:12:53 AM] Request received on: /program/13
[7/23/2019, 8:12:54 AM] Request received on: /program/14
[7/23/2019, 8:12:54 AM] Request received on: /program/15
[7/23/2019, 8:12:55 AM] Request received on: /program/16
[7/23/2019, 8:12:55 AM] Request received on: /program/17
[7/23/2019, 8:12:56 AM] Request received on: /program/18
[7/23/2019, 8:12:57 AM] Request received on: /program/19
[7/23/2019, 8:13:19 AM] Request received on: /career/15-1132.00
[7/23/2019, 8:22:03 AM] Request received on: /career/15-1132.00
[7/23/2019, 8:22:28 AM] Request received on: /program/1
[7/23/2019, 8:22:52 AM] Request received on: /career/15-1132.00
[7/23/2019, 8:24:24 AM] Request received on: /career/15-1132.00
[7/23/2019, 8:28:37 AM] Request received on: /career/15-1132.00
[7/23/2019, 8:28:38 AM] Request received on: /program/1
[7/23/2019, 8:31:31 AM] Request received on: /career/15-1132.00
[7/23/2019, 8:34:49 AM] Request received on: /program/1
[7/23/2019, 8:34:49 AM] Request received on: /career/15-1132.00
[7/23/2019, 8:39:14 AM] Request received on: /career/15-1132.00
[7/23/2019, 8:39:35 AM] Request received on: /career/15-1132.00
[7/23/2019, 8:39:35 AM] Request received on: /program/1
[7/23/2019, 8:40:43 AM] Request received on: /career/15-1132.00
[7/23/2019, 8:41:53 AM] Request received on: /career/15-1132.00
[7/23/2019, 8:41:53 AM] Request received on: /program/1
[7/23/2019, 8:42:06 AM] Request received on: /career/15-1132.00
[7/23/2019, 8:42:31 AM] Request received on: /career/15-1132.00
[7/23/2019, 8:43:43 AM] Request received on: /career/15-1132.00
[7/23/2019, 8:43:52 AM] Request received on: /career/15-1132.00
[7/23/2019, 8:44:39 AM] Request received on: /career/15-1132.00
[7/23/2019, 8:45:07 AM] Request received on: /career/15-1132.00
[7/23/2019, 8:45:12 AM] Request received on: /career/15-1132.00
[7/23/2019, 8:45:31 AM] Request received on: /career/15-1132.00
[7/23/2019, 8:47:04 AM] Request received on: /career/15-1132.00
[7/23/2019, 8:50:15 AM] Request received on: /career/15-1132.00
[7/23/2019, 8:51:19 AM] Request received on: /career/15-1132.00
[7/23/2019, 8:53:04 AM] Request received on: /career/15-1132.00
[7/23/2019, 8:54:08 AM] Request received on: /career/15-1132.00
[7/23/2019, 8:55:43 AM] Request received on: /career/15-1132.00
[7/23/2019, 8:55:59 AM] Request received on: /career/15-1132.00
[7/23/2019, 8:57:46 AM] Request received on: /career/15-1132.00
[7/23/2019, 8:57:55 AM] Request received on: /career/15-1132.00
[7/23/2019, 8:59:30 AM] Request received on: /career/15-1132.00
[7/23/2019, 9:04:22 AM] Request received on: /career/15-1132.00
[7/23/2019, 9:04:56 AM] Request received on: /career/15-1132.00
[7/23/2019, 9:06:30 AM] Request received on: /career/15-1132.00
[7/23/2019, 9:06:41 AM] Request received on: /career/15-1132.00
[7/23/2019, 9:06:58 AM] Request received on: /career/15-1132.00
[7/23/2019, 9:09:35 AM] Request received on: /career/15-1132.00
[7/23/2019, 9:09:39 AM] Request received on: /career/15-1132.00
[7/23/2019, 9:10:04 AM] Request received on: /career/15-1132.00
[7/23/2019, 9:10:05 AM] Request received on: /career/15-1132.00
[7/23/2019, 9:11:02 AM] Request received on: /career/15-1132.00
[7/23/2019, 9:12:49 AM] Request received on: /career/15-1132.00
[7/23/2019, 9:15:14 AM] Request received on: /career/15-1132.00
[7/23/2019, 9:16:15 AM] Request received on: /career/15-1132.00
[7/23/2019, 9:16:37 AM] Request received on: /career/15-1132.00
[7/23/2019, 9:16:51 AM] Request received on: /career/15-1132.00
[7/23/2019, 9:16:52 AM] Request received on: /career/15-1132.00
[7/23/2019, 9:17:15 AM] Request received on: /career/15-1132.00
[7/23/2019, 9:17:15 AM] Request received on: /career/15-1132.00
[7/23/2019, 9:17:38 AM] Request received on: /career/15-1132.00
[7/23/2019, 9:17:52 AM] Request received on: /career/15-1132.00
[7/23/2019, 9:18:27 AM] Request received on: /career/15-1132.00
[7/23/2019, 9:18:38 AM] Request received on: /career/15-1132.00
[7/23/2019, 9:18:59 AM] Request received on: /career/15-1132.00
[7/23/2019, 9:19:52 AM] Request received on: /career/15-1132.00
[7/23/2019, 9:20:19 AM] Request received on: /career/15-1132.00
[7/23/2019, 9:20:42 AM] Request received on: /career/15-1132.00
[7/23/2019, 9:21:05 AM] Request received on: /career/15-1132.00
[7/23/2019, 9:21:29 AM] Request received on: /career/15-1132.00
[7/23/2019, 9:22:24 AM] Request received on: /career/15-1132.00
[7/23/2019, 9:31:26 AM] Request received on: /career/15-1132.00
[7/23/2019, 9:32:09 AM] Request received on: /career/15-1132.00
[7/23/2019, 9:32:09 AM] Request received on: /career/15-1132.00
[7/23/2019, 9:32:10 AM] Request received on: /career/15-1132.00
[7/23/2019, 9:32:52 AM] Request received on: /career/15-1132.00
[7/23/2019, 9:33:10 AM] Request received on: /career/15-1132.00
[7/23/2019, 9:36:25 AM] Request received on: /career/15-1132.00
[7/23/2019, 9:37:52 AM] Request received on: /career/15-1132.00
[7/23/2019, 9:38:59 AM] Request received on: /career/15-1132.00
[7/23/2019, 9:39:22 AM] Request received on: /career/15-1132.00
[7/23/2019, 9:41:17 AM] Request received on: /career/15-1132.00
[7/23/2019, 9:42:52 AM] Request received on: /career/15-1132.00
[7/23/2019, 9:43:13 AM] Request received on: /career/15-1132.00
[7/23/2019, 9:45:08 AM] Request received on: /career/15-1132.00
[7/23/2019, 9:47:45 AM] Request received on: /career/15-1132.00
[7/23/2019, 9:48:11 AM] Request received on: /career/15-1132.00
[7/23/2019, 9:48:25 AM] Request received on: /career/15-1132.00
[7/23/2019, 9:49:02 AM] Request received on: /career/15-1132.00
[7/23/2019, 9:53:20 AM] Request received on: /career/15-1132.00
[7/23/2019, 9:53:21 AM] Request received on: /career/15-1132.00
[7/23/2019, 9:53:57 AM] Request received on: /career/15-1132.00
[7/23/2019, 9:54:18 AM] Request received on: /career/15-1132.00
[7/23/2019, 9:54:35 AM] Request received on: /career/15-1132.00
[7/23/2019, 9:55:08 AM] Request received on: /career/15-1132.00
[7/23/2019, 9:56:40 AM] Request received on: /career/15-1132.00
[7/23/2019, 9:57:10 AM] Request received on: /career/15-1132.00
[7/23/2019, 9:58:23 AM] Request received on: /career/15-1132.00
[7/23/2019, 9:58:31 AM] Request received on: /career/15-1132.00
[7/23/2019, 9:58:40 AM] Request received on: /career/15-1132.00
[7/23/2019, 10:00:01 AM] Request received on: /career/15-1132.00
[7/23/2019, 10:00:17 AM] Request received on: /career/15-1132.00
[7/23/2019, 10:01:36 AM] Request received on: /career/15-1132.00
[7/23/2019, 10:01:48 AM] Request received on: /career/15-1132.00
[7/23/2019, 10:02:35 AM] Request received on: /career/15-1132.00
[7/23/2019, 2:03:25 PM] Request received on: /program/1
[7/23/2019, 2:03:39 PM] Request received on: /program/2
[7/23/2019, 2:03:42 PM] Request received on: /career/25-1031.00
[7/23/2019, 2:19:40 PM] Request received on: /career/25-1031.00
[7/23/2019, 2:22:21 PM] Request received on: /career/25-1031.00
[7/23/2019, 2:22:56 PM] Request received on: /career/25-1031.00
[7/23/2019, 2:51:20 PM] Request received on: /program/1
[7/23/2019, 2:51:28 PM] Request received on: /career/null
[7/23/2019, 2:52:01 PM] Request received on: /career/null
[7/23/2019, 2:54:24 PM] Request received on: /career/15-1132.00
[7/23/2019, 2:55:40 PM] Request received on: /career/15-1132.00
[7/23/2019, 3:00:23 PM] Request received on: /career/15-1132.00
[7/23/2019, 3:00:35 PM] Request received on: /career/15-1132.00
[7/23/2019, 3:01:17 PM] Request received on: /career/15-1132.00
[7/23/2019, 3:01:55 PM] Request received on: /career/15-1132.00
[7/23/2019, 3:02:46 PM] Request received on: /career/15-1132.00
[7/23/2019, 3:03:16 PM] Request received on: /career/15-1132.00
[7/23/2019, 3:03:38 PM] Request received on: /career/15-1132.00
[7/23/2019, 3:03:50 PM] Request received on: /career/15-1132.00
[7/23/2019, 3:04:02 PM] Request received on: /career/15-1132.00
[7/23/2019, 3:05:23 PM] Request received on: /career/15-1132.00
[7/23/2019, 3:06:20 PM] Request received on: /career/15-1132.00
[7/23/2019, 3:07:06 PM] Request received on: /career/15-1132.00
[7/23/2019, 3:07:36 PM] Request received on: /career/15-1132.00
[7/23/2019, 3:07:50 PM] Request received on: /career/15-1132.00
[7/23/2019, 3:08:36 PM] Request received on: /career/15-1132.00
[7/23/2019, 3:08:59 PM] Request received on: /career/15-1132.00
[7/23/2019, 3:09:34 PM] Request received on: /career/15-1132.00
[7/23/2019, 3:09:38 PM] Request received on: /career/15-1132.00
[7/23/2019, 3:10:44 PM] Request received on: /career/15-1132.00
[7/23/2019, 3:11:00 PM] Request received on: /career/15-1132.00
[7/23/2019, 3:11:06 PM] Request received on: /career/15-1132.00
[7/23/2019, 3:11:16 PM] Request received on: /career/15-1132.00
[7/23/2019, 3:11:30 PM] Request received on: /career/15-1132.00
[7/23/2019, 3:11:36 PM] Request received on: /career/15-1132.00
[7/23/2019, 3:12:47 PM] Request received on: /career/15-1132.00
[7/23/2019, 3:13:23 PM] Request received on: /career/15-1132.00
[7/23/2019, 3:13:34 PM] Request received on: /career/15-1132.00
[7/23/2019, 3:13:39 PM] Request received on: /career/15-1132.00
[7/23/2019, 3:13:53 PM] Request received on: /career/15-1132.00
[7/23/2019, 3:14:01 PM] Request received on: /career/15-1132.00
[7/23/2019, 3:14:15 PM] Request received on: /career/15-1132.00
[7/23/2019, 3:14:27 PM] Request received on: /career/15-1132.00
[7/23/2019, 3:14:46 PM] Request received on: /career/15-1132.00
[7/23/2019, 3:14:49 PM] Request received on: /career/15-1132.00
[7/23/2019, 3:17:22 PM] Request received on: /career/15-1132.00
[7/23/2019, 3:17:33 PM] Request received on: /career/15-1132.00
[7/23/2019, 3:17:49 PM] Request received on: /career/15-1132.00
[7/23/2019, 3:17:57 PM] Request received on: /career/15-1132.00
[7/23/2019, 3:18:00 PM] Request received on: /career/15-1132.00
[7/23/2019, 3:18:09 PM] Request received on: /career/15-1132.00
[7/23/2019, 3:18:32 PM] Request received on: /career/15-1132.00
[7/23/2019, 3:18:53 PM] Request received on: /career/15-1132.00
[7/23/2019, 3:20:10 PM] Request received on: /career/15-1132.00
[7/23/2019, 3:20:39 PM] Request received on: /career/15-1132.00
[7/23/2019, 3:20:46 PM] Request received on: /career/15-1132.00
[7/23/2019, 3:21:07 PM] Request received on: /career/15-1132.00
[7/23/2019, 3:21:40 PM] Request received on: /career/15-1132.00
[7/23/2019, 3:22:27 PM] Request received on: /career/15-1132.00
[7/23/2019, 3:22:59 PM] Request received on: /career/15-1132.00
[7/23/2019, 3:24:39 PM] Request received on: /career/15-1132.00
[7/23/2019, 3:25:11 PM] Request received on: /career/15-1132.00
[7/23/2019, 3:28:54 PM] Request received on: /career/15-1132.00
[7/23/2019, 3:29:04 PM] Request received on: /career/15-1132.00
[7/23/2019, 3:29:39 PM] Request received on: /career/15-1132.00
[7/23/2019, 3:32:18 PM] Request received on: /career/15-1132.00
[7/23/2019, 3:32:25 PM] Request received on: /career/15-1132.00
[7/23/2019, 3:32:33 PM] Request received on: /career/15-1132.00
[7/23/2019, 3:32:39 PM] Request received on: /career/15-1132.00
[7/23/2019, 3:32:48 PM] Request received on: /career/15-1132.00
[7/23/2019, 3:32:56 PM] Request received on: /career/15-1132.00
[7/23/2019, 3:33:04 PM] Request received on: /career/15-1132.00
[7/23/2019, 3:33:37 PM] Request received on: /career/15-1132.00
[7/23/2019, 3:36:12 PM] Request received on: /career/15-1132.00
[7/23/2019, 3:37:56 PM] Request received on: /career/15-1132.00
[7/23/2019, 3:38:10 PM] Request received on: /career/15-1132.00
[7/23/2019, 3:39:36 PM] Request received on: /career/15-1132.00
[7/23/2019, 3:41:26 PM] Request received on: /career/15-1132.00
[7/23/2019, 3:41:59 PM] Request received on: /career/15-1132.00
[7/23/2019, 3:43:21 PM] Request received on: /career/15-1132.00
[7/23/2019, 3:44:10 PM] Request received on: /career/15-1132.00
[7/23/2019, 3:45:23 PM] Request received on: /career/15-1132.00
[7/23/2019, 3:46:28 PM] Request received on: /career/15-1132.00
[7/23/2019, 3:47:52 PM] Request received on: /career/15-1132.00
[7/23/2019, 3:48:21 PM] Request received on: /career/15-1132.00
[7/23/2019, 3:49:59 PM] Request received on: /career/15-1132.00
[7/23/2019, 3:52:10 PM] Request received on: /career/15-1132.00
[7/23/2019, 3:54:34 PM] Request received on: /career/15-1132.00
[7/23/2019, 4:01:12 PM] Request received on: /career/15-1132.00
[7/23/2019, 4:02:00 PM] Request received on: /career/15-1132.00
[7/23/2019, 4:02:05 PM] Request received on: /career/15-1132.00/related
[7/23/2019, 4:02:24 PM] Request received on: /career/15-1132.00
[7/23/2019, 4:02:35 PM] Request received on: /career/15-1132.00/related
[7/23/2019, 4:04:35 PM] Request received on: /career/15-1132.00/related
[7/23/2019, 4:07:57 PM] Request received on: /career/15-1131.00/related
[7/23/2019, 4:08:02 PM] Request received on: /career/15-1139.00/related
[7/23/2019, 4:08:16 PM] Request received on: /career/15-1139.00/related
[7/23/2019, 4:08:24 PM] Request received on: /career/15-1139.00/related
[7/23/2019, 4:08:39 PM] Request received on: /career/15-1132.00/related
[7/23/2019, 4:09:19 PM] Request received on: /career/15-1132.00
[7/23/2019, 4:09:39 PM] Request received on: /career/15-1132.00
[7/23/2019, 4:10:55 PM] Request received on: /career/15-1132.00
[7/23/2019, 4:10:56 PM] Request received on: /career/15-1132.00
[7/23/2019, 4:11:45 PM] Request received on: /career/15-1132.00
[7/23/2019, 4:16:27 PM] Request received on: /career/15-1132.00
[7/23/2019, 4:16:39 PM] Request received on: /career/15-1132.00
[7/23/2019, 4:17:12 PM] Request received on: /career/15-1132.00
[7/23/2019, 4:17:28 PM] Request received on: /career/15-1132.00
[7/23/2019, 4:17:43 PM] Request received on: /career/15-1132.00
[7/23/2019, 4:17:56 PM] Request received on: /career/15-1132.00
[7/23/2019, 4:18:07 PM] Request received on: /career/15-1132.00
[7/23/2019, 4:18:24 PM] Request received on: /career/15-1132.00
[7/23/2019, 4:18:38 PM] Request received on: /career/15-1132.00
[7/23/2019, 4:18:43 PM] Request received on: /career/15-1132.00
[7/23/2019, 4:19:02 PM] Request received on: /career/15-1132.00
[7/23/2019, 4:19:57 PM] Request received on: /career/15-1132.00
[7/23/2019, 4:20:11 PM] Request received on: /career/15-1132.00
[7/23/2019, 4:20:48 PM] Request received on: /career/15-1132.00
[7/23/2019, 4:21:21 PM] Request received on: /career/15-1132.00
[7/23/2019, 4:22:31 PM] Request received on: /career/15-1132.00
[7/23/2019, 4:24:59 PM] Request received on: /career/15-1132.00
[7/23/2019, 4:25:12 PM] Request received on: /career/15-1132.00
[7/23/2019, 4:26:23 PM] Request received on: /career/15-1132.00
[7/23/2019, 4:28:16 PM] Request received on: /career/15-1132.00
[7/23/2019, 4:28:41 PM] Request received on: /career/15-1132.00
[7/23/2019, 4:29:21 PM] Request received on: /career/15-1132.00
[7/23/2019, 4:30:31 PM] Request received on: /career/15-1132.00
[7/23/2019, 4:35:32 PM] Request received on: /career/15-1132.00
[7/23/2019, 4:37:35 PM] Request received on: /career/15-1132.00
[7/23/2019, 4:38:53 PM] Request received on: /career/15-1132.00
[7/23/2019, 4:39:35 PM] Request received on: /career/15-1132.00
[7/23/2019, 4:39:50 PM] Request received on: /career/15-1132.00
[7/23/2019, 4:41:23 PM] Request received on: /career/15-1132.00
[7/23/2019, 4:41:31 PM] Request received on: /career/15-1132.00
[7/23/2019, 4:41:42 PM] Request received on: /career/15-1132.00
[7/23/2019, 4:44:57 PM] Request received on: /career/15-1132.00
[7/23/2019, 4:49:20 PM] Request received on: /career/15-1132.00
[7/23/2019, 4:49:25 PM] Request received on: /career/15-1132.00
[7/23/2019, 4:49:29 PM] Request received on: /career/15-1132.00
[7/23/2019, 4:49:32 PM] Request received on: /career/15-1132.00
[7/23/2019, 4:52:07 PM] Request received on: /career/15-1132.00
[7/23/2019, 4:52:25 PM] Request received on: /career/15-1132.00
[7/23/2019, 4:53:53 PM] Request received on: /career/15-1132.00
[7/23/2019, 5:02:28 PM] Request received on: /career/15-1132.00
[7/23/2019, 5:03:34 PM] Request received on: /career/15-1132.00
[7/23/2019, 5:03:37 PM] Request received on: /career/15-1132.00
[7/23/2019, 5:03:45 PM] Request received on: /career/15-1132.00
[7/23/2019, 5:03:54 PM] Request received on: /career/15-1132.00
[7/23/2019, 5:04:08 PM] Request received on: /career/15-1132.00
[7/23/2019, 5:04:52 PM] Request received on: /career/15-1132.00
[7/23/2019, 5:05:08 PM] Request received on: /career/15-1132.00
[7/23/2019, 5:06:20 PM] Request received on: /career/15-1132.00
[7/23/2019, 5:07:56 PM] Request received on: /career/15-1132.00
[7/23/2019, 5:09:35 PM] Request received on: /career/15-1132.00
[7/23/2019, 5:11:01 PM] Request received on: /career/15-1132.00
[7/23/2019, 5:13:02 PM] Request received on: /career/15-1132.00
[7/23/2019, 5:18:37 PM] Request received on: /career/15-1132.00
[7/23/2019, 5:18:39 PM] Request received on: /career/15-1132.00
[7/23/2019, 5:19:47 PM] Request received on: /career/15-1132.00
[7/23/2019, 5:19:50 PM] Request received on: /career/15-1132.00
[7/23/2019, 5:20:11 PM] Request received on: /career/15-1132.00
[7/23/2019, 5:20:34 PM] Request received on: /career/15-1132.00
[7/23/2019, 5:24:09 PM] Request received on: /career/15-1132.00
[7/23/2019, 5:24:15 PM] Request received on: /career/15-1132.00
[7/23/2019, 5:24:17 PM] Request received on: /career/15-1132.00
[7/23/2019, 5:24:41 PM] Request received on: /career/15-1132.00
[7/23/2019, 5:24:55 PM] Request received on: /career/15-1132.00
[7/23/2019, 5:25:58 PM] Request received on: /career/15-1132.00
[7/23/2019, 5:26:14 PM] Request received on: /career/15-1132.00
[7/23/2019, 5:26:43 PM] Request received on: /career/15-1132.00
[7/23/2019, 5:29:01 PM] Request received on: /career/15-1132.00
[7/23/2019, 5:30:47 PM] Request received on: /career/15-1132.00
[7/23/2019, 5:33:17 PM] Request received on: /career/15-1132.00
[7/23/2019, 5:33:27 PM] Request received on: /career/15-1132.00
[7/23/2019, 5:34:24 PM] Request received on: /career/15-1132.00
[7/23/2019, 5:35:52 PM] Request received on: /career/15-1132.00
[7/23/2019, 5:36:14 PM] Request received on: /career/15-1132.00
[7/23/2019, 5:37:18 PM] Request received on: /career/15-1132.00
[7/23/2019, 5:37:22 PM] Request received on: /career/15-1132.00
[7/23/2019, 5:38:14 PM] Request received on: /career/15-1132.00
[7/23/2019, 5:39:14 PM] Request received on: /career/15-1132.00
[7/23/2019, 5:39:34 PM] Request received on: /career/15-1132.00
[7/23/2019, 5:40:17 PM] Request received on: /career/15-1132.00
[7/23/2019, 5:42:30 PM] Request received on: /career/15-1132.00
[7/23/2019, 5:42:33 PM] Request received on: /career/15-1132.00
[7/23/2019, 5:43:41 PM] Request received on: /career/15-1132.00
[7/23/2019, 5:44:44 PM] Request received on: /career/15-1132.00
[7/23/2019, 5:44:56 PM] Request received on: /career/15-1132.00
[7/23/2019, 5:45:12 PM] Request received on: /career/15-1132.00
[7/23/2019, 5:45:14 PM] Request received on: /career/15-1132.00
[7/23/2019, 5:45:45 PM] Request received on: /career/15-1132.00
[7/23/2019, 5:46:00 PM] Request received on: /career/15-1132.00
[7/23/2019, 5:48:40 PM] Request received on: /career/15-1132.00
[7/23/2019, 5:49:26 PM] Request received on: /career/15-1132.00
[7/23/2019, 5:49:42 PM] Request received on: /career/15-1132.00
[7/23/2019, 5:52:08 PM] Request received on: /career/15-1132.00
[7/23/2019, 5:52:31 PM] Request received on: /career/15-1132.00
[7/23/2019, 5:55:06 PM] Request received on: /career/15-1132.00
[7/23/2019, 5:55:43 PM] Request received on: /career/15-1132.00
[7/23/2019, 5:56:51 PM] Request received on: /program/1
[7/23/2019, 5:56:53 PM] Request received on: /career/43-3031.00
[7/23/2019, 5:57:10 PM] Request received on: /career/43-3031.00
[7/23/2019, 5:57:23 PM] Request received on: /program/2
[7/23/2019, 5:57:25 PM] Request received on: /program/3
[7/23/2019, 5:57:26 PM] Request received on: /program/4
[7/23/2019, 5:57:27 PM] Request received on: /program/5
[7/23/2019, 5:57:28 PM] Request received on: /career/19-2011.00
[7/23/2019, 5:57:40 PM] Request received on: /career/19-1021.00
