[7/25/2019, 8:42:48 AM] Request received on: /program/1
[7/25/2019, 8:42:52 AM] Request received on: /program/2
[7/25/2019, 8:42:53 AM] Request received on: /program/3
[7/25/2019, 8:42:54 AM] Request received on: /program/4
[7/25/2019, 8:42:54 AM] Request received on: /program/5
[7/25/2019, 8:42:55 AM] Request received on: /program/6
[7/25/2019, 8:42:56 AM] Request received on: /program/7
[7/25/2019, 8:42:56 AM] Request received on: /program/8
[7/25/2019, 8:42:56 AM] Request received on: /program/9
[7/25/2019, 8:42:57 AM] Request received on: /program/10
[7/25/2019, 8:42:58 AM] Request received on: /program/11
[7/25/2019, 8:42:58 AM] Request received on: /program/12
[7/25/2019, 8:42:59 AM] Request received on: /program/13
[7/25/2019, 8:42:59 AM] Request received on: /program/14
[7/25/2019, 8:43:00 AM] Request received on: /program/15
[7/25/2019, 8:43:01 AM] Request received on: /program/16
[7/25/2019, 8:43:02 AM] Request received on: /program/17
[7/25/2019, 8:43:03 AM] Request received on: /program/18
[7/25/2019, 8:43:04 AM] Request received on: /program/19
[7/25/2019, 8:43:05 AM] Request received on: /program/20
[7/25/2019, 8:43:06 AM] Request received on: /program/21
[7/25/2019, 8:43:07 AM] Request received on: /program/22
[7/25/2019, 8:43:08 AM] Request received on: /program/23
[7/25/2019, 8:43:09 AM] Request received on: /program/24
[7/25/2019, 8:43:10 AM] Request received on: /program/25
[7/25/2019, 8:43:11 AM] Request received on: /program/26
[7/25/2019, 8:43:11 AM] Request received on: /program/27
[7/25/2019, 8:43:12 AM] Request received on: /program/28
[7/25/2019, 8:43:15 AM] Request received on: /career/27-1022.00
[7/25/2019, 8:44:24 AM] Request received on: /career/41-9012.00
[7/25/2019, 8:44:48 AM] Request received on: /career/25-4012.00
[7/25/2019, 8:45:42 AM] Request received on: /career/27-1026.00
[7/25/2019, 8:45:51 AM] Request received on: /program/29
[7/25/2019, 8:45:59 AM] Request received on: /career/29-1128.00
[7/25/2019, 8:47:58 AM] Request received on: /career/29-1128.00
[7/25/2019, 9:06:26 AM] Request received on: /career/29-1128.00
[7/25/2019, 9:06:48 AM] Request received on: /generate
[7/25/2019, 9:09:34 AM] Request received on: /career/29-1128.00
[7/25/2019, 9:11:22 AM] Request received on: /generate
[7/25/2019, 9:11:23 AM] Request received on: /career/29-1128.00
[7/25/2019, 9:12:44 AM] Request received on: /career/29-1128.00
[7/25/2019, 9:12:45 AM] Request received on: /career/29-1128.00
[7/25/2019, 9:12:48 AM] Request received on: /career/29-1128.00
[7/25/2019, 9:12:55 AM] Request received on: /career/29-1128.00
[7/25/2019, 9:13:14 AM] Request received on: /career/29-1128.00
[7/25/2019, 9:13:21 AM] Request received on: /generate
[7/25/2019, 9:13:22 AM] Request received on: /career/29-1128.00
[7/25/2019, 9:43:44 AM] Request received on: /generate
[7/25/2019, 9:52:38 AM] Request received on: /program/1
[7/25/2019, 9:53:27 AM] Request received on: /program/1
[7/25/2019, 9:53:38 AM] Request received on: /program/1
[7/25/2019, 9:53:40 AM] Request received on: /career/25-1031.00
[7/25/2019, 9:53:54 AM] Request received on: /career/25-1031.00
[7/25/2019, 9:57:01 AM] Request received on: /career/25-1031.00
[7/25/2019, 9:58:41 AM] Request received on: /program/58
[7/25/2019, 9:58:42 AM] Request received on: /program/57
[7/25/2019, 9:58:43 AM] Request received on: /program/56
[7/25/2019, 9:58:43 AM] Request received on: /program/55
[7/25/2019, 9:58:44 AM] Request received on: /program/54
[7/25/2019, 9:58:44 AM] Request received on: /program/53
[7/25/2019, 9:58:45 AM] Request received on: /program/52
[7/25/2019, 9:58:45 AM] Request received on: /program/51
[7/25/2019, 9:59:32 AM] Request received on: /program/51
[7/25/2019, 9:59:38 AM] Request received on: /program/51
[7/25/2019, 9:59:39 AM] Request received on: /program/52
[7/25/2019, 9:59:40 AM] Request received on: /program/53
[7/25/2019, 9:59:40 AM] Request received on: /program/54
[7/25/2019, 9:59:41 AM] Request received on: /program/55
[7/25/2019, 9:59:41 AM] Request received on: /program/56
[7/25/2019, 9:59:42 AM] Request received on: /program/57
[7/25/2019, 9:59:42 AM] Request received on: /program/58
[7/25/2019, 9:59:43 AM] Request received on: /program/59
[7/25/2019, 9:59:44 AM] Request received on: /program/58
[7/25/2019, 9:59:44 AM] Request received on: /program/57
[7/25/2019, 9:59:45 AM] Request received on: /program/56
[7/25/2019, 9:59:45 AM] Request received on: /program/55
[7/25/2019, 9:59:46 AM] Request received on: /program/54
[7/25/2019, 9:59:46 AM] Request received on: /program/53
[7/25/2019, 9:59:47 AM] Request received on: /program/54
[7/25/2019, 9:59:47 AM] Request received on: /program/55
[7/25/2019, 9:59:47 AM] Request received on: /program/56
[7/25/2019, 9:59:47 AM] Request received on: /program/57
[7/25/2019, 9:59:47 AM] Request received on: /program/58
[7/25/2019, 9:59:48 AM] Request received on: /program/59
[7/25/2019, 9:59:48 AM] Request received on: /program/1
[7/25/2019, 9:59:49 AM] Request received on: /program/59
[7/25/2019, 10:00:14 AM] Request received on: /career/27-2023.00
[7/25/2019, 10:00:27 AM] Request received on: /career/27-2022.00
[7/25/2019, 10:00:46 AM] Request received on: /career/29-1064.00
[7/25/2019, 10:01:39 AM] Request received on: /career/29-1064.00
[7/25/2019, 10:03:09 AM] Request received on: /career/29-1064.00
[7/25/2019, 10:03:50 AM] Request received on: /career/29-1064.00
[7/25/2019, 10:10:31 AM] Request received on: /career/29-1064.00
[7/25/2019, 10:10:43 AM] Request received on: /career/29-1064.00
[7/25/2019, 10:10:55 AM] Request received on: /career/29-1064.00
[7/25/2019, 10:11:07 AM] Request received on: /career/29-1064.00
[7/25/2019, 10:12:21 AM] Request received on: /career/29-1064.00
[7/25/2019, 10:12:31 AM] Request received on: /career/29-1064.00
[7/25/2019, 10:13:04 AM] Request received on: /career/29-1064.00
[7/25/2019, 10:13:15 AM] Request received on: /career/29-1064.00
[7/25/2019, 10:13:35 AM] Request received on: /career/29-1064.00
[7/25/2019, 10:13:50 AM] Request received on: /career/29-1064.00
[7/25/2019, 10:13:54 AM] Request received on: /career/29-1064.00
[7/25/2019, 10:14:10 AM] Request received on: /career/29-1064.00
[7/25/2019, 10:18:53 AM] Request received on: /career/29-1064.00
[7/25/2019, 10:24:18 AM] Request received on: /career/29-1064.00
[7/25/2019, 10:24:33 AM] Request received on: /career/29-1064.00
[7/25/2019, 10:28:10 AM] Request received on: /career/29-1064.00
[7/25/2019, 10:28:22 AM] Request received on: /career/29-1064.00
[7/25/2019, 10:29:02 AM] Request received on: /career/29-1064.00
[7/25/2019, 10:30:53 AM] Request received on: /career/29-1064.00
[7/25/2019, 10:31:00 AM] Request received on: /career/29-1064.00
[7/25/2019, 10:31:24 AM] Request received on: /career/29-1064.00
[7/25/2019, 10:32:13 AM] Request received on: /career/29-1064.00
[7/25/2019, 10:33:51 AM] Request received on: /career/29-1064.00
[7/25/2019, 10:35:48 AM] Request received on: /career/29-1064.00
[7/25/2019, 10:36:45 AM] Request received on: /program/59
[7/25/2019, 10:36:47 AM] Request received on: /program/1
[7/25/2019, 10:36:48 AM] Request received on: /program/2
[7/25/2019, 10:36:49 AM] Request received on: /program/3
[7/25/2019, 10:36:49 AM] Request received on: /program/4
[7/25/2019, 10:36:50 AM] Request received on: /program/5
[7/25/2019, 10:36:50 AM] Request received on: /program/6
[7/25/2019, 10:36:51 AM] Request received on: /program/7
[7/25/2019, 10:36:51 AM] Request received on: /program/8
[7/25/2019, 10:36:51 AM] Request received on: /program/9
[7/25/2019, 10:36:52 AM] Request received on: /program/10
[7/25/2019, 10:36:52 AM] Request received on: /program/11
[7/25/2019, 10:36:52 AM] Request received on: /program/12
[7/25/2019, 10:36:52 AM] Request received on: /program/13
[7/25/2019, 10:36:53 AM] Request received on: /program/14
[7/25/2019, 10:36:53 AM] Request received on: /program/15
[7/25/2019, 10:36:54 AM] Request received on: /program/16
[7/25/2019, 10:37:34 AM] Request received on: /program/16
[7/25/2019, 10:37:47 AM] Request received on: /program/16
[7/25/2019, 10:37:53 AM] Request received on: /program/17
[7/25/2019, 10:37:53 AM] Request received on: /program/18
[7/25/2019, 10:37:55 AM] Request received on: /program/19
[7/25/2019, 10:37:57 AM] Request received on: /program/20
[7/25/2019, 10:37:58 AM] Request received on: /program/21
[7/25/2019, 10:37:59 AM] Request received on: /program/22
[7/25/2019, 10:37:59 AM] Request received on: /program/23
[7/25/2019, 10:38:00 AM] Request received on: /program/24
[7/25/2019, 10:38:01 AM] Request received on: /program/25
[7/25/2019, 10:38:01 AM] Request received on: /program/26
[7/25/2019, 10:38:02 AM] Request received on: /program/27
[7/25/2019, 10:38:02 AM] Request received on: /program/28
[7/25/2019, 10:38:03 AM] Request received on: /program/29
[7/25/2019, 10:38:03 AM] Request received on: /program/30
[7/25/2019, 10:38:04 AM] Request received on: /program/31
[7/25/2019, 10:38:05 AM] Request received on: /program/32
[7/25/2019, 10:38:06 AM] Request received on: /program/33
[7/25/2019, 10:38:07 AM] Request received on: /program/34
[7/25/2019, 10:38:08 AM] Request received on: /program/35
[7/25/2019, 10:38:09 AM] Request received on: /program/36
[7/25/2019, 10:38:10 AM] Request received on: /program/37
[7/25/2019, 10:38:10 AM] Request received on: /program/38
[7/25/2019, 10:38:11 AM] Request received on: /program/39
[7/25/2019, 10:38:37 AM] Request received on: /career/11-2021.00
[7/25/2019, 10:41:24 AM] Request received on: /career/11-2021.00
[7/25/2019, 10:41:27 AM] Request received on: /career/11-2021.00
[7/25/2019, 10:41:57 AM] Request received on: /career/11-2021.00
[7/25/2019, 10:42:15 AM] Request received on: /career/11-2021.00
[7/25/2019, 10:42:23 AM] Request received on: /career/11-2021.00
[7/25/2019, 10:44:03 AM] Request received on: /career/11-2021.00
[7/25/2019, 10:45:18 AM] Request received on: /career/11-2021.00
[7/25/2019, 10:45:19 AM] Request received on: /program/39
[7/25/2019, 10:45:21 AM] Request received on: /career/11-2021.00
[7/25/2019, 10:45:35 AM] Request received on: /program/39
[7/25/2019, 10:45:41 AM] Request received on: /program/40
[7/25/2019, 10:45:42 AM] Request received on: /career/29-1125.02
[7/25/2019, 10:51:18 AM] Request received on: /career/29-1125.02
[7/25/2019, 10:51:35 AM] Request received on: /career/29-1125.02
[7/25/2019, 10:52:32 AM] Request received on: /career/29-1125.02
[7/25/2019, 10:53:46 AM] Request received on: /career/29-1125.02
[7/25/2019, 10:54:11 AM] Request received on: /career/29-1125.02
[7/25/2019, 10:54:33 AM] Request received on: /career/29-1125.02
[7/25/2019, 10:56:53 AM] Request received on: /career/29-1125.02
[7/25/2019, 10:56:58 AM] Request received on: /career/29-1125.02
[7/25/2019, 11:00:10 AM] Request received on: /career/29-1125.02
[7/25/2019, 11:00:45 AM] Request received on: /career/29-1125.02
[7/25/2019, 11:01:43 AM] Request received on: /career/29-1125.02
[7/25/2019, 11:01:44 AM] Request received on: /career/29-1125.02
[7/25/2019, 11:02:01 AM] Request received on: /career/29-1125.02
[7/25/2019, 11:02:36 AM] Request received on: /career/29-1125.02
[7/25/2019, 11:03:02 AM] Request received on: /career/29-1125.02
[7/25/2019, 11:03:29 AM] Request received on: /career/29-1125.02
[7/25/2019, 11:05:29 AM] Request received on: /career/29-1125.02
[7/25/2019, 11:05:43 AM] Request received on: /career/29-1125.02
[7/25/2019, 11:05:47 AM] Request received on: /career/29-1125.02
[7/25/2019, 11:05:51 AM] Request received on: /career/29-1125.02
[7/25/2019, 11:05:58 AM] Request received on: /career/29-1125.02
[7/25/2019, 11:06:04 AM] Request received on: /career/29-1125.02
[7/25/2019, 11:06:11 AM] Request received on: /career/29-1125.02
[7/25/2019, 11:06:31 AM] Request received on: /career/29-1125.02
[7/25/2019, 11:06:48 AM] Request received on: /career/29-1125.02
[7/25/2019, 11:06:54 AM] Request received on: /career/29-1125.02
[7/25/2019, 11:07:30 AM] Request received on: /career/29-1125.02
[7/25/2019, 11:07:36 AM] Request received on: /career/29-1125.02
[7/25/2019, 11:08:00 AM] Request received on: /career/29-1125.02
[7/25/2019, 11:08:13 AM] Request received on: /career/29-1125.02
[7/25/2019, 11:08:52 AM] Request received on: /career/29-1125.02
[7/25/2019, 11:11:35 AM] Request received on: /career/29-1125.02
[7/25/2019, 11:12:30 AM] Request received on: /career/29-1125.02
[7/25/2019, 11:13:02 AM] Request received on: /career/29-1125.02
[7/25/2019, 11:13:42 AM] Request received on: /career/29-1125.02
[7/25/2019, 11:14:08 AM] Request received on: /career/29-1125.02
[7/25/2019, 11:14:25 AM] Request received on: /career/29-1125.02
[7/25/2019, 11:14:46 AM] Request received on: /career/29-1125.02
[7/25/2019, 11:20:53 AM] Request received on: /career/29-1125.02
[7/25/2019, 11:21:12 AM] Request received on: /career/29-1125.02
[7/25/2019, 11:21:31 AM] Request received on: /career/29-1125.02
[7/25/2019, 11:22:30 AM] Request received on: /career/29-1125.02
[7/25/2019, 11:22:37 AM] Request received on: /career/29-1125.02
[7/25/2019, 11:23:02 AM] Request received on: /career/29-1125.02
[7/25/2019, 11:24:45 AM] Request received on: /career/29-1125.02
[7/25/2019, 11:25:26 AM] Request received on: /career/29-1125.02
[7/25/2019, 11:25:32 AM] Request received on: /career/29-1125.02
[7/25/2019, 11:27:39 AM] Request received on: /career/29-1125.02
[7/25/2019, 11:27:47 AM] Request received on: /career/29-1125.02
[7/25/2019, 11:28:00 AM] Request received on: /career/29-1125.02
[7/25/2019, 11:30:48 AM] Request received on: /career/29-1125.02
[7/25/2019, 11:32:02 AM] Request received on: /career/29-1125.02
[7/25/2019, 11:32:51 AM] Request received on: /career/29-1125.02
[7/25/2019, 11:33:30 AM] Request received on: /career/29-1125.02
[7/25/2019, 11:33:39 AM] Request received on: /career/29-1125.02
[7/25/2019, 11:34:14 AM] Request received on: /career/29-1125.02
[7/25/2019, 11:34:35 AM] Request received on: /career/29-1125.02
[7/25/2019, 11:35:53 AM] Request received on: /career/29-1125.02
[7/25/2019, 11:36:05 AM] Request received on: /career/29-1125.02
[7/25/2019, 11:36:14 AM] Request received on: /career/29-1125.02
[7/25/2019, 11:36:49 AM] Request received on: /career/29-1125.02
[7/25/2019, 11:39:33 AM] Request received on: /career/29-1125.02
[7/25/2019, 11:41:57 AM] Request received on: /career/29-1125.02
[7/25/2019, 11:42:01 AM] Request received on: /career/29-1125.02
[7/25/2019, 11:42:19 AM] Request received on: /career/29-1125.02
[7/25/2019, 11:42:25 AM] Request received on: /career/29-1125.02
[7/25/2019, 11:42:52 AM] Request received on: /career/29-1125.02
[7/25/2019, 11:42:57 AM] Request received on: /career/29-1125.02
[7/25/2019, 11:43:24 AM] Request received on: /career/29-1125.02
[7/25/2019, 11:43:45 AM] Request received on: /career/29-1125.02
[7/25/2019, 12:03:02 PM] Request received on: /career/29-1125.02
[7/25/2019, 12:03:47 PM] Request received on: /career/29-1125.02
[7/25/2019, 12:03:55 PM] Request received on: /career/29-1125.02
[7/25/2019, 12:04:03 PM] Request received on: /career/29-1125.02
[7/25/2019, 12:04:18 PM] Request received on: /career/29-1125.02
[7/25/2019, 12:04:29 PM] Request received on: /career/29-1125.02
[7/25/2019, 12:04:49 PM] Request received on: /career/29-1125.02
[7/25/2019, 12:05:15 PM] Request received on: /program/40
[7/25/2019, 12:05:30 PM] Request received on: /program/41
[7/25/2019, 12:05:31 PM] Request received on: /program/42
[7/25/2019, 12:05:32 PM] Request received on: /program/43
[7/25/2019, 12:05:34 PM] Request received on: /career/29-1031.00
[7/25/2019, 12:06:25 PM] Request received on: /career/29-1031.00
[7/25/2019, 12:06:34 PM] Request received on: /program/43
[7/25/2019, 12:07:19 PM] Request received on: /program/43
[7/25/2019, 12:07:22 PM] Request received on: /program/43
[7/25/2019, 12:07:27 PM] Request received on: /program/43
[7/25/2019, 12:07:30 PM] Request received on: /career/29-1031.00
[7/25/2019, 12:08:58 PM] Request received on: /career/29-1031.00
[7/25/2019, 12:09:32 PM] Request received on: /career/29-1031.00
[7/25/2019, 12:10:54 PM] Request received on: /career/29-1031.00
[7/25/2019, 12:11:13 PM] Request received on: /career/29-1031.00
[7/25/2019, 12:11:40 PM] Request received on: /career/29-1031.00
[7/25/2019, 12:12:08 PM] Request received on: /career/29-1031.00
[7/25/2019, 12:12:17 PM] Request received on: /career/29-1031.00
[7/25/2019, 12:13:10 PM] Request received on: /career/29-1031.00
[7/25/2019, 12:13:37 PM] Request received on: /career/29-1031.00
[7/25/2019, 12:13:40 PM] Request received on: /career/29-1031.00
[7/25/2019, 12:13:55 PM] Request received on: /career/29-1031.00
[7/25/2019, 12:14:03 PM] Request received on: /career/29-1031.00
[7/25/2019, 12:14:43 PM] Request received on: /career/29-1031.00
[7/25/2019, 12:14:51 PM] Request received on: /career/29-1031.00
[7/25/2019, 12:15:03 PM] Request received on: /career/29-1031.00
[7/25/2019, 12:15:41 PM] Request received on: /career/29-1031.00
[7/25/2019, 12:16:27 PM] Request received on: /career/29-1031.00
[7/25/2019, 12:17:49 PM] Request received on: /career/29-1031.00
[7/25/2019, 12:18:02 PM] Request received on: /career/29-1031.00
[7/25/2019, 12:19:15 PM] Request received on: /career/29-1031.00
[7/25/2019, 12:19:24 PM] Request received on: /career/29-1031.00
[7/25/2019, 12:19:36 PM] Request received on: /career/29-1031.00
[7/25/2019, 12:22:00 PM] Request received on: /career/29-1031.00
[7/25/2019, 12:22:06 PM] Request received on: /career/29-1031.00
[7/25/2019, 12:22:36 PM] Request received on: /career/29-1031.00
[7/25/2019, 12:22:44 PM] Request received on: /career/29-1031.00
[7/25/2019, 12:22:50 PM] Request received on: /career/29-1031.00
[7/25/2019, 12:23:06 PM] Request received on: /career/29-1031.00
[7/25/2019, 12:23:38 PM] Request received on: /career/29-1031.00
[7/25/2019, 12:23:41 PM] Request received on: /career/29-1031.00
[7/25/2019, 12:23:57 PM] Request received on: /career/29-1031.00
[7/25/2019, 12:24:30 PM] Request received on: /career/29-1031.00
[7/25/2019, 12:24:42 PM] Request received on: /career/29-1031.00
[7/25/2019, 12:24:59 PM] Request received on: /career/29-1031.00
[7/25/2019, 12:25:25 PM] Request received on: /career/29-1031.00
[7/25/2019, 12:39:32 PM] Request received on: /career/29-1031.00
[7/25/2019, 1:09:32 PM] Request received on: /career/29-1031.00
[7/25/2019, 1:11:32 PM] Request received on: /career/29-1031.00
[7/25/2019, 1:12:09 PM] Request received on: /career/29-1031.00
[7/25/2019, 1:12:45 PM] Request received on: /career/29-1031.00
[7/25/2019, 1:13:03 PM] Request received on: /career/29-1031.00
[7/25/2019, 1:13:14 PM] Request received on: /career/29-1031.00
[7/25/2019, 1:13:27 PM] Request received on: /career/29-1031.00
[7/25/2019, 1:13:36 PM] Request received on: /career/29-1031.00
[7/25/2019, 1:39:32 PM] Request received on: /career/29-1031.00
[7/25/2019, 2:02:35 PM] Request received on: /career/29-1031.00
[7/25/2019, 2:02:49 PM] Request received on: /career/29-1031.00
[7/25/2019, 2:04:51 PM] Request received on: /career/29-1031.00
[7/25/2019, 2:09:33 PM] Request received on: /career/29-1031.00
[7/25/2019, 2:39:33 PM] Request received on: /career/29-1031.00
[7/25/2019, 3:05:10 PM] Request received on: /program/43
[7/25/2019, 3:05:19 PM] Request received on: /program/44
[7/25/2019, 3:05:20 PM] Request received on: /program/45
[7/25/2019, 3:05:22 PM] Request received on: /program/46
[7/25/2019, 3:05:24 PM] Request received on: /program/47
[7/25/2019, 3:05:24 PM] Request received on: /program/48
[7/25/2019, 3:05:25 PM] Request received on: /program/49
[7/25/2019, 3:05:26 PM] Request received on: /program/50
[7/25/2019, 3:05:29 PM] Request received on: /program/49
[7/25/2019, 3:05:31 PM] Request received on: /program/48
[7/25/2019, 3:05:33 PM] Request received on: /program/47
[7/25/2019, 3:05:39 PM] Request received on: /career/31-2021.00
[7/25/2019, 3:07:53 PM] Request received on: /career/31-2021.00
[7/25/2019, 3:08:09 PM] Request received on: /career/31-2021.00
[7/25/2019, 3:09:32 PM] Request received on: /career/31-2021.00
[7/25/2019, 3:12:50 PM] Request received on: /career/31-2021.00
[7/25/2019, 3:18:15 PM] Request received on: /program/47
[7/25/2019, 3:18:20 PM] Request received on: /career/31-2021.00
[7/25/2019, 3:20:46 PM] Request received on: /career/31-2021.00
[7/25/2019, 3:25:15 PM] Request received on: /career/31-2021.00
[7/25/2019, 3:25:36 PM] Request received on: /career/31-2021.00
[7/25/2019, 3:25:48 PM] Request received on: /career/31-2021.00
[7/25/2019, 3:28:07 PM] Request received on: /generate
[7/25/2019, 3:28:29 PM] Request received on: /generate
[7/25/2019, 3:29:19 PM] Request received on: /generate
[7/25/2019, 3:30:19 PM] Request received on: /generate
[7/25/2019, 3:31:21 PM] Request received on: /generate
[7/25/2019, 3:31:44 PM] Request received on: /generate
[7/25/2019, 3:32:34 PM] Request received on: /generate
[7/25/2019, 3:32:49 PM] Request received on: /generate
[7/25/2019, 3:38:51 PM] Request received on: /generate
[7/25/2019, 3:39:02 PM] Request received on: /generate
[7/25/2019, 3:39:11 PM] Request received on: /generate
[7/25/2019, 3:39:36 PM] Request received on: /generate
[7/25/2019, 3:40:46 PM] Request received on: /generate
[7/25/2019, 3:40:58 PM] Request received on: /generate
[7/25/2019, 3:42:21 PM] Request received on: /generate
[7/25/2019, 3:42:32 PM] Request received on: /generate
[7/25/2019, 3:42:49 PM] Request received on: /generate
[7/25/2019, 3:43:30 PM] Request received on: /generate
[7/25/2019, 3:43:48 PM] Request received on: /generate
[7/25/2019, 3:46:55 PM] Request received on: /generate
[7/25/2019, 3:49:27 PM] Request received on: /generate
[7/25/2019, 3:49:45 PM] Request received on: /generate
[7/25/2019, 3:50:27 PM] Request received on: /generate
[7/25/2019, 3:53:13 PM] Request received on: /career/15-1132.00
[7/25/2019, 3:54:00 PM] Request received on: /career/15-1132.00
[7/25/2019, 3:54:02 PM] Request received on: /generate
[7/25/2019, 3:55:19 PM] Request received on: /career/15-1132.00
[7/25/2019, 3:55:22 PM] Request received on: /career/15-1132.00
[7/25/2019, 3:55:29 PM] Request received on: /career/15-1132.00
[7/25/2019, 3:55:33 PM] Request received on: /career/15-1132.00
[7/25/2019, 4:12:41 PM] Request received on: /program/1
[7/25/2019, 4:17:14 PM] Request received on: /generate
[7/25/2019, 4:18:43 PM] Request received on: /generate
[7/25/2019, 4:18:52 PM] Request received on: /generate
[7/25/2019, 4:19:03 PM] Request received on: /generate
[7/25/2019, 4:19:25 PM] Request received on: /generate
[7/25/2019, 4:19:49 PM] Request received on: /generate
[7/25/2019, 4:20:16 PM] Request received on: /generate
[7/25/2019, 4:22:49 PM] Request received on: /generate
[7/25/2019, 4:23:14 PM] Request received on: /generate
[7/25/2019, 4:25:47 PM] Request received on: /generate
[7/25/2019, 4:30:23 PM] Request received on: /generate
[7/25/2019, 4:30:32 PM] Request received on: /generate
[7/25/2019, 4:31:00 PM] Request received on: /generate
[7/25/2019, 4:34:55 PM] Request received on: /program/1
[7/25/2019, 4:35:03 PM] Request received on: /program/1
[7/25/2019, 4:40:17 PM] Request received on: /program/1
[7/25/2019, 4:55:34 PM] Request received on: /career/15-1134.00
[7/25/2019, 4:55:58 PM] Request received on: /career/15-1134.00
[7/25/2019, 4:57:33 PM] Request received on: /career/15-1134.00
[7/25/2019, 4:57:50 PM] Request received on: /career/15-1134.00
[7/25/2019, 4:59:00 PM] Request received on: /career/15-1134.00
[7/25/2019, 4:59:27 PM] Request received on: /career/15-1134.00
[7/25/2019, 5:01:13 PM] Request received on: /career/15-1134.00
[7/25/2019, 5:02:13 PM] Request received on: /career/15-1134.00
[7/25/2019, 5:03:23 PM] Request received on: /career/15-1134.00
[7/25/2019, 5:05:14 PM] Request received on: /career/15-1134.00
[7/25/2019, 5:09:09 PM] Request received on: /career/15-1134.00
[7/25/2019, 5:09:16 PM] Request received on: /career/15-1134.00
[7/25/2019, 5:09:45 PM] Request received on: /career/15-1134.00
[7/25/2019, 5:10:13 PM] Request received on: /career/15-1134.00
