[7/26/2019, 8:37:04 AM] Request received on: /career/15-1134.00
[7/26/2019, 8:37:27 AM] Request received on: /career/15-1134.00
[7/26/2019, 8:38:54 AM] Request received on: /career/15-1134.00
[7/26/2019, 8:40:07 AM] Request received on: /career/15-1134.00
[7/26/2019, 8:40:55 AM] Request received on: /career/15-1134.00
[7/26/2019, 8:43:25 AM] Request received on: /career/15-1134.00
[7/26/2019, 8:43:33 AM] Request received on: /career/15-1134.00
[7/26/2019, 8:43:46 AM] Request received on: /career/15-1134.00
[7/26/2019, 8:44:54 AM] Request received on: /career/15-1134.00
[7/26/2019, 8:45:10 AM] Request received on: /career/15-1134.00
[7/26/2019, 8:45:24 AM] Request received on: /career/15-1134.00
[7/26/2019, 8:45:52 AM] Request received on: /career/15-1134.00
[7/26/2019, 8:46:45 AM] Request received on: /career/15-1134.00
[7/26/2019, 8:47:01 AM] Request received on: /career/15-1134.00
[7/26/2019, 8:47:41 AM] Request received on: /career/15-1134.00
[7/26/2019, 8:49:15 AM] Request received on: /career/15-1134.00
[7/26/2019, 8:49:23 AM] Request received on: /career/15-1134.00
[7/26/2019, 8:49:41 AM] Request received on: /career/15-1134.00
[7/26/2019, 8:49:53 AM] Request received on: /career/15-1134.00
[7/26/2019, 8:50:10 AM] Request received on: /career/15-1134.00
[7/26/2019, 8:51:53 AM] Request received on: /career/15-1134.00
[7/26/2019, 8:54:21 AM] Request received on: /career/15-1134.00
[7/26/2019, 8:58:26 AM] Request received on: /career/15-1134.00
[7/26/2019, 9:00:11 AM] Request received on: /career/15-1134.00
[7/26/2019, 9:02:41 AM] Request received on: /career/15-1134.00
[7/26/2019, 9:02:50 AM] Request received on: /career/15-1134.00
[7/26/2019, 9:10:59 AM] Request received on: /career/15-1134.00
[7/26/2019, 9:11:21 AM] Request received on: /career/15-1134.00
[7/26/2019, 9:12:51 AM] Request received on: /career/15-1134.00
[7/26/2019, 9:13:20 AM] Request received on: /career/15-1134.00
[7/26/2019, 9:17:35 AM] Request received on: /career/15-1134.00
[7/26/2019, 9:19:31 AM] Request received on: /career/15-1134.00/a/a
[7/26/2019, 9:19:41 AM] Request received on: /career/15-1134.00/US/25
[7/26/2019, 9:22:07 AM] Request received on: /
[7/26/2019, 9:22:53 AM] Request received on: /
[7/26/2019, 9:23:05 AM] Request received on: /
[7/26/2019, 9:24:04 AM] Request received on: /
[7/26/2019, 9:24:13 AM] Request received on: /
[7/26/2019, 9:24:18 AM] Request received on: /
[7/26/2019, 9:24:40 AM] Request received on: /
[7/26/2019, 9:25:07 AM] Request received on: /
[7/26/2019, 9:25:32 AM] Request received on: /
[7/26/2019, 9:25:56 AM] Request received on: /
[7/26/2019, 9:26:47 AM] Request received on: /
[7/26/2019, 9:27:04 AM] Request received on: /
[7/26/2019, 9:27:12 AM] Request received on: /
[7/26/2019, 9:27:18 AM] Request received on: /
[7/26/2019, 9:27:31 AM] Request received on: /
[7/26/2019, 9:27:32 AM] Request received on: /favicon.ico
[7/26/2019, 9:27:51 AM] Request received on: /
[7/26/2019, 9:27:58 AM] Request received on: /
[7/26/2019, 9:28:27 AM] Request received on: /career/15-1134.00/92111/50
[7/26/2019, 9:32:02 AM] Request received on: /career/15-1134.00/92111/50
[7/26/2019, 9:33:12 AM] Request received on: /career/15-1134.00/92111/50
[7/26/2019, 9:35:42 AM] Request received on: /career/15-1134.00/92111/50
[7/26/2019, 9:35:51 AM] Request received on: /career/15-1134.00/92111/50
[7/26/2019, 9:37:45 AM] Request received on: /career/15-1134.00/92111/50
[7/26/2019, 9:38:08 AM] Request received on: /career/15-1134.00/92111/50
[7/26/2019, 9:41:15 AM] Request received on: /program/1
[7/26/2019, 9:42:48 AM] Request received on: /program/1
[7/26/2019, 9:42:58 AM] Request received on: /program/1
[7/26/2019, 9:44:32 AM] Request received on: /program/1
[7/26/2019, 9:46:53 AM] Request received on: /program/1
[7/26/2019, 9:46:58 AM] Request received on: /program/1
[7/26/2019, 9:47:04 AM] Request received on: /program/1
[7/26/2019, 9:47:08 AM] Request received on: /program/1
[7/26/2019, 9:47:10 AM] Request received on: /program/1
[7/26/2019, 9:47:19 AM] Request received on: /program/1
[7/26/2019, 9:47:36 AM] Request received on: /program/1
[7/26/2019, 9:47:41 AM] Request received on: /program/1
[7/26/2019, 9:48:23 AM] Request received on: /program/1
[7/26/2019, 9:48:40 AM] Request received on: /program/1
[7/26/2019, 9:49:52 AM] Request received on: /program/1
[7/26/2019, 9:49:54 AM] Request received on: /program/1
[7/26/2019, 9:52:57 AM] Request received on: /program/1
[7/26/2019, 9:53:08 AM] Request received on: /career/25-1031.00nullnull
[7/26/2019, 9:53:16 AM] Request received on: /career/25-1031.00
[7/26/2019, 9:53:28 AM] Request received on: /career/25-1031.00US25
[7/26/2019, 9:53:38 AM] Request received on: /career/25-1031.00/US/25
[7/26/2019, 9:54:03 AM] Request received on: /career/25-1031.00/92111/50
[7/26/2019, 9:57:12 AM] Request received on: /career/25-1031.00/92111/50
[7/26/2019, 9:58:20 AM] Request received on: /career/25-1031.00/92111/50
[7/26/2019, 9:58:20 AM] Request received on: /career/25-1031.00/92111/50
[7/26/2019, 9:58:41 AM] Request received on: /career/25-1031.00/92111/50
[7/26/2019, 10:04:10 AM] Request received on: /career/25-1031.00/92111/50
[7/26/2019, 10:04:43 AM] Request received on: /career/25-1031.00/92111/50
[7/26/2019, 10:05:02 AM] Request received on: /career/25-1031.00/92111/50
[7/26/2019, 10:05:58 AM] Request received on: /career/25-1031.00/92111/50
[7/26/2019, 10:06:16 AM] Request received on: /career/25-1031.00/92111/50
[7/26/2019, 10:06:32 AM] Request received on: /career/25-1031.00/92111/50
[7/26/2019, 10:08:20 AM] Request received on: /career/25-1031.00/92111/50
[7/26/2019, 10:08:42 AM] Request received on: /career/15-1134.00/92111/50
[7/26/2019, 10:09:22 AM] Request received on: /career/25-1031.00/92111/50
[7/26/2019, 10:10:45 AM] Request received on: /career/25-1031.00/92111/50
[7/26/2019, 10:13:01 AM] Request received on: /career/25-1031.00/92111/50
[7/26/2019, 10:13:19 AM] Request received on: /career/25-1031.00/92111/50
[7/26/2019, 10:13:30 AM] Request received on: /career/25-1031.00/92111/50
[7/26/2019, 10:13:47 AM] Request received on: /career/25-1031.00/92111/50
[7/26/2019, 10:14:13 AM] Request received on: /career/25-1031.00/92111/50
[7/26/2019, 10:14:20 AM] Request received on: /career/25-1031.00/92111/50
[7/26/2019, 10:15:30 AM] Request received on: /career/25-1031.00/92111/50
[7/26/2019, 10:15:43 AM] Request received on: /career/25-1031.00/92111/50
[7/26/2019, 10:15:59 AM] Request received on: /career/25-1031.00/92111/50
[7/26/2019, 10:20:27 AM] Request received on: /career/25-1031.00/92111/50
[7/26/2019, 10:20:47 AM] Request received on: /career/25-1031.00/92111/50
[7/26/2019, 10:23:01 AM] Request received on: /career/25-1031.00/92111/50
[7/26/2019, 10:23:30 AM] Request received on: /program/1
[7/26/2019, 10:23:34 AM] Request received on: /career/25-1031.00/92111/50
[7/26/2019, 10:24:25 AM] Request received on: /career/25-1031.00/92111/50
[7/26/2019, 10:24:31 AM] Request received on: /career/25-1031.00/92111/50
[7/26/2019, 10:24:33 AM] Request received on: /career/25-1031.00/92111/50
[7/26/2019, 10:24:44 AM] Request received on: /program/1
[7/26/2019, 10:24:47 AM] Request received on: /career/25-1031.00/92111/50
[7/26/2019, 10:24:59 AM] Request received on: /career/25-1031.00/92111/50
[7/26/2019, 10:26:21 AM] Request received on: /career/25-1031.00/92111/50
[7/26/2019, 10:27:00 AM] Request received on: /career/25-1031.00/92111/50
[7/26/2019, 10:27:19 AM] Request received on: /career/25-1031.00/92111/50
[7/26/2019, 10:27:35 AM] Request received on: /career/25-1031.00/92111/50
[7/26/2019, 10:28:10 AM] Request received on: /career/25-1031.00/92111/50
[7/26/2019, 10:29:34 AM] Request received on: /career/25-1031.00/92111/50
[7/26/2019, 10:30:53 AM] Request received on: /career/25-1031.00/92111/50
[7/26/2019, 10:31:06 AM] Request received on: /career/25-1031.00/92111/50
[7/26/2019, 10:31:48 AM] Request received on: /career/25-1031.00/92111/50
[7/26/2019, 10:32:04 AM] Request received on: /career/25-1031.00/92111/50
[7/26/2019, 10:32:24 AM] Request received on: /career/25-1031.00/92111/50
[7/26/2019, 10:32:37 AM] Request received on: /career/25-1031.00/92111/50
[7/26/2019, 10:32:48 AM] Request received on: /career/25-1031.00/92111/50
[7/26/2019, 10:33:01 AM] Request received on: /career/25-1031.00/92111/50
[7/26/2019, 10:33:14 AM] Request received on: /career/25-1031.00/92111/50
[7/26/2019, 10:33:28 AM] Request received on: /career/25-1031.00/92111/50
[7/26/2019, 10:33:35 AM] Request received on: /career/25-1031.00/92111/50
[7/26/2019, 10:34:09 AM] Request received on: /career/25-1031.00/92111/50
[7/26/2019, 10:35:29 AM] Request received on: /career/25-1031.00/92111/50
[7/26/2019, 10:35:49 AM] Request received on: /career/25-1031.00/92111/50
[7/26/2019, 10:38:44 AM] Request received on: /career/25-1031.00/92111/50
[7/26/2019, 10:39:34 AM] Request received on: /career/25-1031.00/92111/50
[7/26/2019, 10:40:45 AM] Request received on: /career/25-1031.00/92111/50
[7/26/2019, 10:41:45 AM] Request received on: /career/25-1031.00/92111/50
[7/26/2019, 10:42:25 AM] Request received on: /career/25-1031.00/92111/50
[7/26/2019, 10:43:45 AM] Request received on: /career/25-1031.00/92111/50
[7/26/2019, 10:46:07 AM] Request received on: /career/25-1031.00/92111/50
[7/26/2019, 10:46:15 AM] Request received on: /career/25-1031.00/92111/50
[7/26/2019, 10:46:50 AM] Request received on: /career/25-1031.00/92111/50
[7/26/2019, 10:47:00 AM] Request received on: /career/25-1031.00/92111/50
[7/26/2019, 10:48:04 AM] Request received on: /career/25-1031.00/92111/50
[7/26/2019, 10:48:29 AM] Request received on: /career/25-1031.00/92111/50
[7/26/2019, 10:48:54 AM] Request received on: /career/25-1031.00/92111/50
[7/26/2019, 10:48:56 AM] Request received on: /career/25-1031.00/92111/50
[7/26/2019, 10:49:00 AM] Request received on: /career/25-1031.00/92111/50
[7/26/2019, 10:49:53 AM] Request received on: /career/25-1031.00/92111/50
[7/26/2019, 10:50:09 AM] Request received on: /career/25-1031.00/92111/50
[7/26/2019, 10:50:39 AM] Request received on: /career/25-1031.00/92111/50
[7/26/2019, 10:52:08 AM] Request received on: /career/25-1031.00/92111/50
[7/26/2019, 10:52:11 AM] Request received on: /career/25-1031.00/92111/50
[7/26/2019, 10:52:37 AM] Request received on: /career/25-1031.00/92111/50
[7/26/2019, 10:53:29 AM] Request received on: /career/25-1031.00/92111/50
[7/26/2019, 10:54:32 AM] Request received on: /career/25-1031.00/92111/50
[7/26/2019, 10:55:00 AM] Request received on: /career/25-1031.00/92111/50
[7/26/2019, 10:55:30 AM] Request received on: /career/25-1031.00/92111/50
[7/26/2019, 10:59:29 AM] Request received on: /career/25-1031.00/92111/50
[7/26/2019, 10:59:44 AM] Request received on: /career/25-1031.00/92111/50
[7/26/2019, 10:59:54 AM] Request received on: /career/25-1031.00/92111/50
[7/26/2019, 10:59:58 AM] Request received on: /career/25-1031.00/92111/50
[7/26/2019, 11:01:07 AM] Request received on: /career/25-1031.00/92111/50
[7/26/2019, 11:02:01 AM] Request received on: /career/25-1031.00/92111/50
[7/26/2019, 11:03:17 AM] Request received on: /career/25-1031.00/92111/50
[7/26/2019, 11:03:29 AM] Request received on: /career/25-1031.00/92111/50
[7/26/2019, 11:04:18 AM] Request received on: /career/25-1031.00/92111/50
[7/26/2019, 11:05:07 AM] Request received on: /career/25-1031.00/92111/50
[7/26/2019, 11:05:25 AM] Request received on: /career/25-1031.00/92111/50
[7/26/2019, 11:05:47 AM] Request received on: /career/25-1031.00/92111/50
[7/26/2019, 11:06:09 AM] Request received on: /career/25-1031.00/92111/50
[7/26/2019, 11:06:23 AM] Request received on: /career/25-1031.00/92111/50
[7/26/2019, 11:08:29 AM] Request received on: /career/25-1031.00/92111/50
[7/26/2019, 11:08:41 AM] Request received on: /career/25-1031.00/92111/50
[7/26/2019, 11:08:49 AM] Request received on: /career/25-1031.00/92111/50
[7/26/2019, 11:09:09 AM] Request received on: /career/25-1031.00/92111/50
[7/26/2019, 11:10:18 AM] Request received on: /career/25-1031.00/92111/50
[7/26/2019, 11:10:43 AM] Request received on: /career/25-1031.00/92111/50
[7/26/2019, 11:10:56 AM] Request received on: /career/25-1031.00/92111/50
[7/26/2019, 11:11:08 AM] Request received on: /career/25-1031.00/92116/50
[7/26/2019, 11:11:54 AM] Request received on: /career/25-1031.00/92116/50
[7/26/2019, 11:12:02 AM] Request received on: /career/25-1031.00/92116/[object%20HTMLInputElement]
[7/26/2019, 11:12:05 AM] Request received on: /career/25-1031.00/92116/25
[7/26/2019, 11:12:56 AM] Request received on: /career/25-1031.00/92116/25
[7/26/2019, 11:14:31 AM] Request received on: /career/25-1031.00/92116/25
[7/26/2019, 11:14:35 AM] Request received on: /career/25-1031.00/92116/25
[7/26/2019, 11:15:16 AM] Request received on: /career/25-1031.00/92116/25
[7/26/2019, 11:15:38 AM] Request received on: /career/25-1031.00/92116/25
[7/26/2019, 11:16:21 AM] Request received on: /career/25-1031.00/92116/25
[7/26/2019, 11:18:11 AM] Request received on: /career/25-1031.00/92116/25
[7/26/2019, 11:18:28 AM] Request received on: /career/25-1031.00/92116/25
[7/26/2019, 11:19:26 AM] Request received on: /career/25-1031.00/92116/25
[7/26/2019, 11:20:06 AM] Request received on: /career/25-1031.00/92116/25
[7/26/2019, 11:20:23 AM] Request received on: /career/25-1031.00/92116/25
[7/26/2019, 11:24:56 AM] Request received on: /career/25-1031.00/92116/25
[7/26/2019, 11:25:45 AM] Request received on: /career/25-1031.00/92116/25
[7/26/2019, 11:26:04 AM] Request received on: /career/25-1031.00/92116/25
[7/26/2019, 11:26:29 AM] Request received on: /career/25-1031.00/92116/25
[7/26/2019, 11:26:47 AM] Request received on: /career/25-1031.00/92116/25
[7/26/2019, 11:29:19 AM] Request received on: /career/25-1031.00/http://localhost:5500/career.html
[7/26/2019, 11:30:37 AM] Request received on: /career/25-1031.00/92116/25
[7/26/2019, 11:33:29 AM] Request received on: /career/25-1031.00/92116/25
[7/26/2019, 11:34:24 AM] Request received on: /career/25-1031.00/92116/25
[7/26/2019, 11:34:31 AM] Request received on: /career/25-1031.00/92118/25
[7/26/2019, 11:34:40 AM] Request received on: /career/25-1031.00/95667/25
[7/26/2019, 11:34:59 AM] Request received on: /career/25-1031.00/US/25
[7/26/2019, 11:35:57 AM] Request received on: /career/25-1031.00/92116/25
[7/26/2019, 11:36:27 AM] Request received on: /career/25-1031.00/92116/25
[7/26/2019, 11:36:37 AM] Request received on: /career/25-1031.00/92116/25
[7/26/2019, 11:37:04 AM] Request received on: /career/25-1031.00/92116/25
[7/26/2019, 11:39:33 AM] Request received on: /career/25-1031.00/92116/25
[7/26/2019, 11:39:44 AM] Request received on: /career/25-1031.00/92116/25
[7/26/2019, 11:39:56 AM] Request received on: /career/25-1031.00/92116/25
[7/26/2019, 11:41:15 AM] Request received on: /career/25-1031.00/92116/25
[7/26/2019, 11:41:41 AM] Request received on: /career/25-1031.00/92116/25
[7/26/2019, 11:41:57 AM] Request received on: /career/25-1031.00/92116/25
[7/26/2019, 11:42:04 AM] Request received on: /career/25-1031.00/92116/25
[7/26/2019, 11:42:22 AM] Request received on: /career/25-1031.00/92116/25
[7/26/2019, 11:42:32 AM] Request received on: /career/25-1031.00/92116/25
[7/26/2019, 11:45:22 AM] Request received on: /career/25-1031.00/92116/25
[7/26/2019, 11:45:32 AM] Request received on: /career/25-1031.00/92116/25
[7/26/2019, 11:45:42 AM] Request received on: /career/25-1031.00/US/25
[7/26/2019, 11:45:54 AM] Request received on: /career/25-1031.00/CA/25
[7/26/2019, 11:46:16 AM] Request received on: /career/25-1031.00/US/25
[7/26/2019, 11:46:36 AM] Request received on: /career/25-1031.00/92116/25
[7/26/2019, 11:47:27 AM] Request received on: /career/25-1031.00/92116/25
[7/26/2019, 11:47:30 AM] Request received on: /career/25-1031.00/92116/25
[7/26/2019, 11:47:37 AM] Request received on: /career/25-1031.00/CA/25
[7/26/2019, 11:50:00 AM] Request received on: /career/25-1031.00/92116/25
[7/26/2019, 11:50:12 AM] Request received on: /career/25-1031.00/92116/25
[7/26/2019, 11:50:31 AM] Request received on: /career/25-1031.00/92116/25
[7/26/2019, 11:50:44 AM] Request received on: /career/25-1031.00/92116/25
[7/26/2019, 11:50:54 AM] Request received on: /career/25-1031.00/US/25
[7/26/2019, 11:51:21 AM] Request received on: /career/25-1031.00/92116/25
[7/26/2019, 11:51:27 AM] Request received on: /career/25-1031.00/US/25
[7/26/2019, 11:54:39 AM] Request received on: /career/25-1031.00/92116/25
[7/26/2019, 11:54:59 AM] Request received on: /career/25-1031.00/92116/25
[7/26/2019, 11:55:17 AM] Request received on: /career/25-1031.00/92116/25
[7/26/2019, 11:55:22 AM] Request received on: /career/25-1031.00/92116/25
[7/26/2019, 11:55:29 AM] Request received on: /career/25-1031.00/US/25
[7/26/2019, 11:56:04 AM] Request received on: /career/25-1031.00/92116/25
[7/26/2019, 11:56:09 AM] Request received on: /career/25-1031.00/US/25
[7/26/2019, 11:56:18 AM] Request received on: /career/25-1031.00/CA/25
[7/26/2019, 11:56:56 AM] Request received on: /career/25-1031.00/92116/25
[7/26/2019, 11:57:09 AM] Request received on: /career/25-1031.00/US/25
[7/26/2019, 11:59:37 AM] Request received on: /career/25-1031.00/92116/25
[7/26/2019, 11:59:41 AM] Request received on: /career/25-1031.00/92116/25
[7/26/2019, 12:00:46 PM] Request received on: /career/25-1031.00/92116/25
[7/26/2019, 12:02:01 PM] Request received on: /career/25-1031.00/92116/25
[7/26/2019, 12:02:09 PM] Request received on: /career/25-1031.00/92116/25
[7/26/2019, 12:02:30 PM] Request received on: /career/25-1031.00/92116/25
[7/26/2019, 12:02:32 PM] Request received on: /career/25-1031.00/92116/25
[7/26/2019, 12:02:42 PM] Request received on: /career/25-1031.00/US/25
[7/26/2019, 12:03:53 PM] Request received on: /career/25-1031.00/92116/25
[7/26/2019, 12:04:02 PM] Request received on: /career/25-1031.00/92116/25
[7/26/2019, 12:04:24 PM] Request received on: /career/25-1031.00/92116/25
[7/26/2019, 12:04:31 PM] Request received on: /career/25-1031.00/US/25
[7/26/2019, 12:04:47 PM] Request received on: /career/25-1031.00/92116/25
[7/26/2019, 12:05:31 PM] Request received on: /career/25-1031.00/92116/25
[7/26/2019, 12:05:38 PM] Request received on: /career/25-1031.00/US/25
[7/26/2019, 12:06:46 PM] Request received on: /career/25-1031.00/92116/25
[7/26/2019, 12:06:52 PM] Request received on: /career/25-1031.00/US/25
[7/26/2019, 12:08:06 PM] Request received on: /career/25-1031.00/92116/25
[7/26/2019, 12:08:14 PM] Request received on: /career/25-1031.00/US/25
[7/26/2019, 12:08:34 PM] Request received on: /career/25-1031.00/92116/25
[7/26/2019, 12:08:41 PM] Request received on: /career/25-1031.00/US/25
[7/26/2019, 12:08:48 PM] Request received on: /career/25-1031.00/92116/25
[7/26/2019, 12:08:53 PM] Request received on: /career/25-1031.00/US/25
[7/26/2019, 12:10:02 PM] Request received on: /career/25-1031.00/92116/25
[7/26/2019, 12:10:11 PM] Request received on: /career/25-1031.00/US/25
[7/26/2019, 12:11:34 PM] Request received on: /career/25-1031.00/92116/25
[7/26/2019, 12:11:42 PM] Request received on: /career/25-1031.00/US/25
[7/26/2019, 12:13:44 PM] Request received on: /career/25-1031.00/92116/25
[7/26/2019, 12:14:18 PM] Request received on: /career/25-1031.00/92116/25
[7/26/2019, 12:14:24 PM] Request received on: /career/25-1031.00/US/25
[7/26/2019, 12:14:40 PM] Request received on: /career/25-1031.00/92116/25
[7/26/2019, 12:15:55 PM] Request received on: /career/25-1031.00/92116/25
[7/26/2019, 12:16:02 PM] Request received on: /career/25-1031.00/US/25
[7/26/2019, 12:16:52 PM] Request received on: /career/25-1031.00/92116/25
[7/26/2019, 12:16:55 PM] Request received on: /career/25-1031.00/92116/25
[7/26/2019, 12:17:11 PM] Request received on: /career/25-1031.00/US/25
[7/26/2019, 12:17:54 PM] Request received on: /career/25-1031.00/92116/25
[7/26/2019, 12:18:01 PM] Request received on: /career/25-1031.00/US/25
[7/26/2019, 12:18:48 PM] Request received on: /career/25-1031.00/92116/25
[7/26/2019, 12:19:13 PM] Request received on: /career/25-1031.00/92116/25
[7/26/2019, 12:19:36 PM] Request received on: /career/25-1031.00/92116/25
[7/26/2019, 12:19:40 PM] Request received on: /career/25-1031.00/92116/25
[7/26/2019, 12:20:13 PM] Request received on: /career/25-1031.00/92116/25
[7/26/2019, 12:20:15 PM] Request received on: /career/25-1031.00/92116/25
[7/26/2019, 12:20:22 PM] Request received on: /career/25-1031.00/92116/25
[7/26/2019, 12:20:31 PM] Request received on: /career/25-1031.00/92116/25
[7/26/2019, 12:20:44 PM] Request received on: /career/25-1031.00/92116/25
[7/26/2019, 12:39:32 PM] Request received on: /career/25-1031.00/92116/25
[7/26/2019, 12:55:06 PM] Request received on: /career/25-1031.00/92116/25
[7/26/2019, 12:57:18 PM] Request received on: /career/25-1031.00/92116/25
[7/26/2019, 12:57:46 PM] Request received on: /career/25-1031.00/92116/25
[7/26/2019, 12:58:10 PM] Request received on: /career/25-1031.00/92116/25
[7/26/2019, 12:58:15 PM] Request received on: /career/25-1031.00/92116/25
[7/26/2019, 12:58:22 PM] Request received on: /career/25-1031.00/92116/25
[7/26/2019, 12:59:36 PM] Request received on: /career/25-1031.00/92116/25
[7/26/2019, 12:59:44 PM] Request received on: /career/25-1031.00/US/25
[7/26/2019, 1:00:57 PM] Request received on: /career/25-1031.00/92116/25
[7/26/2019, 1:01:03 PM] Request received on: /career/25-1031.00/92116/25
[7/26/2019, 1:01:55 PM] Request received on: /career/25-1031.00/92116/25
[7/26/2019, 1:02:04 PM] Request received on: /career/25-1031.00/92116/25
[7/26/2019, 1:02:31 PM] Request received on: /career/25-1031.00/92116/25
[7/26/2019, 1:02:50 PM] Request received on: /career/25-1031.00/92116/25
[7/26/2019, 1:03:15 PM] Request received on: /career/25-1031.00/92116/25
[7/26/2019, 1:03:32 PM] Request received on: /career/25-1031.00/92116/25
[7/26/2019, 1:08:12 PM] Request received on: /career/25-1031.00/92116/25
[7/26/2019, 1:08:55 PM] Request received on: /career/25-1031.00/92116/25
[7/26/2019, 1:09:32 PM] Request received on: /career/25-1031.00/92116/25
[7/26/2019, 1:10:51 PM] Request received on: /career/25-1031.00/92116/25
[7/26/2019, 1:11:15 PM] Request received on: /career/25-1031.00/92116/25
[7/26/2019, 1:11:52 PM] Request received on: /career/25-1031.00/92116/25
[7/26/2019, 1:12:52 PM] Request received on: /career/25-1031.00/92116/25
[7/26/2019, 1:14:28 PM] Request received on: /career/25-1031.00/92116/25
[7/26/2019, 1:15:51 PM] Request received on: /career/25-1031.00/92116/25
[7/26/2019, 1:16:07 PM] Request received on: /career/25-1031.00/92116/25
[7/26/2019, 1:18:27 PM] Request received on: /career/25-1031.00/92116/25
[7/26/2019, 1:18:35 PM] Request received on: /career/25-1031.00/92116/25
[7/26/2019, 1:18:56 PM] Request received on: /career/25-1031.00/92116/25
[7/26/2019, 1:18:58 PM] Request received on: /career/25-1031.00/92116/25
[7/26/2019, 1:20:03 PM] Request received on: /career/25-1031.00/92116/25
[7/26/2019, 1:20:08 PM] Request received on: /career/25-1031.00/92116/25
[7/26/2019, 1:21:14 PM] Request received on: /career/25-1031.00/92116/25
[7/26/2019, 1:22:46 PM] Request received on: /career/25-1031.00/92116/25
[7/26/2019, 1:23:06 PM] Request received on: /career/25-1031.00/92116/25
[7/26/2019, 1:23:10 PM] Request received on: /career/25-1031.00/92116/25
[7/26/2019, 1:23:53 PM] Request received on: /career/25-1031.00/92116/25
[7/26/2019, 1:24:53 PM] Request received on: /career/25-1031.00/92116/25
[7/26/2019, 1:25:24 PM] Request received on: /career/25-1031.00/92116/25
[7/26/2019, 1:25:33 PM] Request received on: /career/25-1031.00/92116/25
[7/26/2019, 1:25:54 PM] Request received on: /career/25-1031.00/92116/25
[7/26/2019, 1:26:07 PM] Request received on: /career/25-1031.00/92116/25
[7/26/2019, 1:27:59 PM] Request received on: /career/25-1031.00/92116/25
[7/26/2019, 1:28:00 PM] Request received on: /career/25-1031.00/92116/25
[7/26/2019, 1:30:27 PM] Request received on: /career/25-1031.00/92116/25
[7/26/2019, 1:31:04 PM] Request received on: /career/25-1031.00/92116/25
[7/26/2019, 1:31:27 PM] Request received on: /career/25-1031.00/92116/25
[7/26/2019, 1:31:38 PM] Request received on: /career/25-1031.00/92116/25
[7/26/2019, 1:32:01 PM] Request received on: /career/25-1031.00/92116/25
[7/26/2019, 1:32:15 PM] Request received on: /career/25-1031.00/92116/25
[7/26/2019, 1:32:24 PM] Request received on: /career/25-1031.00/92116/25
[7/26/2019, 1:33:28 PM] Request received on: /career/25-1031.00/92116/25
[7/26/2019, 1:33:54 PM] Request received on: /career/25-1031.00/92116/25
[7/26/2019, 1:34:04 PM] Request received on: /career/25-1031.00/92116/25
[7/26/2019, 1:34:17 PM] Request received on: /career/25-1031.00/US/25
[7/26/2019, 1:35:04 PM] Request received on: /career/25-1031.00/92116/25
[7/26/2019, 1:37:46 PM] Request received on: /career/25-1031.00/92116/25
[7/26/2019, 1:37:55 PM] Request received on: /career/25-1031.00/92116/25
[7/26/2019, 1:38:30 PM] Request received on: /program/1
[7/26/2019, 1:38:45 PM] Request received on: /program/1
[7/26/2019, 1:38:51 PM] Request received on: /program/2
[7/26/2019, 1:38:51 PM] Request received on: /program/3
[7/26/2019, 1:38:52 PM] Request received on: /program/4
[7/26/2019, 1:38:53 PM] Request received on: /program/5
[7/26/2019, 1:38:53 PM] Request received on: /program/6
[7/26/2019, 1:38:55 PM] Request received on: /program/7
[7/26/2019, 1:39:09 PM] Request received on: /program/7
[7/26/2019, 1:39:17 PM] Request received on: /career/19-1020.01/92116/25
[7/26/2019, 1:39:31 PM] Request received on: /career/19-1020.01/92116/25
[7/26/2019, 1:40:14 PM] Request received on: /career/19-1020.01/92116/25
[7/26/2019, 1:42:47 PM] Request received on: /program/7
[7/26/2019, 1:42:48 PM] Request received on: /career/19-1020.01/92116/25
[7/26/2019, 1:44:52 PM] Request received on: /career/19-1020.01/92116/25
[7/26/2019, 1:45:30 PM] Request received on: /career/19-1020.01/92116/25
[7/26/2019, 1:45:50 PM] Request received on: /career/19-1020.01/92116/25
[7/26/2019, 1:46:01 PM] Request received on: /program/7
[7/26/2019, 1:46:04 PM] Request received on: /program/8
[7/26/2019, 1:46:05 PM] Request received on: /program/9
[7/26/2019, 1:46:05 PM] Request received on: /program/10
[7/26/2019, 1:46:06 PM] Request received on: /program/11
[7/26/2019, 1:46:07 PM] Request received on: /program/12
[7/26/2019, 1:46:07 PM] Request received on: /program/13
[7/26/2019, 1:46:08 PM] Request received on: /program/14
[7/26/2019, 1:46:08 PM] Request received on: /program/15
[7/26/2019, 1:46:09 PM] Request received on: /program/16
[7/26/2019, 1:46:10 PM] Request received on: /program/17
[7/26/2019, 1:46:10 PM] Request received on: /program/18
[7/26/2019, 1:46:11 PM] Request received on: /program/19
[7/26/2019, 1:46:31 PM] Request received on: /career/15-1133.00/92116/25
[7/26/2019, 1:47:18 PM] Request received on: /career/15-1133.00/92116/25
[7/26/2019, 1:49:36 PM] Request received on: /career/15-1133.00/92116/25
[7/26/2019, 1:50:24 PM] Request received on: /career/15-1133.00/92116/25
[7/26/2019, 1:50:54 PM] Request received on: /career/15-1133.00/92116/25
[7/26/2019, 1:51:08 PM] Request received on: /career/15-1133.00/92116/25
[7/26/2019, 1:52:04 PM] Request received on: /career/15-1133.00/92116/25
[7/26/2019, 1:53:21 PM] Request received on: /career/15-1133.00/92116/25
[7/26/2019, 1:54:01 PM] Request received on: /career/15-1133.00/92116/25
[7/26/2019, 1:54:33 PM] Request received on: /career/15-1133.00/92116/25
[7/26/2019, 1:54:47 PM] Request received on: /career/15-1133.00/92116/25
[7/26/2019, 1:55:09 PM] Request received on: /career/15-1133.00/92116/25
[7/26/2019, 1:55:40 PM] Request received on: /career/15-1133.00/92116/25
[7/26/2019, 1:55:55 PM] Request received on: /career/15-1133.00/92116/25
[7/26/2019, 1:56:05 PM] Request received on: /career/15-1133.00/92116/25
[7/26/2019, 1:56:11 PM] Request received on: /career/15-1133.00/92116/25
[7/26/2019, 1:57:26 PM] Request received on: /career/15-1133.00/92116/25
[7/26/2019, 1:58:12 PM] Request received on: /career/15-1133.00/92116/25
[7/26/2019, 1:59:49 PM] Request received on: /career/15-1133.00/92116/25
[7/26/2019, 2:02:21 PM] Request received on: /career/15-1133.00/92116/25
[7/26/2019, 2:05:00 PM] Request received on: /career/15-1133.00/92116/25
[7/26/2019, 2:05:06 PM] Request received on: /career/15-1133.00/92116/25
[7/26/2019, 2:07:40 PM] Request received on: /career/15-1133.00/92116/25
[7/26/2019, 2:09:30 PM] Request received on: /career/15-1133.00/92116/25
[7/26/2019, 2:10:14 PM] Request received on: /career/15-1133.00/92116/25
[7/26/2019, 2:13:19 PM] Request received on: /career/15-1133.00/92116/25
[7/26/2019, 2:15:31 PM] Request received on: /career/15-1133.00/92116/25
[7/26/2019, 2:16:22 PM] Request received on: /career/15-1133.00/92116/25
[7/26/2019, 2:16:49 PM] Request received on: /career/15-1133.00/92116/25
[7/26/2019, 2:17:33 PM] Request received on: /career/15-1133.00/92116/25
[7/26/2019, 2:19:02 PM] Request received on: /career/15-1133.00/92116/25
[7/26/2019, 2:19:19 PM] Request received on: /career/15-1133.00/92116/25
[7/26/2019, 2:21:30 PM] Request received on: /career/15-1133.00/92116/25
[7/26/2019, 2:21:38 PM] Request received on: /career/15-1133.00/92116/25
[7/26/2019, 2:27:19 PM] Request received on: /career/15-1133.00/92116/25
[7/26/2019, 2:27:51 PM] Request received on: /career/15-1133.00/92116/25
[7/26/2019, 2:29:15 PM] Request received on: /career/15-1133.00/92116/25
[7/26/2019, 2:30:19 PM] Request received on: /career/15-1133.00/92116/25
[7/26/2019, 2:30:32 PM] Request received on: /career/15-1133.00/92116/25
[7/26/2019, 2:30:45 PM] Request received on: /career/15-1133.00/92116/25
[7/26/2019, 2:31:02 PM] Request received on: /career/15-1133.00/92116/25
[7/26/2019, 2:31:41 PM] Request received on: /career/15-1133.00/92116/25
[7/26/2019, 2:32:11 PM] Request received on: /career/15-1133.00/92116/25
[7/26/2019, 2:33:32 PM] Request received on: /career/15-1133.00/92116/25
[7/26/2019, 2:33:45 PM] Request received on: /career/15-1133.00/92116/25
[7/26/2019, 2:37:05 PM] Request received on: /career/15-1133.00/92116/25
[7/26/2019, 2:37:25 PM] Request received on: /career/15-1133.00/92116/25
[7/26/2019, 2:38:09 PM] Request received on: /career/15-1133.00/92116/25
[7/26/2019, 2:39:30 PM] Request received on: /career/15-1133.00/92116/25
[7/26/2019, 2:39:55 PM] Request received on: /career/15-1133.00/92116/25
[7/26/2019, 2:41:28 PM] Request received on: /career/15-1133.00/92116/25
[7/26/2019, 2:41:47 PM] Request received on: /career/15-1133.00/92116/25
[7/26/2019, 2:42:56 PM] Request received on: /career/15-1133.00/92116/25
[7/26/2019, 2:47:23 PM] Request received on: /career/15-1133.00/92116/25
[7/26/2019, 2:51:52 PM] Request received on: /career/15-1133.00/92116/25
[7/26/2019, 2:52:07 PM] Request received on: /career/15-1133.00/92116/25
[7/26/2019, 2:53:15 PM] Request received on: /career/15-1133.00/92116/25
[7/26/2019, 2:54:36 PM] Request received on: /career/15-1133.00/92116/25
[7/26/2019, 2:59:33 PM] Request received on: /career/15-1133.00/92116/25
[7/26/2019, 2:59:41 PM] Request received on: /career/15-1133.00/92116/25
[7/26/2019, 2:59:48 PM] Request received on: /career/15-1133.00/92116/25
[7/26/2019, 3:01:33 PM] Request received on: /career/15-1133.00/92116/25
[7/26/2019, 3:02:10 PM] Request received on: /career/15-1133.00/92116/25
[7/26/2019, 3:03:05 PM] Request received on: /career/15-1133.00/92116/25
[7/26/2019, 3:03:50 PM] Request received on: /career/15-1133.00/92116/25
[7/26/2019, 3:04:17 PM] Request received on: /career/15-1133.00/92116/25
[7/26/2019, 3:05:10 PM] Request received on: /career/15-1133.00/92116/25
[7/26/2019, 3:06:49 PM] Request received on: /career/15-1133.00/92116/25
[7/26/2019, 3:07:35 PM] Request received on: /career/15-1133.00/92116/25
[7/26/2019, 3:07:52 PM] Request received on: /career/15-1133.00/92116/25
[7/26/2019, 3:07:56 PM] Request received on: /career/15-1133.00/92116/25
[7/26/2019, 3:08:05 PM] Request received on: /career/15-1133.00/92116/25
[7/26/2019, 3:08:08 PM] Request received on: /career/15-1133.00/92116/25
[7/26/2019, 3:08:10 PM] Request received on: /career/15-1133.00/92116/25
[7/26/2019, 3:08:42 PM] Request received on: /career/15-1133.00/92116/25
[7/26/2019, 3:09:57 PM] Request received on: /career/15-1133.00/92116/25
[7/26/2019, 3:10:07 PM] Request received on: /career/15-1133.00/92116/25
[7/26/2019, 3:10:51 PM] Request received on: /career/15-1133.00/92116/25
[7/26/2019, 3:10:57 PM] Request received on: /career/15-1133.00/92116/25
[7/26/2019, 3:11:29 PM] Request received on: /career/15-1133.00/92116/25
[7/26/2019, 3:11:43 PM] Request received on: /career/15-1133.00/92116/25
[7/26/2019, 3:12:00 PM] Request received on: /career/15-1133.00/92116/25
[7/26/2019, 3:12:15 PM] Request received on: /career/15-1133.00/92116/25
[7/26/2019, 3:13:34 PM] Request received on: /career/15-1133.00/92116/25
[7/26/2019, 3:13:48 PM] Request received on: /career/15-1133.00/92116/25
[7/26/2019, 3:14:13 PM] Request received on: /career/15-1133.00/92116/25
[7/26/2019, 3:14:26 PM] Request received on: /career/15-1133.00/92116/25
[7/26/2019, 3:14:41 PM] Request received on: /career/15-1133.00/92116/25
[7/26/2019, 3:14:52 PM] Request received on: /career/15-1133.00/92116/25
[7/26/2019, 3:15:04 PM] Request received on: /career/15-1133.00/92116/25
[7/26/2019, 3:15:35 PM] Request received on: /career/15-1133.00/92116/25
[7/26/2019, 3:16:12 PM] Request received on: /career/15-1133.00/92116/25
[7/26/2019, 3:16:21 PM] Request received on: /career/15-1133.00/92116/25
[7/26/2019, 3:16:30 PM] Request received on: /career/15-1133.00/92116/25
[7/26/2019, 3:16:42 PM] Request received on: /career/15-1133.00/92116/25
[7/26/2019, 3:16:57 PM] Request received on: /career/15-1133.00/92116/25
[7/26/2019, 3:17:10 PM] Request received on: /career/15-1133.00/92116/25
[7/26/2019, 3:17:18 PM] Request received on: /career/15-1133.00/92116/25
[7/26/2019, 3:17:23 PM] Request received on: /career/15-1133.00/92116/25
[7/26/2019, 3:17:32 PM] Request received on: /career/15-1133.00/92116/25
[7/26/2019, 3:18:56 PM] Request received on: /career/15-1133.00/92116/25
[7/26/2019, 3:19:28 PM] Request received on: /career/15-1133.00/92116/25
[7/26/2019, 3:20:44 PM] Request received on: /career/15-1133.00/92116/25
[7/26/2019, 3:21:15 PM] Request received on: /career/15-1133.00/92116/25
[7/26/2019, 3:22:40 PM] Request received on: /career/15-1133.00/92116/25
[7/26/2019, 3:22:46 PM] Request received on: /program/19
[7/26/2019, 3:22:50 PM] Request received on: /career/15-1133.00/92116/25
[7/26/2019, 3:23:23 PM] Request received on: /career/15-1133.00/92116/100
[7/26/2019, 3:23:46 PM] Request received on: /career/15-1133.00/CA/100
[7/26/2019, 3:24:16 PM] Request received on: /career/15-1133.00/92116/100
[7/26/2019, 3:24:38 PM] Request received on: /career/15-1133.00/92116/25
[7/26/2019, 3:24:43 PM] Request received on: /career/15-1133.00/92116/50
[7/26/2019, 3:25:11 PM] Request received on: /career/15-1133.00/92116/25
[7/26/2019, 3:25:17 PM] Request received on: /career/15-1133.00/92116/25
[7/26/2019, 3:25:27 PM] Request received on: /career/15-1133.00/92116/50
[7/26/2019, 3:26:33 PM] Request received on: /career/15-1133.00/92116/25
[7/26/2019, 3:26:39 PM] Request received on: /career/15-1133.00/92116/50
[7/26/2019, 3:27:05 PM] Request received on: /career/15-1133.00/92116/25
[7/26/2019, 3:27:10 PM] Request received on: /career/15-1133.00/92116/50
[7/26/2019, 3:27:43 PM] Request received on: /career/15-1133.00/92116/25
[7/26/2019, 3:27:50 PM] Request received on: /career/15-1133.00/92116/50
[7/26/2019, 3:35:53 PM] Request received on: /career/15-1133.00/92116/25
[7/26/2019, 3:35:59 PM] Request received on: /career/15-1133.00/92116/50
[7/26/2019, 3:36:33 PM] Request received on: /career/15-1133.00/92116/25
[7/26/2019, 3:36:47 PM] Request received on: /career/15-1133.00/92116/25
[7/26/2019, 3:37:29 PM] Request received on: /career/15-1133.00/92116/25
[7/26/2019, 3:37:38 PM] Request received on: /program/19
[7/26/2019, 3:37:40 PM] Request received on: /career/15-1133.00/92116/25
[7/26/2019, 3:37:45 PM] Request received on: /career/15-1133.00/92116/50
[7/26/2019, 3:39:39 PM] Request received on: /career/15-1133.00/92116/25
[7/26/2019, 3:39:49 PM] Request received on: /career/15-1133.00/92116/50
[7/26/2019, 3:40:07 PM] Request received on: /career/15-1133.00/92116/100
[7/26/2019, 3:40:35 PM] Request received on: /career/15-1133.00/92116/50
[7/26/2019, 3:40:44 PM] Request received on: /career/15-1133.00/CA/50
[7/26/2019, 3:41:09 PM] Request received on: /career/15-1133.00/US/50
[7/26/2019, 3:41:59 PM] Request received on: /program/19
[7/26/2019, 3:42:23 PM] Request received on: /program/20
[7/26/2019, 3:42:32 PM] Request received on: /program/21
[7/26/2019, 3:42:33 PM] Request received on: /program/22
[7/26/2019, 3:42:34 PM] Request received on: /program/23
[7/26/2019, 3:42:36 PM] Request received on: /program/22
[7/26/2019, 3:42:38 PM] Request received on: /career/29-1128.00/92116/25
[7/26/2019, 3:43:13 PM] Request received on: /career/29-1128.00/CA/25
[7/26/2019, 3:43:22 PM] Request received on: /career/29-1128.00/US/25
[7/26/2019, 3:47:35 PM] Request received on: /career/29-1128.00/92116/25
[7/26/2019, 3:48:28 PM] Request received on: /career/29-1128.00/92116/25
[7/26/2019, 3:48:49 PM] Request received on: /career/29-1128.00/92116/25
[7/26/2019, 3:49:26 PM] Request received on: /career/29-1128.00/92116/25
[7/26/2019, 3:49:32 PM] Request received on: /career/29-1128.00/92116/25
[7/26/2019, 3:50:28 PM] Request received on: /career/29-1128.00/92116/25
[7/26/2019, 3:50:40 PM] Request received on: /career/29-1128.00/92116/25
[7/26/2019, 3:50:47 PM] Request received on: /career/29-1128.00/92116/25
[7/26/2019, 3:51:01 PM] Request received on: /program/22
[7/26/2019, 3:51:04 PM] Request received on: /program/23
[7/26/2019, 3:51:05 PM] Request received on: /program/24
[7/26/2019, 3:51:06 PM] Request received on: /program/25
[7/26/2019, 3:51:07 PM] Request received on: /program/26
[7/26/2019, 3:51:07 PM] Request received on: /program/27
[7/26/2019, 3:51:08 PM] Request received on: /program/28
[7/26/2019, 3:51:09 PM] Request received on: /program/29
[7/26/2019, 3:51:10 PM] Request received on: /program/28
[7/26/2019, 3:51:11 PM] Request received on: /career/27-1022.00/92116/25
[7/26/2019, 3:51:23 PM] Request received on: /program/28
[7/26/2019, 3:51:29 PM] Request received on: /career/41-9012.00/92116/25
[7/26/2019, 3:51:42 PM] Request received on: /career/41-9012.00/US/25
[7/26/2019, 3:52:00 PM] Request received on: /career/41-9012.00/CA/25
[7/26/2019, 3:52:08 PM] Request received on: /career/41-9012.00/92116/25
[7/26/2019, 3:55:41 PM] Request received on: /career/41-9012.00/92116/25
[7/26/2019, 3:55:48 PM] Request received on: /career/41-9012.00/92116/25
[7/26/2019, 3:55:57 PM] Request received on: /career/41-9012.00/US/25
[7/26/2019, 3:56:16 PM] Request received on: /program/28
[7/26/2019, 3:56:22 PM] Request received on: /program/29
[7/26/2019, 3:56:23 PM] Request received on: /program/30
[7/26/2019, 3:56:24 PM] Request received on: /program/31
[7/26/2019, 3:56:25 PM] Request received on: /program/32
[7/26/2019, 3:56:26 PM] Request received on: /program/31
[7/26/2019, 3:56:27 PM] Request received on: /career/27-1025.00/92116/25
[7/26/2019, 3:56:34 PM] Request received on: /career/27-1025.00/US/25
[7/26/2019, 3:57:24 PM] Request received on: /career/27-1025.00/92116/25
[7/26/2019, 4:05:53 PM] Request received on: /generate
[7/26/2019, 4:06:04 PM] Request received on: /generate
[7/26/2019, 4:12:18 PM] Request received on: /generate
[7/26/2019, 4:12:48 PM] Request received on: /generate
[7/26/2019, 4:13:21 PM] Request received on: /generate
[7/26/2019, 4:13:28 PM] Request received on: /generate
[7/26/2019, 4:13:32 PM] Request received on: /generate
[7/26/2019, 4:13:37 PM] Request received on: /generate
[7/26/2019, 4:13:44 PM] Request received on: /generate
[7/26/2019, 4:14:20 PM] Request received on: /generate
[7/26/2019, 4:23:12 PM] Request received on: /program/1
[7/26/2019, 4:23:40 PM] Request received on: /program/1
[7/26/2019, 4:23:52 PM] Request received on: /career/25-1031.00/92116/25
[7/26/2019, 4:29:19 PM] Request received on: /career/25-1031.00/92116/25
[7/26/2019, 4:34:56 PM] Request received on: /generate
[7/26/2019, 4:35:06 PM] Request received on: /generate
[7/26/2019, 4:35:29 PM] Request received on: /generate
[7/26/2019, 4:35:57 PM] Request received on: /generate
[7/26/2019, 4:36:45 PM] Request received on: /generate
[7/26/2019, 4:37:31 PM] Request received on: /generate
[7/26/2019, 4:38:01 PM] Request received on: /generate
[7/26/2019, 4:38:10 PM] Request received on: /generate
[7/26/2019, 4:41:00 PM] Request received on: /generate
[7/26/2019, 4:41:59 PM] Request received on: /generate
[7/26/2019, 4:54:59 PM] Request received on: /generate
[7/26/2019, 4:55:15 PM] Request received on: /generate
[7/26/2019, 4:55:25 PM] Request received on: /generate
[7/26/2019, 4:55:37 PM] Request received on: /generate
[7/26/2019, 4:57:30 PM] Request received on: /generate
[7/26/2019, 4:59:39 PM] Request received on: /generate
[7/26/2019, 5:00:38 PM] Request received on: /generate
