[7/30/2019, 8:29:14 AM] Request received on: /generate
[7/30/2019, 8:29:47 AM] Request received on: /generate
[7/30/2019, 8:29:55 AM] Request received on: /generate
[7/30/2019, 8:49:30 AM] Request received on: /generate
[7/30/2019, 8:53:06 AM] Request received on: /generate
[7/30/2019, 8:53:41 AM] Request received on: /generate/15-1132.00
[7/30/2019, 8:53:47 AM] Request received on: /generate/15-1134.00
[7/30/2019, 9:05:36 AM] Request received on: /generate
[7/30/2019, 9:05:40 AM] Request received on: /generate
[7/30/2019, 9:05:49 AM] Request received on: /generate
[7/30/2019, 9:13:00 AM] Request received on: /generate
[7/30/2019, 9:14:12 AM] Request received on: /generate
[7/30/2019, 9:14:16 AM] Request received on: /generate
[7/30/2019, 9:14:25 AM] Request received on: /generate
[7/30/2019, 9:15:39 AM] Request received on: /generate
[7/30/2019, 9:20:54 AM] Request received on: /generate
[7/30/2019, 9:21:50 AM] Request received on: /generate
[7/30/2019, 9:22:35 AM] Request received on: /generate
[7/30/2019, 9:26:22 AM] Request received on: /generate
[7/30/2019, 9:32:16 AM] Request received on: /generate
[7/30/2019, 9:34:04 AM] Request received on: /generate
[7/30/2019, 9:39:57 AM] Request received on: /generate
[7/30/2019, 9:40:24 AM] Request received on: /generate
[7/30/2019, 9:41:01 AM] Request received on: /generate
[7/30/2019, 9:41:59 AM] Request received on: /generate
[7/30/2019, 9:43:33 AM] Request received on: /generate
[7/30/2019, 9:43:51 AM] Request received on: /generate
[7/30/2019, 9:44:22 AM] Request received on: /generate
[7/30/2019, 9:50:28 AM] Request received on: /generate
[7/30/2019, 9:51:55 AM] Request received on: /generate
[7/30/2019, 9:52:30 AM] Request received on: /generate
[7/30/2019, 9:52:56 AM] Request received on: /generate
[7/30/2019, 9:56:15 AM] Request received on: /generate
[7/30/2019, 9:57:26 AM] Request received on: /generate
[7/30/2019, 9:59:56 AM] Request received on: /generate
[7/30/2019, 10:00:52 AM] Request received on: /generate
[7/30/2019, 2:01:10 PM] Request received on: /generate
[7/30/2019, 2:07:28 PM] Request received on: /generate
[7/30/2019, 2:09:02 PM] Request received on: /generate
[7/30/2019, 2:09:16 PM] Request received on: /generate
[7/30/2019, 2:09:58 PM] Request received on: /generate
[7/30/2019, 2:10:03 PM] Request received on: /generate
[7/30/2019, 2:11:20 PM] Request received on: /generate
[7/30/2019, 2:11:33 PM] Request received on: /generate
[7/30/2019, 2:11:44 PM] Request received on: /generate
[7/30/2019, 2:12:45 PM] Request received on: /generate
[7/30/2019, 2:29:08 PM] Request received on: /generate
[7/30/2019, 2:33:12 PM] Request received on: /generate
[7/30/2019, 2:34:26 PM] Request received on: /generate
[7/30/2019, 2:36:05 PM] Request received on: /generate
[7/30/2019, 2:40:18 PM] Request received on: /generate
[7/30/2019, 2:40:38 PM] Request received on: /generate
[7/30/2019, 2:40:51 PM] Request received on: /generate
[7/30/2019, 2:42:11 PM] Request received on: /generate
[7/30/2019, 2:42:25 PM] Request received on: /generate
[7/30/2019, 2:46:23 PM] Request received on: /program/1
[7/30/2019, 2:46:26 PM] Request received on: /career/25-1031.00/92116/25
[7/30/2019, 2:47:41 PM] Request received on: /program/1
[7/30/2019, 2:47:49 PM] Request received on: /career/15-1199.07/92116/25
