[8/1/2019, 11:59:23 AM] Request received on: /career/11-3011.00/92111/25
[8/1/2019, 11:59:42 AM] Request received on: /career/15-1121.00/92111/25
[8/1/2019, 11:59:53 AM] Request received on: /career/15-1121.00/[object%20Object],[object%20Object]/25
[8/1/2019, 11:59:54 AM] Request received on: /career/15-1121.00/[object%20Object],[object%20Object]/25
[8/1/2019, 12:04:18 PM] Request received on: /career/15-1121.00/92116/25
[8/1/2019, 12:06:02 PM] Request received on: /career/15-1121.00/92116/25
[8/1/2019, 12:06:11 PM] Request received on: /career/15-1121.00/92116/25
[8/1/2019, 12:06:21 PM] Request received on: /career/15-1121.00/92116/25
[8/1/2019, 12:06:32 PM] Request received on: /career/15-1121.00/92116/25
[8/1/2019, 12:06:38 PM] Request received on: /career/15-1121.00/92116/25
[8/1/2019, 12:06:51 PM] Request received on: /career/15-1121.00/92116/25
[8/1/2019, 12:07:19 PM] Request received on: /career/15-1121.00/92116/25
[8/1/2019, 12:07:28 PM] Request received on: /career/15-1121.00/92116/25
[8/1/2019, 12:09:11 PM] Request received on: /career/15-1121.00/92116/25
[8/1/2019, 12:09:56 PM] Request received on: /career/15-1121.00/92116/25
[8/1/2019, 12:12:55 PM] Request received on: /career/15-1121.00/92116/25
[8/1/2019, 12:13:18 PM] Request received on: /career/15-1121.00/92116/25
[8/1/2019, 12:15:53 PM] Request received on: /career/15-1121.00/92116/25
[8/1/2019, 12:21:50 PM] Request received on: /career/15-1121.00/92116/25
[8/1/2019, 12:22:29 PM] Request received on: /career/15-1121.00/92116/25
[8/1/2019, 12:23:01 PM] Request received on: /career/15-1121.00/92116/25
[8/1/2019, 12:23:04 PM] Request received on: /generate
[8/1/2019, 12:26:47 PM] Request received on: /generate
[8/1/2019, 12:27:05 PM] Request received on: /career/15-1121.00/92116/25
[8/1/2019, 12:27:35 PM] Request received on: /generate
[8/1/2019, 12:29:05 PM] Request received on: /generate
[8/1/2019, 12:30:08 PM] Request received on: /career/15-1121.00/92116/25
[8/1/2019, 12:30:52 PM] Request received on: /generate
[8/1/2019, 1:15:22 PM] Request received on: /program/1
[8/1/2019, 1:15:26 PM] Request received on: /program/59
[8/1/2019, 1:15:26 PM] Request received on: /program/1
[8/1/2019, 1:15:27 PM] Request received on: /program/2
[8/1/2019, 1:15:28 PM] Request received on: /program/3
[8/1/2019, 1:15:29 PM] Request received on: /program/4
[8/1/2019, 1:15:29 PM] Request received on: /program/5
[8/1/2019, 1:15:30 PM] Request received on: /program/6
[8/1/2019, 1:15:32 PM] Request received on: /program/7
[8/1/2019, 1:15:33 PM] Request received on: /program/8
[8/1/2019, 1:15:35 PM] Request received on: /program/9
[8/1/2019, 1:15:36 PM] Request received on: /program/10
[8/1/2019, 1:15:38 PM] Request received on: /program/11
[8/1/2019, 1:15:39 PM] Request received on: /program/12
[8/1/2019, 1:15:39 PM] Request received on: /program/13
[8/1/2019, 1:15:40 PM] Request received on: /program/14
[8/1/2019, 1:15:40 PM] Request received on: /program/15
[8/1/2019, 1:15:41 PM] Request received on: /program/16
[8/1/2019, 1:15:41 PM] Request received on: /program/17
[8/1/2019, 1:15:42 PM] Request received on: /program/18
[8/1/2019, 1:15:44 PM] Request received on: /career/15-1121.00/92116/25
[8/1/2019, 1:16:22 PM] Request received on: /career/15-1121.00/92116/25
[8/1/2019, 1:17:07 PM] Request received on: /career/15-1121.00/92116/25
[8/1/2019, 1:17:33 PM] Request received on: /career/15-1121.00/92116/25
[8/1/2019, 1:17:39 PM] Request received on: /career/15-1121.00/92116/25
[8/1/2019, 1:21:09 PM] Request received on: /career/15-1121.00/92116/25
[8/1/2019, 1:21:24 PM] Request received on: /career/15-1121.00/92116/25
[8/1/2019, 1:21:41 PM] Request received on: /career/15-1121.00/92116/25
[8/1/2019, 1:22:05 PM] Request received on: /career/15-1121.00/92116/25
[8/1/2019, 1:22:35 PM] Request received on: /career/15-1121.00/92116/25
[8/1/2019, 1:24:13 PM] Request received on: /career/15-1121.00/92116/25
[8/1/2019, 1:24:20 PM] Request received on: /career/15-1121.00/92116/25
[8/1/2019, 1:26:33 PM] Request received on: /generate
[8/1/2019, 1:26:49 PM] Request received on: /generate
[8/1/2019, 1:41:13 PM] Request received on: /generate
[8/1/2019, 1:53:45 PM] Request received on: /generate
[8/1/2019, 1:54:11 PM] Request received on: /generate
[8/1/2019, 1:54:27 PM] Request received on: /generate
[8/1/2019, 1:54:44 PM] Request received on: /generate
[8/1/2019, 1:55:35 PM] Request received on: /generate
[8/1/2019, 1:56:38 PM] Request received on: /generate
[8/1/2019, 1:58:13 PM] Request received on: /generate
[8/1/2019, 1:58:45 PM] Request received on: /generate
[8/1/2019, 1:58:58 PM] Request received on: /generate
[8/1/2019, 1:59:19 PM] Request received on: /generate
[8/1/2019, 1:59:58 PM] Request received on: /generate
[8/1/2019, 2:00:14 PM] Request received on: /generate
[8/1/2019, 2:00:50 PM] Request received on: /generate
[8/1/2019, 2:03:17 PM] Request received on: /generate
[8/1/2019, 2:05:40 PM] Request received on: /generate
[8/1/2019, 2:05:52 PM] Request received on: /generate
[8/1/2019, 2:06:27 PM] Request received on: /generate
[8/1/2019, 2:06:52 PM] Request received on: /generate
[8/1/2019, 2:08:46 PM] Request received on: /generate
[8/1/2019, 2:08:52 PM] Request received on: /generate
[8/1/2019, 2:12:52 PM] Request received on: /generate
[8/1/2019, 2:13:35 PM] Request received on: /generate
[8/1/2019, 2:13:51 PM] Request received on: /generate
[8/1/2019, 2:15:19 PM] Request received on: /generate
[8/1/2019, 2:15:50 PM] Request received on: /generate
[8/1/2019, 2:16:11 PM] Request received on: /generate
[8/1/2019, 2:18:00 PM] Request received on: /generate
[8/1/2019, 2:30:53 PM] Request received on: /generate
[8/1/2019, 2:34:01 PM] Request received on: /generate
[8/1/2019, 2:34:48 PM] Request received on: /generate
[8/1/2019, 2:35:44 PM] Request received on: /generate
[8/1/2019, 2:39:31 PM] Request received on: /generate
[8/1/2019, 2:44:19 PM] Request received on: /generate
[8/1/2019, 2:57:17 PM] Request received on: /generate
[8/1/2019, 3:01:51 PM] Request received on: /generate
[8/1/2019, 3:03:00 PM] Request received on: /generate
[8/1/2019, 3:03:10 PM] Request received on: /generate
[8/1/2019, 3:04:31 PM] Request received on: /generate
[8/1/2019, 3:06:30 PM] Request received on: /generate
[8/1/2019, 3:07:31 PM] Request received on: /generate
[8/1/2019, 3:07:45 PM] Request received on: /generate
[8/1/2019, 3:08:54 PM] Request received on: /generate
[8/1/2019, 3:10:57 PM] Request received on: /generate
[8/1/2019, 3:21:58 PM] Request received on: /program/1
[8/1/2019, 3:22:00 PM] Request received on: /career/25-1031.00/92116/25
[8/1/2019, 3:23:23 PM] Request received on: /career/25-1031.00/92116/25
[8/1/2019, 3:25:06 PM] Request received on: /career/25-1031.00/92116/25
[8/1/2019, 3:25:48 PM] Request received on: /career/25-1031.00/92116/25
[8/1/2019, 3:25:55 PM] Request received on: /career/25-1031.00/92116/25
[8/1/2019, 3:31:59 PM] Request received on: /career/25-1031.00/92116/25
[8/1/2019, 3:33:04 PM] Request received on: /career/25-1031.00/92116/25
[8/1/2019, 3:35:23 PM] Request received on: /career/25-1031.00/92116/25
[8/1/2019, 3:35:38 PM] Request received on: /career/25-1031.00/92116/25
[8/1/2019, 3:35:40 PM] Request received on: /career/25-1031.00/92116/25
[8/1/2019, 3:35:42 PM] Request received on: /career/25-1031.00/92116/25
[8/1/2019, 3:36:14 PM] Request received on: /career/25-1031.00/92116/25
[8/1/2019, 3:36:26 PM] Request received on: /career/25-1031.00/92116/25
[8/1/2019, 3:37:09 PM] Request received on: /career/25-1031.00/92116/25
[8/1/2019, 3:37:41 PM] Request received on: /career/25-1031.00/92116/25
[8/1/2019, 3:37:48 PM] Request received on: /career/25-1031.00/US/25
[8/1/2019, 3:38:42 PM] Request received on: /career/25-1031.00/92116/25
[8/1/2019, 3:38:50 PM] Request received on: /career/25-1031.00/US/25
[8/1/2019, 3:39:27 PM] Request received on: /career/25-1031.00/92116/25
[8/1/2019, 3:39:30 PM] Request received on: /program/1
[8/1/2019, 3:39:33 PM] Request received on: /career/25-1031.00/92116/25
[8/1/2019, 3:39:34 PM] Request received on: /program/1
[8/1/2019, 3:39:36 PM] Request received on: /career/25-1031.00/92116/25
[8/1/2019, 3:39:42 PM] Request received on: /career/25-1031.00/US/25
[8/1/2019, 3:40:00 PM] Request received on: /career/25-1031.00/[object%20Object],[object%20Object]/25
[8/1/2019, 3:42:18 PM] Request received on: /career/25-1031.00/92116/25
[8/1/2019, 3:42:24 PM] Request received on: /career/25-1031.00/92116/25
[8/1/2019, 3:43:14 PM] Request received on: /career/25-1031.00/92116/25
[8/1/2019, 3:43:21 PM] Request received on: /career/25-1031.00/92116/25
[8/1/2019, 3:43:40 PM] Request received on: /career/25-1031.00/92116/25
[8/1/2019, 3:43:44 PM] Request received on: /career/25-1031.00/92116/25
[8/1/2019, 3:45:12 PM] Request received on: /career/25-1031.00/92116/25
[8/1/2019, 3:45:42 PM] Request received on: /career/25-1031.00/92116/25
[8/1/2019, 3:46:11 PM] Request received on: /career/25-1031.00/92116/25
[8/1/2019, 3:46:25 PM] Request received on: /career/25-1031.00/92116/25
[8/1/2019, 3:46:31 PM] Request received on: /career/25-1031.00/92116/25
[8/1/2019, 3:46:38 PM] Request received on: /career/25-1031.00/92111/25
[8/1/2019, 3:54:02 PM] Request received on: /career/25-1031.00/92116/25
[8/1/2019, 3:55:03 PM] Request received on: /career/25-1031.00/92116/25
[8/1/2019, 3:55:17 PM] Request received on: /career/25-1031.00/92116/25
[8/1/2019, 3:55:39 PM] Request received on: /career/25-1031.00/92116/25
[8/1/2019, 3:55:46 PM] Request received on: /career/25-1031.00/92116/25
[8/1/2019, 3:55:50 PM] Request received on: /career/25-1031.00/92111/25
[8/1/2019, 3:56:00 PM] Request received on: /career/25-1031.00/92116/25
[8/1/2019, 3:57:14 PM] Request received on: /career/25-1031.00/92116/25
[8/1/2019, 3:57:18 PM] Request received on: /career/25-1031.00/92116/25
[8/1/2019, 3:57:49 PM] Request received on: /career/25-1031.00/92116/25
[8/1/2019, 3:57:51 PM] Request received on: /program/1
[8/1/2019, 3:57:52 PM] Request received on: /career/25-1031.00/92116/25
[8/1/2019, 3:57:56 PM] Request received on: /career/25-1031.00/[object%20Object],[object%20Object]/25
[8/1/2019, 3:58:20 PM] Request received on: /career/25-1031.00/[object%20Object],[object%20Object]/25
[8/1/2019, 3:58:29 PM] Request received on: /career/25-1031.00/[object%20Object],[object%20Object]/25
[8/1/2019, 3:58:54 PM] Request received on: /career/25-1031.00/[object%20Object],[object%20Object]/25
[8/1/2019, 3:59:09 PM] Request received on: /career/25-1031.00/[object%20Object],[object%20Object]/25
[8/1/2019, 3:59:14 PM] Request received on: /career/25-1031.00/[object%20Object],[object%20Object]/25
[8/1/2019, 3:59:32 PM] Request received on: /career/25-1031.00/[object%20Object],[object%20Object]/25
[8/1/2019, 3:59:36 PM] Request received on: /program/1
[8/1/2019, 3:59:36 PM] Request received on: /program/1
[8/1/2019, 3:59:37 PM] Request received on: /career/25-1031.00/[object%20Object],[object%20Object]/25
[8/1/2019, 3:59:40 PM] Request received on: /career/25-1031.00/[object%20Object],[object%20Object]/25
[8/1/2019, 3:59:51 PM] Request received on: /career/25-1031.00/92116/25
[8/1/2019, 3:59:55 PM] Request received on: /career/25-1031.00/92116/25
[8/1/2019, 4:00:01 PM] Request received on: /career/25-1031.00/92111/25
[8/1/2019, 4:00:05 PM] Request received on: /career/25-1031.00/92116/25
[8/1/2019, 4:00:19 PM] Request received on: /career/25-1031.00/92116/25
[8/1/2019, 4:00:29 PM] Request received on: /career/25-1031.00/92111/25
[8/1/2019, 4:00:34 PM] Request received on: /career/25-1031.00/92028/25
[8/1/2019, 4:00:59 PM] Request received on: /career/25-1031.00/92116/25
[8/1/2019, 4:01:03 PM] Request received on: /career/25-1031.00/92028/25
[8/1/2019, 4:02:42 PM] Request received on: /career/25-1031.00/92116/25
[8/1/2019, 4:03:37 PM] Request received on: /career/25-1031.00/92116/25
[8/1/2019, 4:03:37 PM] Request received on: /program/1
[8/1/2019, 4:03:39 PM] Request received on: /career/25-1031.00/92116/25
[8/1/2019, 4:04:05 PM] Request received on: /career/25-1031.00/92116/25
[8/1/2019, 4:04:29 PM] Request received on: /career/25-1031.00/92116/25
[8/1/2019, 4:04:48 PM] Request received on: /career/25-1031.00/92116/25
[8/1/2019, 4:04:59 PM] Request received on: /career/25-1031.00/92116/25
[8/1/2019, 4:05:45 PM] Request received on: /career/25-1031.00/92116/25
[8/1/2019, 4:05:58 PM] Request received on: /career/25-1031.00/92116/25
[8/1/2019, 4:06:22 PM] Request received on: /career/25-1031.00/92116/25
[8/1/2019, 4:06:31 PM] Request received on: /career/25-1031.00/92116/25
[8/1/2019, 4:06:34 PM] Request received on: /program/1
[8/1/2019, 4:06:35 PM] Request received on: /program/2
[8/1/2019, 4:06:36 PM] Request received on: /program/3
[8/1/2019, 4:06:36 PM] Request received on: /program/4
[8/1/2019, 4:06:36 PM] Request received on: /program/5
[8/1/2019, 4:06:37 PM] Request received on: /program/6
[8/1/2019, 4:06:37 PM] Request received on: /program/7
[8/1/2019, 4:06:37 PM] Request received on: /program/8
[8/1/2019, 4:06:38 PM] Request received on: /program/9
[8/1/2019, 4:06:38 PM] Request received on: /program/10
[8/1/2019, 4:06:39 PM] Request received on: /program/11
[8/1/2019, 4:06:39 PM] Request received on: /program/12
[8/1/2019, 4:06:39 PM] Request received on: /program/13
[8/1/2019, 4:06:39 PM] Request received on: /program/14
[8/1/2019, 4:06:40 PM] Request received on: /program/15
[8/1/2019, 4:06:40 PM] Request received on: /program/16
[8/1/2019, 4:06:40 PM] Request received on: /program/17
[8/1/2019, 4:06:40 PM] Request received on: /program/18
[8/1/2019, 4:06:40 PM] Request received on: /program/19
[8/1/2019, 4:06:41 PM] Request received on: /program/20
[8/1/2019, 4:06:42 PM] Request received on: /program/19
[8/1/2019, 4:06:42 PM] Request received on: /program/18
[8/1/2019, 4:06:43 PM] Request received on: /career/15-1121.00/92116/25
[8/1/2019, 4:07:09 PM] Request received on: /career/15-1121.00/92116/25
[8/1/2019, 4:08:10 PM] Request received on: /career/15-1131.00/92116/25
[8/1/2019, 4:13:29 PM] Request received on: /career/15-1131.00/92116/25
[8/1/2019, 4:13:38 PM] Request received on: /career/15-1131.00/92116/25
[8/1/2019, 4:13:46 PM] Request received on: /career/15-1131.00/92116/25
[8/1/2019, 4:13:55 PM] Request received on: /career/15-1131.00/92116/25
[8/1/2019, 4:14:16 PM] Request received on: /career/15-1131.00/92116/25
[8/1/2019, 4:14:26 PM] Request received on: /career/15-1131.00/92116/25
[8/1/2019, 4:14:43 PM] Request received on: /career/15-1131.00/92116/25
[8/1/2019, 4:14:51 PM] Request received on: /career/15-1131.00/92116/25
[8/1/2019, 4:21:43 PM] Request received on: /career/15-1131.00/92116/25
[8/1/2019, 4:22:17 PM] Request received on: /career/15-1131.00/92116/25
[8/1/2019, 4:22:53 PM] Request received on: /career/15-1131.00/92116/25
[8/1/2019, 4:23:10 PM] Request received on: /career/15-1131.00/92116/25
[8/1/2019, 4:23:13 PM] Request received on: /program/18
[8/1/2019, 4:23:19 PM] Request received on: /program/19
[8/1/2019, 4:23:48 PM] Request received on: /career/15-1132.00/92116/25
[8/1/2019, 4:24:32 PM] Request received on: /career/15-1132.00/92116/25
[8/1/2019, 4:24:38 PM] Request received on: /career/15-1132.00/92116/25
[8/1/2019, 4:27:26 PM] Request received on: /career/15-1132.00/92116/25
[8/1/2019, 4:27:35 PM] Request received on: /career/15-1132.00/92111/25
[8/1/2019, 4:28:03 PM] Request received on: /career/15-1132.00/92590/25
[8/1/2019, 4:29:01 PM] Request received on: /career/15-1132.00/92116/25
[8/1/2019, 4:29:01 PM] Request received on: /career/15-1132.00/92116/25
[8/1/2019, 4:29:02 PM] Request received on: /career/15-1132.00/92116/25
[8/1/2019, 4:29:12 PM] Request received on: /career/15-1132.00/92590/25
[8/1/2019, 4:29:47 PM] Request received on: /career/15-1132.00/92116/25
[8/1/2019, 4:29:52 PM] Request received on: /career/15-1132.00/92590/25
[8/1/2019, 4:46:51 PM] Request received on: /career/15-1132.00/92116/25
[8/1/2019, 4:47:01 PM] Request received on: /career/15-1132.00/92590/25
[8/1/2019, 4:49:12 PM] Request received on: /career/15-1132.00/92116/25
[8/1/2019, 4:49:19 PM] Request received on: /career/15-1132.00/92590/25
[8/1/2019, 4:50:14 PM] Request received on: /career/15-1132.00/92116/25
[8/1/2019, 4:50:19 PM] Request received on: /career/15-1132.00/92590/25
[8/1/2019, 4:50:53 PM] Request received on: /career/15-1132.00/92116/25
[8/1/2019, 4:50:57 PM] Request received on: /career/15-1132.00/92590/25
[8/1/2019, 4:51:43 PM] Request received on: /career/15-1132.00/92116/25
[8/1/2019, 4:51:49 PM] Request received on: /career/15-1132.00/92590/25
[8/1/2019, 4:52:05 PM] Request received on: /career/15-1132.00/92116/25
[8/1/2019, 4:52:08 PM] Request received on: /career/15-1132.00/92590/25
[8/1/2019, 4:52:18 PM] Request received on: /career/15-1132.00/92116/25
[8/1/2019, 4:52:24 PM] Request received on: /career/15-1132.00/92590/25
[8/1/2019, 4:53:13 PM] Request received on: /career/15-1132.00/92116/25
[8/1/2019, 4:53:17 PM] Request received on: /career/15-1132.00/92590/25
[8/1/2019, 4:53:51 PM] Request received on: /career/15-1132.00/92116/25
[8/1/2019, 4:53:56 PM] Request received on: /career/15-1132.00/92590/25
[8/1/2019, 4:54:26 PM] Request received on: /career/15-1132.00/92116/25
[8/1/2019, 4:54:33 PM] Request received on: /career/15-1132.00/92590/25
[8/1/2019, 4:54:48 PM] Request received on: /career/15-1132.00/92116/25
[8/1/2019, 4:54:58 PM] Request received on: /career/15-1132.00/92590/25
[8/1/2019, 4:55:20 PM] Request received on: /career/15-1132.00/92116/25
[8/1/2019, 4:55:27 PM] Request received on: /career/15-1132.00/92116/25
[8/1/2019, 4:55:31 PM] Request received on: /career/15-1132.00/92590/25
[8/1/2019, 4:56:08 PM] Request received on: /career/15-1132.00/92116/25
[8/1/2019, 4:56:13 PM] Request received on: /career/15-1132.00/92590/25
[8/1/2019, 4:56:54 PM] Request received on: /career/15-1132.00/92116/25
[8/1/2019, 4:57:01 PM] Request received on: /career/15-1132.00/92590/25
[8/1/2019, 4:57:43 PM] Request received on: /career/15-1132.00/92116/25
[8/1/2019, 4:57:49 PM] Request received on: /career/15-1132.00/92590/25
[8/1/2019, 4:58:43 PM] Request received on: /career/15-1132.00/92116/25
[8/1/2019, 4:58:47 PM] Request received on: /career/15-1132.00/92116/25
[8/1/2019, 4:58:49 PM] Request received on: /career/15-1132.00/92590/25
[8/1/2019, 5:00:08 PM] Request received on: /career/15-1132.00/92116/25
[8/1/2019, 5:00:12 PM] Request received on: /career/15-1132.00/92590/25
[8/1/2019, 5:00:39 PM] Request received on: /career/15-1132.00/94016/25
