[8/2/2019, 8:28:38 AM] Request received on: /program/1
[8/2/2019, 8:28:42 AM] Request received on: /career/25-1031.00/92116/25
[8/2/2019, 8:28:51 AM] Request received on: /career/25-1031.00/92590/25
[8/2/2019, 8:30:08 AM] Request received on: /career/25-1031.00/92116/25
[8/2/2019, 8:30:14 AM] Request received on: /career/25-1031.00/92590/25
[8/2/2019, 8:30:26 AM] Request received on: /career/25-1031.00/94016/25
[8/2/2019, 8:33:21 AM] Request received on: /career/25-1031.00/92116/25
[8/2/2019, 8:33:28 AM] Request received on: /career/25-1031.00/94016/25
[8/2/2019, 8:33:40 AM] Request received on: /program/1
[8/2/2019, 8:33:44 AM] Request received on: /program/2
[8/2/2019, 8:33:45 AM] Request received on: /program/3
[8/2/2019, 8:33:45 AM] Request received on: /program/4
[8/2/2019, 8:33:46 AM] Request received on: /program/5
[8/2/2019, 8:33:47 AM] Request received on: /program/6
[8/2/2019, 8:33:48 AM] Request received on: /program/7
[8/2/2019, 8:33:48 AM] Request received on: /program/8
[8/2/2019, 8:33:49 AM] Request received on: /program/9
[8/2/2019, 8:33:49 AM] Request received on: /program/10
[8/2/2019, 8:33:50 AM] Request received on: /program/11
[8/2/2019, 8:33:51 AM] Request received on: /program/12
[8/2/2019, 8:33:51 AM] Request received on: /program/13
[8/2/2019, 8:33:52 AM] Request received on: /program/14
[8/2/2019, 8:33:53 AM] Request received on: /program/15
[8/2/2019, 8:33:53 AM] Request received on: /program/16
[8/2/2019, 8:33:54 AM] Request received on: /program/17
[8/2/2019, 8:33:55 AM] Request received on: /program/18
[8/2/2019, 8:33:56 AM] Request received on: /program/19
[8/2/2019, 8:33:56 AM] Request received on: /program/20
[8/2/2019, 8:33:57 AM] Request received on: /program/21
[8/2/2019, 8:33:57 AM] Request received on: /program/22
[8/2/2019, 8:33:58 AM] Request received on: /program/23
[8/2/2019, 8:33:59 AM] Request received on: /program/24
[8/2/2019, 8:33:59 AM] Request received on: /program/25
[8/2/2019, 8:34:00 AM] Request received on: /program/26
[8/2/2019, 8:34:01 AM] Request received on: /program/27
[8/2/2019, 8:34:01 AM] Request received on: /program/28
[8/2/2019, 8:34:02 AM] Request received on: /program/29
[8/2/2019, 8:34:03 AM] Request received on: /program/30
[8/2/2019, 8:34:03 AM] Request received on: /program/31
[8/2/2019, 8:34:05 AM] Request received on: /career/27-1025.00/92116/25
[8/2/2019, 8:34:20 AM] Request received on: /career/27-1025.00/92590/25
[8/2/2019, 8:34:45 AM] Request received on: /career/27-1025.00/92116/25
[8/2/2019, 8:34:50 AM] Request received on: /career/27-1025.00/94016/25
[8/2/2019, 8:35:28 AM] Request received on: /career/15-1121.00/94016/25
[8/2/2019, 8:36:09 AM] Request received on: /career/27-1025.00/92116/25
[8/2/2019, 8:36:28 AM] Request received on: /career/27-1025.00/92116/25
[8/2/2019, 8:36:39 AM] Request received on: /career/15-1121.00/94016/25
[8/2/2019, 8:37:16 AM] Request received on: /career/15-1134.00/94016/25
[8/2/2019, 8:38:34 AM] Request received on: /career/27-1025.00/92116/25
[8/2/2019, 8:38:57 AM] Request received on: /career/27-1025.00/92116/25
[8/2/2019, 8:39:04 AM] Request received on: /career/27-1025.00/94016/25
[8/2/2019, 8:39:28 AM] Request received on: /career/27-1025.00/90001/25
[8/2/2019, 8:40:31 AM] Request received on: /career/27-1025.00/92116/25
[8/2/2019, 8:40:36 AM] Request received on: /career/27-1025.00/92111/25
[8/2/2019, 8:40:42 AM] Request received on: /career/27-1025.00/92116/25
[8/2/2019, 8:40:46 AM] Request received on: /career/27-1025.00/92111/25
[8/2/2019, 8:41:18 AM] Request received on: /career/27-1025.00/90002/25
[8/2/2019, 8:45:56 AM] Request received on: /career/27-1025.00/94501/25
[8/2/2019, 8:46:32 AM] Request received on: /career/27-1025.00/94501/75
[8/2/2019, 8:59:38 AM] Request received on: /career/27-1025.00/92116/25
[8/2/2019, 8:59:47 AM] Request received on: /career/27-1025.00/92116/25
[8/2/2019, 8:59:57 AM] Request received on: /career/27-1025.00/92116/25
[8/2/2019, 9:00:08 AM] Request received on: /career/27-1025.00/92111/25
[8/2/2019, 9:00:16 AM] Request received on: /career/27-1025.00/92590/25
[8/2/2019, 9:00:28 AM] Request received on: /career/27-1025.00/94016/25
[8/2/2019, 9:00:50 AM] Request received on: /program/31
[8/2/2019, 9:00:54 AM] Request received on: /program/32
[8/2/2019, 9:00:55 AM] Request received on: /program/33
[8/2/2019, 9:00:56 AM] Request received on: /program/34
[8/2/2019, 9:00:56 AM] Request received on: /program/35
[8/2/2019, 9:00:57 AM] Request received on: /program/36
[8/2/2019, 9:00:58 AM] Request received on: /program/37
[8/2/2019, 9:00:59 AM] Request received on: /program/38
[8/2/2019, 9:00:59 AM] Request received on: /program/39
[8/2/2019, 9:01:00 AM] Request received on: /program/40
[8/2/2019, 9:01:01 AM] Request received on: /program/41
[8/2/2019, 9:01:02 AM] Request received on: /program/42
[8/2/2019, 9:01:02 AM] Request received on: /program/43
[8/2/2019, 9:01:04 AM] Request received on: /program/44
[8/2/2019, 9:01:04 AM] Request received on: /program/45
[8/2/2019, 9:01:05 AM] Request received on: /program/44
[8/2/2019, 9:01:15 AM] Request received on: /career/43-6013.00/92116/25
[8/2/2019, 9:01:53 AM] Request received on: /career/43-6013.00/92590/25
[8/2/2019, 9:02:23 AM] Request received on: /career/43-6013.00/92111/25
[8/2/2019, 9:02:43 AM] Request received on: /career/43-6013.00/92116/25
[8/2/2019, 9:02:58 AM] Request received on: /career/43-6013.00/94016/25
[8/2/2019, 9:03:28 AM] Request received on: /career/43-6013.00/90001/25
[8/2/2019, 9:04:35 AM] Request received on: /career/43-6013.00/92116/25
[8/2/2019, 9:04:37 AM] Request received on: /career/43-6013.00/90001/25
[8/2/2019, 9:06:50 AM] Request received on: /career/43-6013.00/92116/25
[8/2/2019, 9:06:55 AM] Request received on: /career/43-6013.00/90001/25
[8/2/2019, 9:09:30 AM] Request received on: /career/43-6013.00/92116/25
[8/2/2019, 9:11:03 AM] Request received on: /career/43-6013.00/90001/25
[8/2/2019, 9:12:15 AM] Request received on: /career/43-6013.00/92111/25
[8/2/2019, 9:12:31 AM] Request received on: /program/44
[8/2/2019, 9:12:39 AM] Request received on: /program/45
[8/2/2019, 9:12:40 AM] Request received on: /program/46
[8/2/2019, 9:12:48 AM] Request received on: /program/47
[8/2/2019, 9:12:49 AM] Request received on: /program/48
[8/2/2019, 9:12:50 AM] Request received on: /program/49
[8/2/2019, 9:12:51 AM] Request received on: /program/50
[8/2/2019, 9:12:53 AM] Request received on: /career/19-3094.00/92116/25
[8/2/2019, 9:14:00 AM] Request received on: /career/19-3094.00/90001/25
[8/2/2019, 9:14:12 AM] Request received on: /career/19-3094.00/94016/25
[8/2/2019, 9:14:22 AM] Request received on: /career/19-3094.00/92116/25
[8/2/2019, 9:14:33 AM] Request received on: /career/19-3094.00/20001/25
[8/2/2019, 9:15:01 AM] Request received on: /career/19-3094.00/92116/25
[8/2/2019, 9:15:04 AM] Request received on: /career/19-3094.00/20001/25
[8/2/2019, 9:15:18 AM] Request received on: /career/19-3094.00/92116/25
[8/2/2019, 9:15:21 AM] Request received on: /career/19-3094.00/20001/25
[8/2/2019, 9:16:27 AM] Request received on: /career/19-3094.00/92116/25
[8/2/2019, 9:16:34 AM] Request received on: /career/19-3094.00/20001/25
[8/2/2019, 9:17:57 AM] Request received on: /career/19-3094.00/92116/25
[8/2/2019, 9:18:14 AM] Request received on: /career/19-3094.00/92116/25
[8/2/2019, 9:18:22 AM] Request received on: /career/19-3094.00/92116/25
[8/2/2019, 9:18:25 AM] Request received on: /career/19-3094.00/20001/25
[8/2/2019, 9:18:39 AM] Request received on: /career/19-3094.00/92116/25
[8/2/2019, 9:18:48 AM] Request received on: /career/19-3094.00/20001/25
[8/2/2019, 9:19:39 AM] Request received on: /career/19-3094.00/92116/25
[8/2/2019, 9:19:45 AM] Request received on: /career/19-3094.00/20001/25
[8/2/2019, 9:36:49 AM] Request received on: /career/19-3094.00/92116/25
[8/2/2019, 9:37:16 AM] Request received on: /career/19-3094.00/92116/25
[8/2/2019, 9:37:33 AM] Request received on: /career/19-3094.00/92116/25
[8/2/2019, 9:48:36 AM] Request received on: /career/19-3094.00/92116/25
[8/2/2019, 9:49:03 AM] Request received on: /career/19-3094.00/92116/25
[8/2/2019, 9:49:27 AM] Request received on: /career/19-3094.00/92116/25
[8/2/2019, 9:49:43 AM] Request received on: /career/19-3094.00/20001/25
[8/2/2019, 9:57:07 AM] Request received on: /career/19-3094.00/92116/25
[8/2/2019, 9:57:13 AM] Request received on: /career/19-3094.00/92116/25
[8/2/2019, 9:57:27 AM] Request received on: /career/19-3094.00/92116/25
[8/2/2019, 9:59:19 AM] Request received on: /career/19-3094.00/92116/25
[8/2/2019, 10:00:57 AM] Request received on: /career/19-3094.00/92116/25
[8/2/2019, 10:01:25 AM] Request received on: /career/19-3094.00/92116/25
[8/2/2019, 10:01:31 AM] Request received on: /career/19-3094.00/92116/25
[8/2/2019, 10:04:32 AM] Request received on: /career/19-3094.00/92116/25
[8/2/2019, 10:04:53 AM] Request received on: /career/19-3094.00/92116/25
[8/2/2019, 10:05:01 AM] Request received on: /career/19-3094.00/92116/25
[8/2/2019, 10:07:33 AM] Request received on: /career/19-3094.00/92116/25
[8/2/2019, 10:08:47 AM] Request received on: /career/19-3094.00/92116/25
[8/2/2019, 10:23:10 AM] Request received on: /career/19-3094.00/92116/25
[8/2/2019, 10:23:12 AM] Request received on: /career/19-3094.00/92116/25
[8/2/2019, 10:23:42 AM] Request received on: /career/19-3094.00/92116/25
[8/2/2019, 10:24:24 AM] Request received on: /career/19-3094.00/92116/25
[8/2/2019, 10:24:38 AM] Request received on: /career/19-3094.00/92116/25
[8/2/2019, 10:26:21 AM] Request received on: /career/19-3094.00/92116/25
[8/2/2019, 10:26:49 AM] Request received on: /career/19-3094.00/92116/25
[8/2/2019, 10:27:16 AM] Request received on: /career/19-3094.00/90001/25
[8/2/2019, 10:29:22 AM] Request received on: /career/19-3094.00/20001/25
[8/2/2019, 10:30:25 AM] Request received on: /career/19-3094.00/92116/25
[8/2/2019, 10:30:33 AM] Request received on: /career/19-3094.00/20001/25
[8/2/2019, 10:32:13 AM] Request received on: /career/19-3094.00/92116/25
[8/2/2019, 10:32:26 AM] Request received on: /career/19-3094.00/92116/25
[8/2/2019, 10:32:36 AM] Request received on: /career/19-3094.00/20001/25
[8/2/2019, 10:32:50 AM] Request received on: /career/19-3094.00/92116/25
[8/2/2019, 10:33:09 AM] Request received on: /career/19-3094.00/92116/25
[8/2/2019, 3:05:30 PM] Request received on: /program/1
[8/2/2019, 3:05:43 PM] Request received on: /program/1
[8/2/2019, 3:05:48 PM] Request received on: /program/2
[8/2/2019, 3:05:49 PM] Request received on: /program/3
[8/2/2019, 3:05:50 PM] Request received on: /program/4
[8/2/2019, 3:05:51 PM] Request received on: /program/5
[8/2/2019, 3:05:52 PM] Request received on: /program/6
[8/2/2019, 3:05:52 PM] Request received on: /program/7
[8/2/2019, 3:05:53 PM] Request received on: /program/8
[8/2/2019, 3:05:54 PM] Request received on: /program/9
[8/2/2019, 3:05:56 PM] Request received on: /program/10
[8/2/2019, 3:05:57 PM] Request received on: /program/11
[8/2/2019, 3:05:57 PM] Request received on: /program/12
[8/2/2019, 3:05:58 PM] Request received on: /program/13
[8/2/2019, 3:05:59 PM] Request received on: /program/14
[8/2/2019, 3:05:59 PM] Request received on: /program/15
[8/2/2019, 3:06:00 PM] Request received on: /program/16
[8/2/2019, 3:06:01 PM] Request received on: /program/15
[8/2/2019, 3:06:02 PM] Request received on: /program/16
[8/2/2019, 3:06:02 PM] Request received on: /program/17
[8/2/2019, 3:06:03 PM] Request received on: /program/18
[8/2/2019, 3:06:04 PM] Request received on: /program/19
[8/2/2019, 3:06:04 PM] Request received on: /program/20
[8/2/2019, 3:06:05 PM] Request received on: /program/21
[8/2/2019, 3:06:05 PM] Request received on: /program/22
[8/2/2019, 3:06:06 PM] Request received on: /program/23
[8/2/2019, 3:06:07 PM] Request received on: /program/22
[8/2/2019, 3:06:08 PM] Request received on: /career/29-1128.00/92116/25
[8/2/2019, 3:06:43 PM] Request received on: /career/29-1128.00/92116/25
[8/2/2019, 3:09:38 PM] Request received on: /career/29-1128.00/92116/25
[8/2/2019, 3:10:06 PM] Request received on: /career/29-1128.00/92116/25
[8/2/2019, 3:10:17 PM] Request received on: /career/29-1128.00/92116/25
[8/2/2019, 3:15:04 PM] Request received on: /career/29-1128.00/US/25
[8/2/2019, 3:15:20 PM] Request received on: /career/29-1128.00/US/25
[8/2/2019, 3:27:38 PM] Request received on: /career/29-1128.00/92116/25
[8/2/2019, 3:27:51 PM] Request received on: /career/29-1128.00/92116/25
[8/2/2019, 3:28:58 PM] Request received on: /career/29-1128.00/92116/25
[8/2/2019, 3:29:43 PM] Request received on: /career/29-1128.00/92116/25
[8/2/2019, 3:30:02 PM] Request received on: /career/29-1128.00/92116/25
[8/2/2019, 3:30:20 PM] Request received on: /career/29-1128.00/92116/25
[8/2/2019, 3:30:25 PM] Request received on: /career/29-1128.00/92116/25
[8/2/2019, 3:30:32 PM] Request received on: /career/29-1128.00/92111/25
[8/2/2019, 3:30:49 PM] Request received on: /career/29-1128.00/92116/25
[8/2/2019, 3:34:21 PM] Request received on: /career/29-1128.00/92116/25
[8/2/2019, 3:34:55 PM] Request received on: /career/29-1128.00/92116/25
[8/2/2019, 3:35:02 PM] Request received on: /career/29-1128.00/92590/25
[8/2/2019, 3:35:31 PM] Request received on: /career/29-1128.00/92116/25
[8/2/2019, 3:35:37 PM] Request received on: /career/29-1128.00/92590/25
[8/2/2019, 3:35:56 PM] Request received on: /career/29-1128.00/92116/25
[8/2/2019, 3:36:02 PM] Request received on: /career/29-1128.00/92590/25
[8/2/2019, 3:36:25 PM] Request received on: /career/29-1128.00/92116/25
[8/2/2019, 3:36:29 PM] Request received on: /career/29-1128.00/92590/25
[8/2/2019, 3:36:37 PM] Request received on: /career/29-1128.00/94016/25
[8/2/2019, 3:36:46 PM] Request received on: /career/29-1128.00/92590/25
[8/2/2019, 3:37:25 PM] Request received on: /career/29-1128.00/92116/25
[8/2/2019, 3:37:35 PM] Request received on: /career/29-1128.00/92116/25
[8/2/2019, 3:37:48 PM] Request received on: /career/29-1128.00/90001/25
[8/2/2019, 3:39:03 PM] Request received on: /career/29-1128.00/94016/25
[8/2/2019, 3:39:15 PM] Request received on: /career/29-1128.00/90001/25
[8/2/2019, 3:40:03 PM] Request received on: /career/29-1128.00/92116/25
[8/2/2019, 3:41:08 PM] Request received on: /career/29-1128.00/92116/25
[8/2/2019, 3:41:18 PM] Request received on: /career/29-1128.00/92116/25
[8/2/2019, 3:42:09 PM] Request received on: /career/29-1128.00/92116/25
[8/2/2019, 3:42:26 PM] Request received on: /career/29-1128.00/92116/25
[8/2/2019, 3:43:57 PM] Request received on: /career/29-1128.00/92116/25
[8/2/2019, 3:44:16 PM] Request received on: /career/29-1128.00/92116/25
[8/2/2019, 3:44:27 PM] Request received on: /career/29-1128.00/92116/25
[8/2/2019, 3:44:29 PM] Request received on: /career/29-1128.00/92116/25
[8/2/2019, 3:44:38 PM] Request received on: /career/29-1128.00/20001/25
[8/2/2019, 3:45:30 PM] Request received on: /career/29-1128.00/92111/25
[8/2/2019, 3:48:05 PM] Request received on: /career/29-1128.00/92116/25
[8/2/2019, 3:48:23 PM] Request received on: /career/29-1128.00/92116/25
[8/2/2019, 3:48:32 PM] Request received on: /career/29-1128.00/92590/25
[8/2/2019, 3:48:42 PM] Request received on: /career/29-1128.00/90001/25
[8/2/2019, 3:49:39 PM] Request received on: /career/29-1128.00/92116/25
[8/2/2019, 3:49:48 PM] Request received on: /career/29-1128.00/92116/25
[8/2/2019, 3:49:54 PM] Request received on: /career/29-1128.00/20001/25
[8/2/2019, 3:52:04 PM] Request received on: /career/29-1128.00/92116/25
[8/2/2019, 3:52:16 PM] Request received on: /career/29-1128.00/92590/25
[8/2/2019, 3:52:24 PM] Request received on: /career/29-1128.00/94016/25
[8/2/2019, 3:52:30 PM] Request received on: /career/29-1128.00/90001/25
[8/2/2019, 3:53:00 PM] Request received on: /career/29-1128.00/92116/25
[8/2/2019, 3:53:16 PM] Request received on: /career/29-1128.00/92116/25
[8/2/2019, 3:53:50 PM] Request received on: /career/29-1128.00/92116/25
[8/2/2019, 3:54:13 PM] Request received on: /program/22
[8/2/2019, 3:54:24 PM] Request received on: /program/23
[8/2/2019, 3:54:26 PM] Request received on: /program/24
[8/2/2019, 3:54:38 PM] Request received on: /career/15-1132.00/92116/25
[8/2/2019, 3:55:39 PM] Request received on: /career/15-1132.00/92116/25
[8/2/2019, 3:55:44 PM] Request received on: /program/24
[8/2/2019, 3:55:45 PM] Request received on: /career/15-1132.00/92116/25
[8/2/2019, 3:55:54 PM] Request received on: /career/15-1132.00/92111/25
[8/2/2019, 3:56:01 PM] Request received on: /career/15-1132.00/92590/25
[8/2/2019, 3:56:07 PM] Request received on: /career/15-1132.00/94016/25
[8/2/2019, 3:56:21 PM] Request received on: /career/15-1132.00/90001/25
[8/2/2019, 3:56:42 PM] Request received on: /career/15-1132.00/20001/25
[8/2/2019, 3:57:14 PM] Request received on: /career/15-1132.00/73301/25
[8/2/2019, 3:59:43 PM] Request received on: /career/15-1132.00/92116/25
[8/2/2019, 4:00:02 PM] Request received on: /career/15-1132.00/92116/25
[8/2/2019, 4:00:20 PM] Request received on: /career/15-1132.00/92116/25
[8/2/2019, 4:00:47 PM] Request received on: /career/15-1132.00/92116/25
[8/2/2019, 4:01:40 PM] Request received on: /career/15-1132.00/92116/25
[8/2/2019, 4:02:08 PM] Request received on: /career/15-1132.00/92116/25
[8/2/2019, 4:02:19 PM] Request received on: /career/15-1132.00/92116/25
[8/2/2019, 4:02:42 PM] Request received on: /career/15-1132.00/92116/25
[8/2/2019, 4:04:13 PM] Request received on: /career/15-1132.00/92116/25
[8/2/2019, 4:04:21 PM] Request received on: /career/15-1132.00/20001/25
[8/2/2019, 4:04:32 PM] Request received on: /career/15-1132.00/94016/25
[8/2/2019, 4:04:48 PM] Request received on: /career/15-1132.00/92116/25
[8/2/2019, 4:04:59 PM] Request received on: /career/15-1132.00/92116/25
[8/2/2019, 4:05:04 PM] Request received on: /career/15-1132.00/92116/25
[8/2/2019, 4:05:15 PM] Request received on: /career/15-1132.00/92116/25
[8/2/2019, 4:05:40 PM] Request received on: /career/15-1132.00/92116/25
[8/2/2019, 4:05:51 PM] Request received on: /career/15-1132.00/92116/25
[8/2/2019, 4:06:54 PM] Request received on: /career/15-1132.00/92116/25
[8/2/2019, 4:08:06 PM] Request received on: /career/15-1132.00/92116/25
[8/2/2019, 4:09:01 PM] Request received on: /career/15-1132.00/92116/25
[8/2/2019, 4:09:07 PM] Request received on: /career/15-1132.00/92116/25
[8/2/2019, 4:09:18 PM] Request received on: /career/15-1132.00/92116/25
[8/2/2019, 4:09:37 PM] Request received on: /career/15-1132.00/92116/25
[8/2/2019, 4:09:49 PM] Request received on: /career/15-1132.00/92116/25
[8/2/2019, 4:10:01 PM] Request received on: /career/15-1132.00/92116/25
[8/2/2019, 4:10:08 PM] Request received on: /career/15-1132.00/92116/25
[8/2/2019, 4:10:44 PM] Request received on: /career/15-1132.00/92116/25
[8/2/2019, 4:10:58 PM] Request received on: /career/15-1132.00/92116/25
[8/2/2019, 4:11:06 PM] Request received on: /career/15-1132.00/92116/25
[8/2/2019, 4:11:29 PM] Request received on: /career/15-1132.00/92116/25
[8/2/2019, 4:19:58 PM] Request received on: /career/15-1132.00/92116/25
[8/2/2019, 4:20:22 PM] Request received on: /career/15-1132.00/92116/25
[8/2/2019, 4:20:36 PM] Request received on: /career/15-1132.00/92116/25
[8/2/2019, 4:20:59 PM] Request received on: /career/15-1132.00/92116/25
[8/2/2019, 4:21:26 PM] Request received on: /career/15-1132.00/92116/25
[8/2/2019, 4:21:42 PM] Request received on: /career/15-1132.00/92116/25
[8/2/2019, 4:21:54 PM] Request received on: /career/15-1132.00/92116/25
[8/2/2019, 4:24:34 PM] Request received on: /career/15-1132.00/92116/25
[8/2/2019, 4:24:42 PM] Request received on: /career/15-1132.00/92116/25
[8/2/2019, 4:25:07 PM] Request received on: /career/15-1132.00/90001/25
[8/2/2019, 4:27:27 PM] Request received on: /career/15-1132.00/92116/25
[8/2/2019, 4:27:53 PM] Request received on: /career/15-1132.00/92116/25
[8/2/2019, 4:27:56 PM] Request received on: /career/15-1132.00/92116/25
[8/2/2019, 4:28:16 PM] Request received on: /career/15-1132.00/92116/25
[8/2/2019, 4:28:32 PM] Request received on: /career/15-1132.00/92116/25
[8/2/2019, 4:28:48 PM] Request received on: /career/15-1132.00/92116/25
[8/2/2019, 4:29:01 PM] Request received on: /career/15-1132.00/92116/25
[8/2/2019, 4:29:37 PM] Request received on: /career/15-1132.00/92116/25
[8/2/2019, 4:29:46 PM] Request received on: /career/15-1132.00/92116/25
[8/2/2019, 4:30:25 PM] Request received on: /career/15-1132.00/92116/25
[8/2/2019, 4:30:33 PM] Request received on: /career/15-1132.00/92116/25
[8/2/2019, 4:30:37 PM] Request received on: /career/15-1132.00/92116/25
[8/2/2019, 4:30:59 PM] Request received on: /career/15-1132.00/92116/25
[8/2/2019, 4:31:05 PM] Request received on: /career/15-1132.00/92116/25
[8/2/2019, 4:31:29 PM] Request received on: /career/15-1132.00/92116/25
[8/2/2019, 4:31:41 PM] Request received on: /career/15-1132.00/92116/25
[8/2/2019, 4:31:51 PM] Request received on: /career/15-1132.00/92116/25
[8/2/2019, 4:32:05 PM] Request received on: /career/15-1132.00/92111/25
[8/2/2019, 4:32:13 PM] Request received on: /career/15-1132.00/90001/25
[8/2/2019, 4:32:21 PM] Request received on: /career/15-1132.00/94016/25
[8/2/2019, 4:32:29 PM] Request received on: /career/15-1132.00/20001/25
[8/2/2019, 4:33:14 PM] Request received on: /career/15-1132.00/92116/25
[8/2/2019, 4:33:27 PM] Request received on: /career/15-1132.00/92116/25
[8/2/2019, 4:33:45 PM] Request received on: /career/15-1132.00/92116/25
[8/2/2019, 4:33:55 PM] Request received on: /career/15-1132.00/92116/25
[8/2/2019, 4:34:29 PM] Request received on: /career/15-1132.00/92116/25
[8/2/2019, 4:35:08 PM] Request received on: /career/15-1132.00/92116/25
[8/2/2019, 4:35:33 PM] Request received on: /career/15-1132.00/92116/25
[8/2/2019, 4:35:37 PM] Request received on: /career/15-1132.00/92111/25
[8/2/2019, 4:35:39 PM] Request received on: /career/15-1132.00/92111/25
[8/2/2019, 4:35:45 PM] Request received on: /career/15-1132.00/20001/25
[8/2/2019, 4:36:55 PM] Request received on: /career/15-1132.00/20001/25
[8/2/2019, 4:37:09 PM] Request received on: /career/15-1132.00/20001/25
[8/2/2019, 4:37:24 PM] Request received on: /career/15-1132.00/20001/25
[8/2/2019, 4:37:40 PM] Request received on: /career/15-1132.00/20001/25
[8/2/2019, 4:37:54 PM] Request received on: /career/15-1132.00/92111/25
[8/2/2019, 4:40:54 PM] Request received on: /career/15-1132.00/92111/25
[8/2/2019, 4:41:42 PM] Request received on: /career/15-1132.00/92111/25
[8/2/2019, 4:44:09 PM] Request received on: /career/15-1132.00/92111/25
[8/2/2019, 4:45:14 PM] Request received on: /career/15-1132.00/92111/25
[8/2/2019, 4:47:52 PM] Request received on: /career/15-1132.00/92111/100
[8/2/2019, 4:48:13 PM] Request received on: /career/15-1132.00/92111/25
[8/2/2019, 4:48:17 PM] Request received on: /career/15-1132.00/92111/25
[8/2/2019, 4:48:30 PM] Request received on: /career/15-1132.00/92111/25
[8/2/2019, 4:50:57 PM] Request received on: /career/15-1132.00/92111/25
[8/2/2019, 4:51:13 PM] Request received on: /career/15-1132.00/92111/25
[8/2/2019, 4:51:30 PM] Request received on: /career/15-1132.00/92111/25
[8/2/2019, 4:52:28 PM] Request received on: /career/15-1132.00/92111/25
[8/2/2019, 4:52:30 PM] Request received on: /career/15-1132.00/Invalid/25
[8/2/2019, 4:52:33 PM] Request received on: /career/15-1132.00/92111/25
[8/2/2019, 4:53:24 PM] Request received on: /career/15-1132.00/92111/25
[8/2/2019, 4:53:28 PM] Request received on: /career/15-1132.00/92111/25
[8/2/2019, 4:53:36 PM] Request received on: /career/15-1132.00/92111/25
[8/2/2019, 4:53:39 PM] Request received on: /career/15-1132.00/92111/25
[8/2/2019, 4:54:24 PM] Request received on: /career/15-1132.00/92111/25
[8/2/2019, 4:54:35 PM] Request received on: /career/15-1132.00/92111/25
[8/2/2019, 4:54:37 PM] Request received on: /career/15-1132.00/92111/25
[8/2/2019, 4:54:41 PM] Request received on: /career/15-1132.00/92111/25
[8/2/2019, 4:54:52 PM] Request received on: /career/15-1132.00/92111/25
[8/2/2019, 4:56:19 PM] Request received on: /career/15-1132.00/92111/25
[8/2/2019, 4:56:24 PM] Request received on: /career/15-1132.00/92111/25
[8/2/2019, 4:57:01 PM] Request received on: /career/15-1132.00/92111/25
[8/2/2019, 4:57:59 PM] Request received on: /career/15-1132.00/92111/25
[8/2/2019, 4:58:01 PM] Request received on: /career/15-1132.00/92116/25
[8/2/2019, 4:58:10 PM] Request received on: /career/15-1132.00/92116/25
[8/2/2019, 4:58:17 PM] Request received on: /career/15-1132.00/92111/25
[8/2/2019, 4:58:23 PM] Request received on: /career/15-1132.00/92111/25
[8/2/2019, 5:04:16 PM] Request received on: /program/1
[8/2/2019, 5:04:31 PM] Request received on: /program/2
[8/2/2019, 5:04:31 PM] Request received on: /program/3
[8/2/2019, 5:04:32 PM] Request received on: /program/4
[8/2/2019, 5:04:33 PM] Request received on: /program/3
[8/2/2019, 5:04:36 PM] Request received on: /career/13-2011.01/92116/25
[8/2/2019, 5:05:38 PM] Request received on: /career/13-2011.01/90001/25
[8/2/2019, 5:08:25 PM] Request received on: /career/13-2011.01/90001/25
[8/2/2019, 5:08:33 PM] Request received on: /career/13-2011.01/90001/25
[8/2/2019, 5:08:48 PM] Request received on: /career/13-2011.01/90001/25
[8/2/2019, 5:09:06 PM] Request received on: /career/13-2011.01/90001/25
[8/2/2019, 5:09:08 PM] Request received on: /career/13-2011.01/90001/25
[8/2/2019, 5:10:37 PM] Request received on: /program/3
[8/2/2019, 5:10:39 PM] Request received on: /career/13-2011.01/90001/25
[8/2/2019, 5:11:08 PM] Request received on: /program/3
